
==============================
OUTPUT: D:\Output\Lollipop\81CG new_Lollipop.mp4
INPUTS:
\\MINGSEO2\Khay den\81CG new.mp4
\\MINGSEO2\Khay den\ASMR 2.0\73CE\73CE.mp4
\\MINGSEO2\Khay den\ASMR\V48\v48.mp4
\\MINGSEO2\Khay den\ASMR 2.0\130CC-Hiếu\130CC-Hiếu.mp4
\\MINGSEO2\Khay den\ASMR\V304\V304-sua.mp4
\\MINGSEO2\Khay den\ASMR\V206\v206.mp4
\\MINGSEO2\Khay den\ASMR 2.0\198LA\198LA.mp4

==============================

==============================
OUTPUT: D:\Output\Lollipop\v89_Lollipop.mp4
INPUTS:
\\MINGSEO2\Khay den\ASMR\V89\v89.mp4
\\MINGSEO2\Khay den\ASMR\V312\V312-k2.mp4
\\MINGSEO2\Khay den\ASMR\V144\v144.mp4
\\MINGSEO2\Khay den\ASMR 2.0\83CG\83CG.mp4
\\MINGSEO2\Khay den\ASMR\V36\v36b.mp4
\\MINGSEO2\Khay den\ASMR\V40\v40b.mp4
\\MINGSEO2\Khay den\ASMR 2.0\139CD\139CD.mp4

==============================

==============================
OUTPUT: D:\Output\Lollipop\v92_Lollipop.mp4
INPUTS:
\\MINGSEO2\Khay den\ASMR\V92\v92.mp4
\\MINGSEO2\Khay den\ASMR\V382\V382.H.mp4
\\MINGSEO2\Khay den\ASMR 2.0\231DB\231DB.mp4
\\MINGSEO2\Khay den\ASMR 2.0\169DD\169DD.mp4
\\MINGSEO2\Khay den\ASMR\V117\v117.mp4
\\MINGSEO2\Khay den\ASMR\V366\V366.H.mp4
\\MINGSEO2\Khay den\ASMR\V355\V355.H.mp4
\\MINGSEO2\Khay den\ASMR\V192\V192-k1.mp4

==============================

==============================
OUTPUT: D:\Output\Lollipop\v159_Lollipop.mp4
INPUTS:
\\MINGSEO2\Khay den\ASMR\V159\v159.mp4
\\MINGSEO2\Khay den\ASMR\V361\V361.H.mp4
\\MINGSEO2\Khay den\ASMR 2.0\55CC\55CC.mp4
\\MINGSEO2\Khay den\ASMR\V6\vid v6.mp4
\\MINGSEO2\Khay den\ASMR 2.0\205LF\205LF.mp4
\\MINGSEO2\Khay den\229DB\229DB.mp4
\\MINGSEO2\Khay den\ASMR\V7\vid v7.mp4
\\MINGSEO2\Khay den\ASMR\V263\v263-K2-new.mp4
\\MINGSEO2\Khay den\ASMR 2.0\131CC-Hiếu\131CC-Hiếu.mp4

==============================

==============================
OUTPUT: D:\Output\Lollipop\247BD_Lollipop.mp4
INPUTS:
\\MINGSEO2\Khay den\247BD\247BD.mp4
\\MINGSEO2\Khay den\ASMR\V151\v151.mp4
\\MINGSEO2\Khay den\ASMR 2.0\183LC\183LC.mp4
\\MINGSEO2\Khay den\ASMR\V262\V262-k1-new.mp4
\\MINGSEO2\Khay den\ASMR\V76\v76.mp4
\\MINGSEO2\Khay den\ASMR 2.0\174LC\174LC.mp4
\\MINGSEO2\Khay den\ASMR\V212\v212.mp4

==============================

==============================
OUTPUT: D:\Output\Lollipop\236BE_Lollipop.mp4
INPUTS:
\\MINGSEO2\Khay den\236BE\236BE.mp4
\\MINGSEO2\Khay den\ASMR\V162\V162-k1.mp4
\\MINGSEO2\Khay den\ASMR\V98\v98.mp4
\\MINGSEO2\Khay den\ASMR 2.0\168CC\168CC.mp4

==============================

==============================
OUTPUT: D:\Output\Lollipop\246BD_Lollipop.mp4
INPUTS:
\\MINGSEO2\Khay den\246BD\246BD.mp4
\\MINGSEO2\Khay den\ASMR\V302\V302-new2.mp4
\\MINGSEO2\Khay den\ASMR 2.0\85CA\85CA.mp4
\\MINGSEO2\Khay den\ASMR\V345\V345.H.mp4
\\MINGSEO2\Khay den\ASMR\V103\v103.mp4
\\MINGSEO2\Khay den\ASMR 2.0\136CD\136CD.mp4
\\MINGSEO2\Khay den\ASMR 2.0\223DF\223DF.mp4
\\MINGSEO2\Khay den\ASMR 2.0\105CA\105CA.mp4

==============================

==============================
OUTPUT: D:\Output\Lollipop\243BD_Lollipop.mp4
INPUTS:
\\MINGSEO2\Khay den\243BD\243BD.mp4
\\MINGSEO2\Khay den\ASMR 2.0\209LC\209LC.mp4
\\MINGSEO2\Khay den\ASMR 2.0\203LF\203LF.mp4
\\MINGSEO2\Khay den\ASMR\V330\v330.mp4
\\MINGSEO2\Khay den\ASMR\V2\v2 sua lai 2.mp4
\\MINGSEO2\Khay den\ASMR\V210\v210 sua lai 2.mp4
\\MINGSEO2\Khay den\ASMR\V109\v109.mp4

==============================

==============================
OUTPUT: D:\Output\Lollipop\242BD_Lollipop.mp4
INPUTS:
\\MINGSEO2\Khay den\242BD\242BD.mp4
\\MINGSEO2\Khay den\ASMR 2.0\74CE\74CE.mp4
\\MINGSEO2\Khay den\ASMR 2.0\180LC\180LC.mp4
\\MINGSEO2\Khay den\ASMR\V34\v34b.mp4
\\MINGSEO2\Khay den\ASMR\V291\V291-k2.mp4
\\MINGSEO2\Khay den\ASMR 2.0\195LA\195LA.mp4
\\MINGSEO2\Khay den\ASMR\V375\V375.H.mp4

==============================

==============================
OUTPUT: D:\Output\Lollipop\235BE_Lollipop.mp4
INPUTS:
\\MINGSEO2\Khay den\235BE\235BE.mp4
\\MINGSEO2\Khay den\ASMR\V84\v84.mp4
\\MINGSEO2\Khay den\ASMR\V235\V235-k2.TA.mp4

==============================

==============================
OUTPUT: D:\Output\Lollipop\222DF_Lollipop.mp4
INPUTS:
\\MINGSEO2\Khay den\222DF\222DF.mp4
\\MINGSEO2\Khay den\ASMR\V272\V272.mp4
\\MINGSEO2\Khay den\ASMR\V320\V320.H.mp4
\\MINGSEO2\Khay den\ASMR\V64\v64.mp4

==============================

==============================
OUTPUT: D:\Output\Lollipop\248BC_Lollipop.mp4
INPUTS:
\\MINGSEO2\Khay den\248BC\248BC.mp4
\\MINGSEO2\Khay den\ASMR\V339\V339.H.mp4
\\MINGSEO2\Khay den\ASMR\V107\v107.mp4
\\MINGSEO2\Khay den\ASMR 2.0\70CG\70CG.mp4
\\MINGSEO2\Khay den\ASMR\V83\v83.mp4
\\MINGSEO2\Khay den\ASMR 2.0\173LD\173LD.mp4
\\MINGSEO2\Khay den\ASMR 2.0\124CE\124CE.mp4
\\MINGSEO2\Khay den\ASMR\V328\v328.mp4
\\MINGSEO2\Khay den\ASMR\V88\v88.mp4
\\MINGSEO2\Khay den\ASMR 2.0\159CC\159CC.mp4

==============================

==============================
OUTPUT: D:\Output\Lollipop\250BC_Lollipop.mp4
INPUTS:
\\MINGSEO2\Khay den\250B\250BC.mp4
\\MINGSEO2\Khay den\ASMR 2.0\197LB\197LB.mp4
\\MINGSEO2\Khay den\ASMR\V179\V179.mp4
\\MINGSEO2\Khay den\ASMR\V207\v207.mp4
\\MINGSEO2\Khay den\ASMR\V122\v122.mp4
\\MINGSEO2\Khay den\ASMR 2.0\149CD\149CD.mp4

==============================

==============================
OUTPUT: D:\Output\Lollipop\244BE_Lollipop.mp4
INPUTS:
\\MINGSEO2\Khay den\244BE\244BE.mp4
\\MINGSEO2\Khay den\ASMR\V353\V353.H.mp4
\\MINGSEO2\Khay den\ASMR 2.0\153CD\153CD.mp4
\\MINGSEO2\Khay den\ASMR\V245\v245.mp4
\\MINGSEO2\Khay den\ASMR\V186\v186.mp4
\\MINGSEO2\Khay den\ASMR\V271\V271-k2.mp4
\\MINGSEO2\Khay den\ASMR 2.0\218LF\218LF.mp4

==============================

==============================
OUTPUT: D:\Output\Lollipop\245BE_Lollipop.mp4
INPUTS:
\\MINGSEO2\Khay den\245BE\245BE.mp4
\\MINGSEO2\Khay den\ASMR\V213\v213.mp4
\\MINGSEO2\Khay den\ASMR\V216\v216 sua lai.mp4
\\MINGSEO2\Khay den\ASMR 2.0\77CE\77CE.mp4
\\MINGSEO2\Khay den\ASMR 2.0\60CC\60CC.mp4
\\MINGSEO2\Khay den\ASMR 2.0\237BB\237BB.mp4
\\MINGSEO2\Khay den\ASMR\V171\v171.mp4
\\MINGSEO2\Khay den\ASMR\V134\v134.mp4

==============================

==============================
OUTPUT: D:\Output\Lollipop\251BE_Lollipop.mp4
INPUTS:
\\MINGSEO2\Khay den\251BE\251BE.mp4
\\MINGSEO2\Khay den\ASMR\V265\v265 sua lai.mp4
\\MINGSEO2\Khay den\ASMR 2.0\222DF\222DF.mp4
\\MINGSEO2\Khay den\ASMR\V157\v157.mp4
\\MINGSEO2\Khay den\ASMR\V32\v32b.mp4

==============================

==============================
OUTPUT: D:\Output\Lollipop\252BE_Lollipop.mp4
INPUTS:
\\MINGSEO2\Khay den\252BE\252BE.mp4
\\MINGSEO2\Khay den\ASMR 2.0\79CG\79CG.mp4
\\MINGSEO2\Khay den\ASMR\V384\V384.H.mp4
\\MINGSEO2\Khay den\ASMR 2.0\247BD\247BD.mp4

==============================

==============================
OUTPUT: D:\Output\Lollipop\253BE_Lollipop.mp4
INPUTS:
\\MINGSEO2\Khay den\253BB\253BE.mp4
\\MINGSEO2\Khay den\ASMR\V93\v93.mp4
\\MINGSEO2\Khay den\ASMR 2.0\158CC\158CC.mp4
\\MINGSEO2\Khay den\ASMR\V307\V307-k2.mp4
\\MINGSEO2\Khay den\ASMR 2.0\210LC\210LC.mp4
\\MINGSEO2\Khay den\ASMR\V63\v63.mp4

==============================

==============================
OUTPUT: D:\Output\Lollipop\82CG new_Lollipop.mp4
INPUTS:
\\auto\Short\đã ghép\Minh\Long\Khay đen\Video khai thác lại\82CG new.mp4
\\MINGSEO2\Khay den\ASMR 2.0\229DB\229DB.mp4
\\MINGSEO2\Khay den\ASMR 2.0\103CA\103CA.mp4
\\MINGSEO2\Khay den\ASMR\V42\v42b.mp4
\\MINGSEO2\Khay den\ASMR 2.0\86CB\86CB.mp4
\\MINGSEO2\Khay den\ASMR 2.0\72CE\72CE.mp4
\\MINGSEO2\Khay den\ASMR\V266\v266 sua lai.mp4

==============================

==============================
OUTPUT: D:\Output\Lollipop\83CG new_Lollipop.mp4
INPUTS:
\\auto\Short\đã ghép\Minh\Long\Khay đen\Video khai thác lại\83CG new.mp4
\\MINGSEO2\Khay den\ASMR\V321\V321.H.mp4
\\MINGSEO2\Khay den\ASMR\V120\v120.mp4
\\MINGSEO2\Khay den\ASMR\V266\v266 sua lai.mp4
\\MINGSEO2\Khay den\ASMR 2.0\117CA\117CA.mp4
\\MINGSEO2\Khay den\ASMR\V129\v129.mp4
\\MINGSEO2\Khay den\ASMR 2.0\235BE\235BE.mp4
\\MINGSEO2\Khay den\ASMR\V277\V277-k2.mp4

==============================

==============================
OUTPUT: D:\Output\Lollipop\255BE_Lollipop.mp4
INPUTS:
\\MINGSEO2\Khay den\255BB\255BE.mp4
\\MINGSEO2\Khay den\ASMR 2.0\230DB\230DB.mp4
\\MINGSEO2\Khay den\ASMR\V108\v108.mp4
\\MINGSEO2\Khay den\ASMR\V301\V301-k2.mp4
\\MINGSEO2\Khay den\ASMR 2.0\227DD\227DD.mp4
\\MINGSEO2\Khay den\ASMR\V288\V288-k1.mp4
\\MINGSEO2\Khay den\ASMR\V140\V140.mp4

==============================

==============================
OUTPUT: D:\Output\Lollipop\257BB_Lollipop.mp4
INPUTS:
\\MINGSEO2\Khay den\257BB\257BB.mp4
\\MINGSEO2\Khay den\ASMR\V45\v45b.mp4
\\MINGSEO2\Khay den\ASMR\V191\V191-k2_1.mp4
\\MINGSEO2\Khay den\ASMR\V125\v125.mp4
\\MINGSEO2\Khay den\ASMR\V261\V261-k2.mp4
\\MINGSEO2\Khay den\ASMR\V167\v167.mp4
\\MINGSEO2\Khay den\ASMR\V364\V364.H.mp4
\\MINGSEO2\Khay den\ASMR 2.0\129CC-Hiếu\129CC-Hiếu.mp4

==============================

==============================
OUTPUT: D:\Output\Lollipop\259BB_Lollipop.mp4
INPUTS:
\\MINGSEO2\Khay den\259BB\259BB.mp4
\\MINGSEO2\Khay den\ASMR\V45\v45b.mp4
\\MINGSEO2\Khay den\ASMR\V47\v47.mp4
\\MINGSEO2\Khay den\ASMR\V303\V303-sua.mp4
\\MINGSEO2\Khay den\ASMR\V380\V380.H.mp4
\\MINGSEO2\Khay den\ASMR 2.0\182LC\182LC.mp4

==============================

==============================
OUTPUT: D:\Output\Lollipop\264BC_Lollipop.mp4
INPUTS:
\\MINGSEO2\Khay den\264BC\264BC.mp4
\\MINGSEO2\Khay den\ASMR\V1\v1.mp4
\\MINGSEO2\Khay den\ASMR\V52\v52 sửa lại.mp4
\\MINGSEO2\Khay den\ASMR\V153\v153.mp4
\\MINGSEO2\Khay den\ASMR 2.0\190LE\190LE.mp4
\\MINGSEO2\Khay den\ASMR\V41\v41b.mp4
\\MINGSEO2\Khay den\ASMR\V198\v198.mp4
\\MINGSEO2\Khay den\ASMR\V264\v264-K1-new.mp4

==============================

==============================
OUTPUT: D:\Output\Lollipop\263BC_Lollipop.mp4
INPUTS:
\\MINGSEO2\Khay den\263BC\263BC.mp4
\\MINGSEO2\Khay den\ASMR\V70\v70.mp4

==============================

==============================
OUTPUT: D:\Output\Lollipop\263BC_Lollipop.mp4
INPUTS:
\\MINGSEO2\Khay den\263BC\263BC.mp4
\\MINGSEO2\Khay den\ASMR\V100\V100.mp4
\\MINGSEO2\Khay den\ASMR 2.0\224DF\UP.mp4
\\MINGSEO2\Khay den\ASMR\V44\v44b.mp4
\\MINGSEO2\Khay den\ASMR\V169\v169.mp4
\\MINGSEO2\Khay den\ASMR 2.0\236BE\236BE.mp4
\\MINGSEO2\Khay den\ASMR\V309\V309-k2.mp4
\\MINGSEO2\Khay den\ASMR 2.0\59CC\59CC.mp4

==============================
