
==============================
OUTPUT: D:\Output\Doll\v26 (2)_Doll.mp4
INPUTS:
\\seo_no_luc\Unboxing doll\Doll\Video\v26 (2).mp4
F:\Doll\Video\v100 sửa lại.mp4
F:\Doll\Video\v17.mp4
F:\Doll\Video\v42 (2).mp4
F:\Doll\Video\v22 sua lai.mp4
F:\Doll\Video\E54_new.mp4
F:\Doll\Video\v94 (2).mp4
F:\Doll\Video\E69 sửa.mp4

==============================

==============================
OUTPUT: D:\Output\Doll\v29 (2)_Doll.mp4
INPUTS:
\\seo_no_luc\Unboxing doll\Doll\Video\v29 (2).mp4
F:\Doll\Video\v36.mp4
F:\Doll\Video\v5 rm.mp4
F:\Doll\Video\v121.mp4
F:\Doll\Video\v132 sua lai.mp4
F:\Doll\Video\E88.H - play (sửa)mp4.mp4
F:\Doll\Video\43CE.mp4
F:\Doll\Video\v9.mp4
F:\Doll\Video\V153-k2.mp4
F:\Doll\Video\Doll-k1-v104 - duyệt.mp4

==============================

==============================
OUTPUT: D:\Output\Doll\v29 (2)_Doll.mp4
INPUTS:
\\seo_no_luc\Unboxing doll\Doll\Video\v29 (2).mp4
F:\Doll\Video\v56 rm.mp4
F:\Doll\Video\v92 (2).mp4
F:\Doll\Video\E83.mp4
F:\Doll\Video\E61N.mp4
F:\Doll\Video\v4 (2).mp4
F:\Doll\Video\v107 (2).mp4

==============================

==============================
OUTPUT: D:\Output\Doll\v23_Doll.mp4
INPUTS:
\\seo_no_luc\Unboxing doll\Doll\Video\v23.mp4
F:\Doll\Video\v64 rm.mp4
F:\Doll\Video\v132 sua lai.mp4
F:\Doll\Video\v15 sua lai.mp4
F:\Doll\Video\v57.mp4
F:\Doll\Video\v18 (2).mp4
F:\Doll\Video\v86.mp4

==============================

==============================
OUTPUT: D:\Output\Doll\v29 (2)_Doll.mp4
INPUTS:
\\seo_no_luc\Unboxing doll\Doll\Video\v29 (2).mp4
F:\Doll\Video\v41.mp4
F:\Doll\Video\v90 (2).mp4
F:\Doll\Video\E87.H - play (sửa).mp4
F:\Doll\Video\v48 rm.mp4
F:\Doll\Video\v112.mp4
F:\Doll\Video\v100.mp4
F:\Doll\Video\E57N_new.mp4

==============================

==============================
OUTPUT: D:\Output\Doll\v23_Doll.mp4
INPUTS:
\\seo_no_luc\Unboxing doll\Doll\Video\v23.mp4
F:\Doll\Video\V136-k2.mp4
F:\Doll\Video\V108.H.mp4
F:\Doll\Video\v34 (2).mp4
F:\Doll\Video\v57 (3).mp4
F:\Doll\Video\Doll-k1-v103 - duyệt.mp4
F:\Doll\Video\v28 rm.mp4
F:\Doll\Video\V75.H-play - duyệt.mp4

==============================

==============================
OUTPUT: D:\Output\Doll\v40 sửa lại_Doll.mp4
INPUTS:
\\seo_no_luc\Unboxing doll\Doll\Video\v40 sửa lại.mp4
F:\Doll\Video\V149-k1-new.mp4
F:\Doll\Video\32CE.mp4
F:\Doll\Video\v82 sua lai.mp4
F:\Doll\Video\v17 (2).mp4
F:\Doll\Video\v52 (2).mp4

==============================

==============================
OUTPUT: D:\Output\Doll\v41 rm_Doll.mp4
INPUTS:
\\seo_no_luc\Unboxing doll\Doll\Video\v41 rm.mp4
F:\Doll\Video\v53 (3).mp4
F:\Doll\Video\v34.mp4
F:\Doll\Video\v50 sua lai.mp4
F:\Doll\Video\v106 (2).mp4
F:\Doll\Video\v4.mp4
F:\Doll\Video\v52 rm.mp4

==============================

==============================
OUTPUT: D:\Output\Doll\v43_Doll.mp4
INPUTS:
\\seo_no_luc\Unboxing doll\Doll\Video\v43.mp4
F:\Doll\Video\v6.mp4
F:\Doll\Video\v18 (3).mp4
F:\Doll\Video\V146-k2.mp4
F:\Doll\Video\v77rm.mp4
F:\Doll\Video\43CE.mp4

==============================

==============================
OUTPUT: D:\Output\Doll\43CE sua lai_Doll.mp4
INPUTS:
\\seo_no_luc\Unboxing doll\Doll\Video\43CE sua lai.mp4
F:\Doll\Video\34CE.mp4
F:\Doll\Video\v56.mp4
F:\Doll\Video\V155-new-k1.mp4
F:\Doll\Video\v14 (3).mp4

==============================

==============================
OUTPUT: D:\Output\Doll\v41 sửa lại_Doll.mp4
INPUTS:
\\seo_no_luc\Unboxing doll\Doll\Video\v41 sửa lại.mp4
F:\Doll\Video\v6 (2).mp4
F:\Doll\Video\v63t rm.mp4
F:\Doll\Video\v72.mp4
F:\Doll\Video\v58.mp4

==============================
