
==============================
OUTPUT: D:\Output\Thomas\V470-sua_Thomas.mp4
INPUTS:
\\seo_no_luc\Unboxing doll\Thomas\V470-sua.mp4
F:\Thomas\E121-new.mp4
F:\Thomas\E204.mp4
F:\Thomas\v43.mp4

==============================

==============================
OUTPUT: D:\Output\Thomas\V469-sua_Thomas.mp4
INPUTS:
\\seo_no_luc\Unboxing doll\Thomas\V469-sua.mp4
F:\Thomas\v50.1.mp4
F:\Thomas\E330.H - play.mp4
F:\Thomas\V79.mp4

==============================

==============================
OUTPUT: D:\Output\Thomas\V468_Thomas.mp4
INPUTS:
\\seo_no_luc\Unboxing doll\Thomas\V468.mp4
F:\Thomas\E204.mp4
F:\Thomas\E133.mp4
F:\Thomas\v86 sua lai.mp4
F:\Thomas\E193.mp4

==============================

==============================
OUTPUT: D:\Output\Thomas\V467_Thomas.mp4
INPUTS:
\\seo_no_luc\Unboxing doll\Thomas\V467.mp4
F:\Thomas\E311.mp4
F:\Thomas\v237.mp4
F:\Thomas\v104.mp4
F:\Thomas\E276.mp4

==============================

==============================
OUTPUT: D:\Output\Thomas\V466-sua_sua_Thomas.mp4
INPUTS:
\\seo_no_luc\Unboxing doll\Thomas\V466-sua_sua.mp4
F:\Thomas\v23.mp4
F:\Thomas\V97.mp4
F:\Thomas\E357.H - play.mp4

==============================

==============================
OUTPUT: D:\Output\Thomas\V468_Thomas.mp4
INPUTS:
\\seo_no_luc\Unboxing doll\Thomas\V468.mp4
F:\Thomas\E260.mp4
F:\Thomas\E397.H.mp4
F:\Thomas\E324.mp4
F:\Thomas\v102.mp4

==============================

==============================
OUTPUT: D:\Output\Thomas\V467_Thomas.mp4
INPUTS:
\\seo_no_luc\Unboxing doll\Thomas\V467.mp4
F:\Thomas\V479.mp4
F:\Thomas\v48.mp4
F:\Thomas\v249.mp4
F:\Thomas\E222.mp4

==============================

==============================
OUTPUT: D:\Output\Thomas\V466-sua_sua_Thomas.mp4
INPUTS:
\\seo_no_luc\Unboxing doll\Thomas\V466-sua_sua.mp4
F:\Thomas\V456.H.mp4
F:\Thomas\E171.mp4
F:\Thomas\E263.mp4
F:\Thomas\v99.mp4

==============================

==============================
OUTPUT: D:\Output\Thomas\V465_Thomas.mp4
INPUTS:
\\seo_no_luc\Unboxing doll\Thomas\V465.mp4
F:\Thomas\V455.H.mp4
F:\Thomas\V171.H - play - Duyệt.mp4
F:\Thomas\E297_1.mp4
F:\Thomas\V485-new.mp4

==============================

==============================
OUTPUT: D:\Output\Thomas\V464_Thomas.mp4
INPUTS:
\\seo_no_luc\Unboxing doll\Thomas\V464.mp4
F:\Thomas\V210.H - play - Duyệt.mp4
F:\Thomas\V448.H.mp4
F:\Thomas\E239.mp4
F:\Thomas\V109 sửa.mp4

==============================

==============================
OUTPUT: D:\Output\Thomas\V463-sua_Thomas.mp4
INPUTS:
\\seo_no_luc\Unboxing doll\Thomas\V463-sua.mp4
F:\Thomas\E328.H - play.mp4
F:\Thomas\E385H - play.mp4
F:\Thomas\V170.H - play - Duyệt.mp4
F:\Thomas\V460.mp4

==============================

==============================
OUTPUT: D:\Output\Thomas\V462_Thomas.mp4
INPUTS:
\\seo_no_luc\Unboxing doll\Thomas\V462.mp4
F:\Thomas\V178.H - play - Duyệt.mp4
F:\Thomas\E326.H - play.mp4
F:\Thomas\V449.H.mp4
F:\Thomas\E182N.mp4

==============================

==============================
OUTPUT: D:\Output\Thomas\V461_Thomas.mp4
INPUTS:
\\seo_no_luc\Unboxing doll\Thomas\V461.mp4
F:\Thomas\V95.mp4
F:\Thomas\V202.H - play - Duyệt.mp4
F:\Thomas\E186.mp4
F:\Thomas\E317.H - play - Duyệt.mp4

==============================

==============================
OUTPUT: D:\Output\Thomas\V460_Thomas.mp4
INPUTS:
\\seo_no_luc\Unboxing doll\Thomas\V460.mp4
F:\Thomas\E192.mp4
F:\Thomas\v235.mp4

==============================

==============================
OUTPUT: D:\Output\Thomas\V459_Thomas.mp4
INPUTS:
\\seo_no_luc\Unboxing doll\Thomas\V459.mp4
F:\Thomas\v1 có nhạc nền.mp4 2.mp4
F:\Thomas\E289.mp4
F:\Thomas\V481.mp4

==============================

==============================
OUTPUT: D:\Output\Thomas\V458_Thomas.mp4
INPUTS:
\\seo_no_luc\Unboxing doll\Thomas\V458.mp4
F:\Thomas\E380.H (sua).mp4
F:\Thomas\E257.mp4
F:\Thomas\E319.H - play - Duyệt.mp4

==============================

==============================
OUTPUT: D:\Output\Thomas\V457.H_Thomas.mp4
INPUTS:
\\seo_no_luc\Unboxing doll\Thomas\V457.H.mp4
F:\Thomas\K1-37-v80 - duyệt.mp4
F:\Thomas\v341.mp4

==============================

==============================
OUTPUT: D:\Output\Thomas\V456.H_Thomas.mp4
INPUTS:
\\seo_no_luc\Unboxing doll\Thomas\V456.H.mp4
F:\Thomas\v35 sua lai.mp4
F:\Thomas\E69.mp4

==============================

==============================
OUTPUT: D:\Output\Thomas\100_Thomas.mp4
INPUTS:
\\auto\Short\đã ghép\Minh\Long\Unboxing Doll\Unboxing\100.mp4
F:\Thomas\V492.mp4

==============================
