
==============================
OUTPUT: D:\Output\Tractor\851YHF co thoai_Tractor.mp4
INPUTS:
\\SEO_NO_LUC\Tractor\Short - other\851YHF co thoai.mp4
D:\Video\352C thu âm.mp4
D:\Video\342C thu âm.mp4
D:\Video\390C.mp4
D:\Video\719EH.mp4
D:\Video\666HD.mp4
D:\Video\161.mp4
D:\Video\685HA.mp4
D:\Video\741EKB.mp4
D:\Video\203-.mp4
D:\Video\405.mp4
D:\Video\782AKD.mp4
D:\Video\697H.mp4
D:\Video\813ADD.mp4
D:\Video\360A mini1.mp4
D:\Video\108.mp4
D:\Video\117.mp4
D:\Video\454FA mini1.mp4
D:\Video\646HB.mp4
D:\Video\278D.mp4
D:\Video\637HD.mp4
D:\Video\104.mp4

==============================

==============================
OUTPUT: D:\Output\Tractor\849YDB thoại_Tractor.mp4
INPUTS:
\\SEO_NO_LUC\Tractor\Short - other\849YDB thoại.mp4
D:\Video\231A mini1.mp4
D:\Video\688K Sơn.mp4
D:\Video\826ADF.mp4
D:\Video\757EHE.mp4
D:\Video\687GB.mp4
D:\Video\202.mp4
D:\Video\641GC.mp4
D:\Video\211.mp4
D:\Video\244-.mp4
D:\Video\762AGF.mp4
D:\Video\440.mp4
D:\Video\145.mp4
D:\Video\848HB.mp4
D:\Video\466FD.mp4
D:\Video\398C.mp4
D:\Video\728AKD.mp4
D:\Video\150.mp4
D:\Video\204A mini1 phu.mp4
D:\Video\325A mini GHEP.mp4
D:\Video\669KB.mp4

==============================

==============================
OUTPUT: D:\Output\Tractor\842YHF co thoai_Tractor.mp4
INPUTS:
\\SEO_NO_LUC\Tractor\Short - other\842YHF co thoai.mp4
D:\Video\528HD.mp4
D:\Video\292D.mp4
D:\Video\567FA.mp4
D:\Video\406A mini1.mp4
D:\Video\455A mini1.mp4
D:\Video\104.mp4
D:\Video\658HB.mp4
D:\Video\688K Sơn.mp4
D:\Video\507HD.mp4
D:\Video\358C.mp4
D:\Video\669KB.mp4
D:\Video\562HD.mp4
D:\Video\257C.mp4
D:\Video\303C.mp4
D:\Video\254.mp4
D:\Video\191.mp4
D:\Video\773EGE co thoai.mp4
D:\Video\213A mini1.mp4
D:\Video\649KB.mp4
D:\Video\192.mp4

==============================

==============================
OUTPUT: D:\Output\Tractor\827AKD_Tractor.mp4
INPUTS:
\\SEO_NO_LUC\Tractor\Video\827AKD.mp4
D:\Video\240A mini1.mp4
D:\Video\230A mini1.mp4
D:\Video\272C.mp4
D:\Video\237.mp4
D:\Video\252.mp4
D:\Video\555DC.mp4
D:\Video\502GA.mp4
D:\Video\384D.mp4
D:\Video\281C.mp4
D:\Video\743EHD.mp4
D:\Video\298C.mp4
D:\Video\212.mp4
D:\Video\100.mp4
D:\Video\481HD.mp4
D:\Video\756AGD.mp4
D:\Video\189.mp4
D:\Video\839ADD.mp4
D:\Video\742AKD Thoai.mp4
D:\Video\823AHB.mp4
D:\Video\171.mp4

==============================

==============================
OUTPUT: D:\Output\Tractor\174_Tractor.mp4
INPUTS:
\\SEO_NO_LUC\Tractor\Video\174.mp4
D:\Video\645GD.mp4
D:\Video\332C.mp4
D:\Video\514HD_1.mp4
D:\Video\764AHE co thoai.mp4
D:\Video\816AKB.mp4
D:\Video\744AHF.mp4
D:\Video\554HD_1.mp4
D:\Video\214.mp4
D:\Video\140.mp4
D:\Video\182.mp4
D:\Video\300C.mp4
D:\Video\817AHD thoai .mp4
D:\Video\499GD.mp4
D:\Video\213D.mp4
D:\Video\204.mp4
D:\Video\763EKD.mp4
D:\Video\153.mp4
D:\Video\262D.mp4
D:\Video\315C.mp4
D:\Video\493HD.mp4
D:\Video\331D.mp4
D:\Video\263C.mp4

==============================

==============================
OUTPUT: D:\Output\Tractor\852HD_Tractor.mp4
INPUTS:
\\SEO_NO_LUC\Tractor\Video\852HD.mp4
D:\Video\472HA mini1.mp4
D:\Video\169.mp4
D:\Video\357C.mp4
D:\Video\745EKF.mp4
D:\Video\774AKE co thoai.mp4
D:\Video\517HD.mp4
D:\Video\552FA.mp4
D:\Video\729EG.mp4
D:\Video\758AGB.mp4
D:\Video\356A mini1.mp4
D:\Video\523DD.mp4
D:\Video\651HD.mp4
D:\Video\640GB.mp4
D:\Video\838ADF.mp4
D:\Video\217.mp4
D:\Video\483HD.mp4
D:\Video\387C.mp4
D:\Video\330C.mp4
D:\Video\759EHB.mp4
D:\Video\735EKE co thoai.mp4
D:\Video\710GE sua lai.mp4
D:\Video\282D.mp4

==============================

==============================
OUTPUT: D:\Output\Tractor\181_Tractor.mp4
INPUTS:
\\SEO_NO_LUC\Tractor\Video\181.mp4
D:\Video\172.mp4
D:\Video\351A mini thu am.mp4
D:\Video\170.mp4
D:\Video\836AHD.mp4
D:\Video\841YHB.mp4
D:\Video\451.mp4
D:\Video\533DC.mp4
D:\Video\107 mini1.mp4
D:\Video\182.mp4
D:\Video\194.mp4
D:\Video\441A mini1.mp4
D:\Video\433A mini1.mp4
D:\Video\829AHB.mp4
D:\Video\226A mini1.mp4
D:\Video\506HD.mp4
D:\Video\313C.mp4
D:\Video\154A mini1.mp4
D:\Video\490HD.mp4
D:\Video\795EKD.mp4
D:\Video\216A mini1.mp4
D:\Video\149.mp4

==============================

==============================
OUTPUT: D:\Output\Tractor\858HD_Tractor.mp4
INPUTS:
\\SEO_NO_LUC\Tractor\Video\858HD.mp4
D:\Video\468HA mini1.mp4
D:\Video\831AHB.mp4
D:\Video\689K_2.mp4
D:\Video\163.mp4
D:\Video\526HD.mp4
D:\Video\184.mp4
D:\Video\491HD.mp4
D:\Video\834AKD.mp4
D:\Video\487HD.mp4
D:\Video\146.mp4
D:\Video\106.mp4
D:\Video\541GA.mp4
D:\Video\340A mini thu am.mp4
D:\Video\299C.mp4
D:\Video\679GB.mp4
D:\Video\706AGE sua lai.mp4
D:\Video\694K.mp4
D:\Video\565KD.mp4
D:\Video\202A mini2.mp4
D:\Video\846YDB.mp4
D:\Video\535HC.mp4
D:\Video\522HA.mp4

==============================

==============================
OUTPUT: D:\Output\Tractor\853HKE_Tractor.mp4
INPUTS:
\\SEO_NO_LUC\Tractor\Video\853HKE.mp4
D:\Video\701EK.mp4
D:\Video\828AKF.mp4
D:\Video\395A mini1.mp4
D:\Video\702AGE sua lai.mp4
D:\Video\316C.mp4
D:\Video\844YHE.mp4
D:\Video\779EHF.mp4
D:\Video\219.mp4
D:\Video\791EHB.mp4
D:\Video\299C.mp4
D:\Video\508HD.mp4
D:\Video\123.mp4
D:\Video\197.mp4
D:\Video\164.mp4
D:\Video\306D.mp4
D:\Video\681HS.mp4
D:\Video\733EGD thoại .mp4
D:\Video\684HS.mp4
D:\Video\776AKB.mp4
D:\Video\842YHF.mp4
D:\Video\498HB_1.mp4
D:\Video\821AHE.mp4

==============================

==============================
OUTPUT: D:\Output\Tractor\857HB_Tractor.mp4
INPUTS:
\\SEO_NO_LUC\Tractor\Video\857HB.mp4
D:\Video\847YHD.mp4
D:\Video\314A mini ghep.mp4
D:\Video\207A mini phu.mp4
D:\Video\341A mini thu am.mp4
D:\Video\500GD.mp4
D:\Video\130.mp4
D:\Video\120.mp4
D:\Video\542HD.mp4
D:\Video\177.mp4
D:\Video\830AHB.mp4
D:\Video\133.mp4
D:\Video\537HA.mp4
D:\Video\556FD_2 (2).mp4
D:\Video\345C thu âm.mp4
D:\Video\648GB.mp4
D:\Video\662GD.mp4
D:\Video\457FD.mp4
D:\Video\784AKB.mp4
D:\Video\832AHF.mp4
D:\Video\364A mini1.mp4
D:\Video\264C.mp4

==============================

==============================
OUTPUT: D:\Output\Tractor\860HB_Tractor.mp4
INPUTS:
\\SEO_NO_LUC\Tractor\Video\860HB.mp4
D:\Video\420A mini1.mp4
D:\Video\738AGF.mp4
D:\Video\443 sửa.mp4
D:\Video\705EH - Thuận đã sửa.mp4
D:\Video\760AGB.mp4
D:\Video\312C.mp4
D:\Video\347D.mp4
D:\Video\736AHB.mp4
D:\Video\843YHD.mp4
D:\Video\564HC.mp4
D:\Video\112.mp4
D:\Video\867DB.mp4
D:\Video\294C.mp4
D:\Video\199.mp4
D:\Video\353C thu âm.mp4
D:\Video\323A mini ghep.mp4
D:\Video\408GD.mp4
D:\Video\463FA mini1.mp4
D:\Video\818AKD.mp4
D:\Video\383C.mp4
D:\Video\800AKB.mp4
D:\Video\680HS.mp4

==============================

==============================
OUTPUT: D:\Output\Tractor\867DB_Tractor.mp4
INPUTS:
\\SEO_NO_LUC\Tractor\Video\867DB.mp4
D:\Video\760AGB.mp4
D:\Video\804AGE.mp4
D:\Video\837AKE.mp4
D:\Video\414A mini1.mp4
D:\Video\720AHD_ .mp4
D:\Video\524DC (HV Nga).mp4
D:\Video\138.mp4
D:\Video\545HD.mp4
D:\Video\633KD.mp4
D:\Video\147.mp4
D:\Video\363A mini1 thu am.mp4
D:\Video\407GA mini1.mp4
D:\Video\112.mp4
D:\Video\344C thu âm.mp4
D:\Video\822AHD.mp4
D:\Video\643HB.mp4
D:\Video\446A mini1.mp4
D:\Video\845YDB.mp4
D:\Video\751EKD thoai .mp4
D:\Video\849YDB.mp4

==============================

==============================
OUTPUT: D:\Output\Tractor\644KB_Tractor.mp4
INPUTS:
\\seo_no_luc\Tractor\Video\644KB.mp4
D:\Video\672HE sua lai.mp4
D:\Video\301C.mp4
D:\Video\167.mp4
D:\Video\539DD_1.mp4
D:\Video\635KD.mp4
D:\Video\429.mp4
D:\Video\530DD.mp4
D:\Video\781EKD.mp4
D:\Video\206A mini1 phu.mp4
D:\Video\725EHD.mp4
D:\Video\375C.mp4
D:\Video\279C.mp4
D:\Video\229.mp4
D:\Video\732AHF.mp4
D:\Video\786AHE.mp4
D:\Video\159.mp4
D:\Video\361C.mp4
D:\Video\510HA.mp4
D:\Video\686GS.mp4
D:\Video\840AHF.mp4

==============================

==============================
OUTPUT: D:\Output\Tractor\859HD_Tractor.mp4
INPUTS:
\\SEO_NO_LUC\Tractor\Video\859HD.mp4
D:\Video\484HD_1.mp4
D:\Video\127.mp4
D:\Video\287C.mp4
D:\Video\712AGC-Hiếu.mp4
D:\Video\283D.mp4
D:\Video\459GA mini1.mp4
D:\Video\549FD.mp4
D:\Video\516HC.mp4
D:\Video\852HD.mp4
D:\Video\376C.mp4
D:\Video\415 mini1.mp4
D:\Video\174.mp4
D:\Video\638KD.mp4
D:\Video\368D.mp4
D:\Video\650KD.mp4
D:\Video\379C.mp4
D:\Video\359A mini1.mp4
D:\Video\464FA mini1.mp4
D:\Video\324D.mp4
D:\Video\222.mp4

==============================

==============================
OUTPUT: D:\Output\Tractor\855HD_Tractor.mp4
INPUTS:
\\SEO_NO_LUC\Tractor\Video\855HD.mp4
D:\Video\473HD.mp4
D:\Video\368D.mp4
D:\Video\740AGE co thoai.mp4
D:\Video\703EH.mp4
D:\Video\283D.mp4
D:\Video\722AHB.mp4
D:\Video\374A mini1.mp4
D:\Video\746AHD.mp4
D:\Video\417A mini1.mp4
D:\Video\715EGE sua lai.mp4
D:\Video\638KD.mp4
D:\Video\809AKB.mp4
D:\Video\142.mp4
D:\Video\373C.mp4
D:\Video\857HB.mp4
D:\Video\766AHB.mp4
D:\Video\550FA.mp4
D:\Video\187.mp4

==============================

==============================
OUTPUT: D:\Output\Tractor\861HD_Tractor.mp4
INPUTS:
\\SEO_NO_LUC\Tractor\Video\861HD.mp4
D:\Video\467FD.mp4
D:\Video\291C có thoại.mp4
D:\Video\417A mini1.mp4
D:\Video\370A mini1.mp4
D:\Video\168.mp4
D:\Video\459GA mini1.mp4
D:\Video\377A mini.mp4
D:\Video\337C thu âm.mp4
D:\Video\339A mini1 thu am.mp4
D:\Video\334C.mp4
D:\Video\810AHD.mp4
D:\Video\683KA.mp4
D:\Video\350D (2).mp4
D:\Video\475FD_1.mp4
D:\Video\827AKD.mp4
D:\Video\336A mini thu am.mp4
D:\Video\753EHE.mp4
D:\Video\709G.mp4
D:\Video\642HB.mp4

==============================

==============================
OUTPUT: D:\Output\Tractor\866EDD_Tractor.mp4
INPUTS:
\\SEO_NO_LUC\Tractor\Video\866EDD.mp4
D:\Video\275C.mp4
D:\Video\132.mp4
D:\Video\335C.mp4
D:\Video\761EKB.mp4
D:\Video\289C.mp4
D:\Video\302C.mp4
D:\Video\855HD.mp4
D:\Video\665HB.mp4
D:\Video\105.mp4
D:\Video\309D.mp4
D:\Video\151.mp4
D:\Video\690GE sua lai.mp4
D:\Video\327C.mp4
D:\Video\285C.mp4
D:\Video\388C.mp4
D:\Video\850YHD.mp4
D:\Video\380A mini1.mp4

==============================

==============================
OUTPUT: D:\Output\Tractor\182_Tractor.mp4
INPUTS:
\\SEO_NO_LUC\Tractor\Video\182.mp4
D:\Video\421A.mp4
D:\Video\274C.mp4
D:\Video\482HD.mp4
D:\Video\859HD.mp4
D:\Video\485HD.mp4
D:\Video\824AHD.mp4
D:\Video\851YHF.mp4
D:\Video\717EHA Thuận.mp4
D:\Video\394A mini1.mp4
D:\Video\654GD.mp4
D:\Video\512HA.mp4
D:\Video\692H Sơn.mp4
D:\Video\233.mp4
D:\Video\518HD.mp4
D:\Video\317A mini ghep.mp4
D:\Video\476FD.mp4
D:\Video\109.mp4

==============================

==============================
OUTPUT: D:\Output\Tractor\475FD_1_Tractor.mp4
INPUTS:
\\SEO_NO_LUC\Tractor\Video\475FD_1.mp4
D:\Video\437A mini1.mp4
D:\Video\713EHC-Hiếu.mp4
D:\Video\726AGD.mp4
D:\Video\135-.mp4
D:\Video\236-.mp4
D:\Video\693H.mp4
D:\Video\246-.mp4
D:\Video\186.mp4
D:\Video\129.mp4
D:\Video\461GA mini1.mp4
D:\Video\223A mini1.mp4
D:\Video\486HD sửa.mp4
D:\Video\518HD.mp4
D:\Video\695K Sơn.mp4
D:\Video\450A mini1.mp4
D:\Video\631HC.mp4
D:\Video\422A mini1.mp4

==============================

==============================
OUTPUT: D:\Output\Tractor\854HE sua lai_Tractor.mp4
INPUTS:
\\SEO_NO_LUC\Tractor\Video\854HE sua lai.mp4
D:\Video\261C.mp4
D:\Video\402A mini1.mp4
D:\Video\634KA.mp4
D:\Video\319A.mp4
D:\Video\291C có thoại (2).mp4
D:\Video\207.mp4
D:\Video\378A mini1.mp4
D:\Video\682KC-Hiếu.mp4
D:\Video\445A mini.mp4
D:\Video\343C.mp4
D:\Video\699AK.mp4
D:\Video\659HD.mp4
D:\Video\474FD.mp4
D:\Video\657HB.mp4
D:\Video\401C.mp4
D:\Video\131.mp4
D:\Video\200.mp4

==============================

==============================
OUTPUT: D:\Output\Tractor\862EHD_Tractor.mp4
INPUTS:
\\SEO_NO_LUC\Tractor\Video\862EHD.mp4
D:\Video\563HA.mp4
D:\Video\647GB.mp4
D:\Video\419A mini1.mp4
D:\Video\503HD.mp4
D:\Video\392A mini1.mp4
D:\Video\328D.mp4
D:\Video\769EHD thoai .mp4
D:\Video\122.mp4
D:\Video\815AHB.mp4
D:\Video\196.mp4
D:\Video\452HA mini1.mp4
D:\Video\496HD.mp4
D:\Video\778AGD.mp4
D:\Video\181.mp4
D:\Video\209.mp4
D:\Video\242.mp4
D:\Video\208.mp4
D:\Video\134.mp4

==============================

==============================
OUTPUT: D:\Output\Tractor\18B_F279_Tractor.mp4
INPUTS:
\\MINGSEO2\Tractor\Top DIY Tractor\đã up\18B_F279\18B_F279.mp4
D:\Video\687GA.mp4
D:\Video\297D.mp4
D:\Video\102.mp4
D:\Video\653GD.mp4
D:\Video\144.mp4
D:\Video\427A mini1.mp4
D:\Video\866EDD.mp4
D:\Video\411A mini1.mp4
D:\Video\543HC.mp4

==============================

==============================
OUTPUT: D:\Output\Tractor\113E (56 mini2) sua lai_Tractor.mp4
INPUTS:
\\MINGSEO2\Tractor\DIY Tractor Story\Đã up\113E\113E (56 mini2) sua lai.mp4
D:\Video\462HD_3.mp4
D:\Video\428.mp4
D:\Video\188.mp4
D:\Video\775EHF.mp4

==============================

==============================
OUTPUT: D:\Output\Tractor\870EDB_Tractor.mp4
INPUTS:
\\SEO_NO_LUC\Tractor\Video\870EDB.mp4
D:\Video\768AHE.mp4
D:\Video\808AHD.mp4
D:\Video\157.mp4
D:\Video\544HA.mp4
D:\Video\304C.mp4
D:\Video\660HB.mp4
D:\Video\101 mini1.mp4
D:\Video\372GD.mp4
D:\Video\652HD.mp4
D:\Video\115.mp4
D:\Video\418C.mp4
D:\Video\534GA.mp4
D:\Video\833AHB.mp4
D:\Video\696AHA Hào.mp4
D:\Video\247.mp4
D:\Video\521HA.mp4
D:\Video\311C.mp4
D:\Video\566KD.mp4

==============================

==============================
OUTPUT: D:\Output\Tractor\865EDB_Tractor.mp4
INPUTS:
\\SEO_NO_LUC\Tractor\Video\865EDB.mp4
D:\Video\448.mp4
D:\Video\307A mini thu am.mp4
D:\Video\136.mp4
D:\Video\509HB.mp4
D:\Video\547HC.mp4
D:\Video\663KD.mp4
D:\Video\814ADB.mp4
D:\Video\418C.mp4
D:\Video\101 mini1.mp4
D:\Video\447FA mini1.mp4
D:\Video\655KD.mp4
D:\Video\727EKD.mp4
D:\Video\234A mini1.mp4
D:\Video\652HD.mp4
D:\Video\366C (2).mp4

==============================

==============================
OUTPUT: D:\Output\Tractor\64EF_Tractor.mp4
INPUTS:
\\MINGSEO2\Tractor\Tiny Mushroom\Đã Up\64EF\64EF.mp4
D:\Video\551FC.mp4
D:\Video\636GA.mp4
D:\Video\730AGA Hào.mp4
D:\Video\664KD.mp4
D:\Video\432A mini1.mp4
D:\Video\860HB.mp4
D:\Video\139.mp4
D:\Video\511HA.mp4
D:\Video\156.mp4
D:\Video\731EKA Thuận.mp4

==============================

==============================
OUTPUT: D:\Output\Tractor\253F_Tractor.mp4
INPUTS:
\\MINGSEO2\Tractor\DIY Tractor Story\253F\253F.mp4
D:\Video\704AKC - Hiếu.mp4
D:\Video\708AKA Hào.mp4
D:\Video\110 mini1.mp4
D:\Video\501GB.mp4
D:\Video\308D.mp4
D:\Video\348A mini thu am.mp4

==============================

==============================
OUTPUT: D:\Output\Tractor\863EHF_Tractor.mp4
INPUTS:
\\SEO_NO_LUC\Tractor\Video\863EHF.mp4
D:\Video\748AGF.mp4
D:\Video\381C.mp4
D:\Video\797EGE co thoai.mp4
D:\Video\872DKHBD.mp4
D:\Video\310C.mp4
D:\Video\529HA.mp4
D:\Video\245.mp4
D:\Video\504HD.mp4
D:\Video\670HD.mp4
D:\Video\225.mp4
D:\Video\656KB.mp4
D:\Video\205.mp4
D:\Video\865EDB.mp4
D:\Video\678GD.mp4
D:\Video\749EKE co thoai.mp4
D:\Video\861HD.mp4
D:\Video\711EGE sua lai.mp4

==============================

==============================
OUTPUT: D:\Output\Tractor\868EDF_Tractor.mp4
INPUTS:
\\SEO_NO_LUC\Tractor\Video\868EDF.mp4
D:\Video\854HE sua lai.mp4
D:\Video\326A mini thu am.mp4
D:\Video\321A mini thu am.mp4
D:\Video\868EDF.mp4
D:\Video\239.mp4
D:\Video\399A mini1.mp4
D:\Video\460GA mini1.mp4
D:\Video\801AHF.mp4
D:\Video\819AHF.mp4
D:\Video\158.mp4
D:\Video\249.mp4
D:\Video\119.mp4
D:\Video\864EHD.mp4
D:\Video\548HA.mp4
D:\Video\783EHB.mp4
D:\Video\276C.mp4
D:\Video\525HC.mp4

==============================

==============================
OUTPUT: D:\Output\Tractor\864EHD_Tractor.mp4
INPUTS:
\\SEO_NO_LUC\Tractor\Video\864EHD.mp4
D:\Video\256.mp4
D:\Video\239.mp4
D:\Video\249.mp4
D:\Video\858HD.mp4
D:\Video\175.mp4
D:\Video\667KB.mp4
D:\Video\326A mini thu am.mp4
D:\Video\206.mp4
D:\Video\173.mp4
D:\Video\118.mp4
D:\Video\158.mp4
D:\Video\470HA mini1.mp4
D:\Video\765AGD.mp4
D:\Video\723EGA Thuận.mp4
D:\Video\321A mini thu am.mp4
D:\Video\152.mp4
D:\Video\124.mp4

==============================
