\\hai2\Video gốc\Doll\k2\v100.mp4
\\hai2\Video gốc\Doll\k1\v224 - 33CE.mp4
\\hai2\Video gốc\Doll\k3\v66.mp4
\\hai2\Video gốc\Doll\k5\27 - V27.mp4
\\hai2\Video gốc\Doll\k5\32 - V26.mp4
\\hai2\Video gốc\Doll\k1\V172.mp4
\\hai2\Video gốc\Doll\k2\v104.mp4
\\hai2\Video gốc\Doll\k1\v80.mp4
\\hai2\Video gốc\Doll\k4\v37.mp4
\\hai2\Video gốc\Doll\k2\v87.mp4
\\hai2\Video gốc\Doll\k3\v4 sua lai 2.mp4
\\hai2\Video gốc\Doll\k1\v194.mp4
\\hai2\Video gốc\Doll\k5\64 - V71.mp4
\\hai2\Video gốc\Doll\k2\v131.mp4
\\hai2\Video gốc\Doll\k2\v189 - 24CF.mp4
\\hai2\Video gốc\Doll\k2\v61 rm.mp4
\\hai2\Video gốc\Doll\k2\V139-k2.mp4
\\hai2\Video gốc\Doll\k3\v24.mp4
\\hai2\Video gốc\Doll\k4\v94.H - play (sửa).mp4
\\hai2\Video gốc\Doll\k4\v23.mp4
\\hai2\Video gốc\Doll\k1\v69.mp4
\\hai2\Video gốc\Doll\k1\V151-k1-newnew.mp4
\\hai2\Video gốc\Doll\k3\v78H.mp4
\\hai2\Video gốc\Doll\k5\65 - V72.mp4
\\hai2\Video gốc\Doll\k1\v73.mp4
\\hai2\Video gốc\Doll\k3\V101-k3.mp4
\\hai2\Video gốc\Doll\k4\v27 sửa.mp4
\\hai2\Video gốc\Doll\k1\v96 sua lai.mp4
\\hai2\Video gốc\Doll\k1\V192.mp4
\\hai2\Video gốc\Doll\k1\v223 - 32CE.mp4
\\hai2\Video gốc\Doll\k1\v66.mp4
