H:\Number\Number 1.0\A\ĐÃ UP\297BGG\297BGG.mp4
H:\Number\Number B 2.0\328HCE\328HCE_1.mp4
H:\Number\Number 1.0\B\Đã up\225BGC\225BGC.mp4
H:\Number\Rainbow Number\311GB\311GB.mp4
H:\Number\Number 1.0\A\ĐÃ UP\134BHA\134BHA.mp4
H:\Number\Number 1.0\A\ĐÃ UP\388BGG\388BKG.mp4
H:\Number\Number 1.0\A\ĐÃ UP\341BGC\341BGC.mp4
H:\Number\Rainbow Number\301KE\301KE - 369A.mp4
H:\Number\Number Slime 2.0\313HCE\313HCE sua lai.mp4
H:\Number\Number A 2.0\424HC\424HCE.mp4
H:\Number\Number 1.0\B\Đã up\156BGA\156BGA.mp4
H:\Number\Number Slime 2.0\311HCE\311HCE.mp4
H:\Number\Number A 2.0\442HCD\442HCD.mp4
H:\Number\Number 1.0\A\ĐÃ UP\375GLA\357GLA.mp4
H:\Number\Number 1.0\A\ĐÃ UP\331BGC\331BGC.mp4
H:\Number\Rainbow Number\148GD\148GD.mp4
H:\Number\Rainbow Number\225HD\225HD.mp4
H:\Number\Number B 2.0\316KLG\316KLG.mp4
H:\Number\Number 1.0\B\Đã up\106BGA\106BGA.mp4
H:\Number\Number Slime 2.0\336KLE\336KLE.mp4
H:\Number\Number Slime 2.0\306HCG\306HCG.mp4
H:\Number\Number 1.0\B\Đã up\50BFB\50BFB.mp4
H:\Number\Number 1.0\A\ĐÃ UP\92BC\92BC.mp4
H:\Number\Number 1.0\A\ĐÃ UP\88BC\88BC.mp4
H:\Number\Number 1.0\A\ĐÃ UP\90BC\90BC.mp4
H:\Number\Number 1.0\B\Đã up\226BGA\226BGA.mp4
H:\Number\Number 1.0\A\ĐÃ UP\149BGC\149BGC.mp4
H:\Number\Number 1.0\B\Đã up\65BHC\65BHC.mp4
H:\Number\Number 1.0\B\Đã up\100BGA\100BGA.mp4
H:\Number\Number Slime 2.0\324GBE\324GBE sua lai.mp4
H:\Number\Number B 2.0\384KBC\384KBC.mp4
H:\Number\Number 1.0\B\Đã up\254BKD\254BKD.mp4
H:\Number\Number 1.0\B\Đã up\310KCE\310KCE.mp4
H:\Number\Number 1.0\B\Đã up\191BHA\191BHA.mp4
H:\Number\Number Slime 2.0\343HCC\343HCC-Hiếu.mp4
H:\Number\Number 1.0\A\ĐÃ UP\378BGG\378BGG.mp4
H:\Number\Rainbow Number\154FC\154FC.mp4
H:\Number\Number 1.0\B\Đã up\81BHA\81BHA.mp4
H:\Number\Number 1.0\B\Đã up\314GCE\314GCE sua lai.mp4
H:\Number\Rainbow Number\Đã up\94GB\94GB.mp4
H:\Number\Number 1.0\B\Đã up\227BGA\227BGA.mp4
H:\Number\Rainbow Number\173FC\173FC.mp4
H:\Number\Rainbow Number\374KD\374KD.mp4
H:\Number\Number 1.0\A\ĐÃ UP\329BHC\329BHC.mp4
H:\Number\Number 1.0\B\Đã up\48BFA\48BFA-1.mp4
H:\Number\Number A 2.0\470GLE\470GLE.mp4
H:\Number\Rainbow Number\242GC\242GC.mp4
H:\Number\Number 1.0\A\ĐÃ UP\310BGA\310BGA.mp4
H:\Number\Number 1.0\B\Đã up\295HLG\295HLG.mp4
H:\Number\Number 1.0\A\ĐÃ UP\389BGA\389BGA.mp4
H:\Number\Number A 2.0\420BHE\420BHE.mp4
H:\Number\Number Slime 2.0\318GCE\318GCE sua lai.mp4
H:\Number\Number Slime 2.0\350GLE\350GLE.mp4
H:\Number\Rainbow Number\244HA\244HA.mp4
H:\Number\Number 1.0\B\Đã up\218BHA\218BHA.mp4
H:\Number\Number A 2.0\435HCC\435HCC-Hiếu.mp4
H:\Number\Number 1.0\A\ĐÃ UP\275BHA\275BHA.mp4
H:\Number\Number Slime 2.0\300GCC\300GCC.mp4
H:\Number\Number 1.0\A\ĐÃ UP\351HLA\351HLA.mp4
H:\Number\Rainbow Number\296KG\296KG.mp4
H:\Number\Number 1.0\B\Đã up\168BC\168BC.mp4
H:\Number\Number 1.0\A\ĐÃ UP\129BC\129BC.mp4
H:\Number\Number 1.0\B\Đã up\233BGC\233BGC.mp4
H:\Number\Number 1.0\A\ĐÃ UP\269BGC\269BGC.mp4
H:\Number\Number 1.0\B\Đã up\170BA\170BA.mp4
H:\Number\Number 1.0\B\Đã up\159BC\159BC.mp4
H:\Number\Rainbow Number\289HE\289HE - 306A.mp4
H:\Number\Number 1.0\A\ĐÃ UP\151BGC\151BGC.mp4
H:\Number\Number B 2.0\326HCE\326HCE sua lai.mp4
H:\Number\Number B 2.0\327HCE\327HCE_1.mp4
H:\Number\Number 1.0\B\Đã up\269BGF\269BGF.mp4
H:\Number\Number 1.0\B\Đã up\132BD\V132BD.mp4
H:\Number\Rainbow Number\298HG\298HG.mp4
H:\Number\Number Slime 2.0\321KCE\321KCE.mp4
H:\Number\Number 1.0\A\ĐÃ UP\215BHC\215BHC.mp4
H:\Number\Number 1.0\A\ĐÃ UP\91BC\91BC.mp4
H:\Number\Number 1.0\A\ĐÃ UP\367KCB\367KCB.mp4
H:\Number\Number Slime 2.0\352GLE\352GLE.mp4
H:\Number\Rainbow Number\260GB\260GB.mp4
H:\Number\Number 1.0\B\Đã up\137BC\137BC.mp4
H:\Number\Number 1.0\B\Đã up\186BGD\186BGD.mp4
H:\Number\Number 1.0\B\Đã up\228BGA\228BGA.mp4
H:\Number\Number 1.0\A\ĐÃ UP\321BKC\321BKC.mp4
H:\Number\Rainbow Number\327KE\327KE.mp4
H:\Number\Number 1.0\B\Đã up\197BGA\197BGA.mp4
H:\Number\Rainbow Number\118FD\V118FD.mp4
H:\Number\Number 1.0\B\Đã up\42BFA\42BFA.mp4
H:\Number\Number 1.0\B\Đã up\103BGA\103BGA-1.mp4
H:\Number\Number 1.0\A\ĐÃ UP\109BFC\109BFC.mp4
H:\Number\Number Slime 2.0\357GBE\357GBE.mp4
H:\Number\Rainbow Number\404KD\404KD.mp4
H:\Number\Rainbow Number\276GF\276GF.mp4
H:\Number\Number 1.0\A\ĐÃ UP\324BHC\324BHC.mp4
H:\Number\Rainbow Number\116FC\116FC.mp4
H:\Number\Number 1.0\A\ĐÃ UP\113BFC\113BFC.mp4
H:\Number\Number 1.0\A\ĐÃ UP\63BC\63BC.mp4
H:\Number\Number 1.0\B\Đã up\147\147BGA.mp4
H:\Number\Number Slime 2.0\354GBE\354GBE.mp4
H:\Number\Rainbow Number\288GE\288GE - 293A sua lai.mp4
H:\Number\Rainbow Number\402KD\402KD.mp4
H:\Number\Number 1.0\B\Đã up\157BGA\157BGA.mp4
H:\Number\Number 1.0\B\Đã up\209BGC\209BGC.mp4
H:\Number\Rainbow Number\151GD\V151GD.mp4
H:\Number\Number 1.0\B\Đã up\258BKD\258BKD.mp4
H:\Number\Number 1.0\A\ĐÃ UP\130BC\130BC.mp4
H:\Number\Number 1.0\A\ĐÃ UP\293BGA\293BGA.mp4
H:\Number\Rainbow Number\139FD\V139FD.mp4
H:\Number\Number 1.0\A\ĐÃ UP\254BGC\254BGC.mp4
H:\Number\Number 1.0\A\ĐÃ UP\142BGC\142BGC.mp4
H:\Number\Number 1.0\B\Đã up\217BHA\217BHA.mp4
H:\Number\Rainbow Number\357HE\357HE - 299A.mp4
H:\Number\Rainbow Number\360HE\360HE - 374A.mp4
H:\Number\Number B 2.0\329HC\329HCA - Thuận đã sửa.mp4
H:\Number\Rainbow Number\324KB\324KB.mp4
H:\Number\Number B 2.0\341KBE\341KBE.mp4
H:\Number\Number 1.0\A\ĐÃ UP\162BHC\162BHC.mp4
H:\Number\Rainbow Number\176FC\176FC.mp4
H:\Number\Rainbow Number\230HD\230HD.mp4
H:\Number\Number 1.0\B\Đã up\108BGA\108BGA.mp4
H:\Number\Number A 2.0\423BHE\423BHE.mp4
H:\Number\Number 1.0\B\Đã up\66BHC\66BHC.mp4
H:\Number\Number 1.0\B\Đã up\145BGA\145BGA.mp4
H:\Number\Number 1.0\A\ĐÃ UP\248BC\248BC.mp4
H:\Number\Number 1.0\A\ĐÃ UP\308BHB\308BHB.mp4
H:\Number\Rainbow Number\351GC\351GC-Hiếu.mp4
H:\Number\Rainbow Number\295KE\295KE - 327A.mp4
H:\Number\Number 1.0\A\ĐÃ UP\233BHC\233BHC.mp4
H:\Number\Number 1.0\A\ĐÃ UP\155BHC\155BHC.mp4
H:\Number\Number 1.0\A\ĐÃ UP\71BC\71BC.mp4
H:\Number\Number 1.0\B\Đã up\246BHA\246BHA.mp4
H:\Number\Number B 2.0\290HLG\290HLG.mp4
H:\Number\Rainbow Number\Đã up\64F-90B\64F-90B.mp4
H:\Number\Rainbow Number\137GC\137GC.mp4
H:\Number\Rainbow Number\141FD\V141FD.mp4
H:\Number\Rainbow Number\185FC\185FC.mp4
H:\Number\Rainbow Number\317HB\317HB.mp4
H:\Number\Number 1.0\A\ĐÃ UP\239BHA\239BHA.mp4
H:\Number\Number 1.0\A\ĐÃ UP\247BC\247BC.mp4
H:\Number\Number 1.0\A\ĐÃ UP\179BGC\179BGC.mp4
H:\Number\Rainbow Number\326KE\326KE - 381A.mp4
H:\Number\Number 1.0\A\ĐÃ UP\362KLC\362KLC.mp4
H:\Number\Number 1.0\A\ĐÃ UP\361KLC\361KLC.mp4
H:\Number\Number Slime 2.0\333KLE\333KLE.mp4
H:\Number\Number 1.0\A\ĐÃ UP\286BGA\286BGA.mp4
H:\Number\Number 1.0\B\Đã up\78BHA\78BHA.mp4
H:\Number\Number 1.0\B\Đã up\179BHD\V179BHD.mp4
H:\Number\Number Slime 2.0\349GLE\349GLE.mp4
H:\Number\Number B 2.0\353KCF\353KCF.mp4
H:\Number\Rainbow Number\379KB\379KB - 429A.mp4
H:\Number\Number 1.0\B\Đã up\133\133BC.mp4
H:\Number\Rainbow Number\238GC\238GC.mp4
H:\Number\Number 1.0\A\ĐÃ UP\87BC\87BC.mp4
H:\Number\Number 1.0\A\ĐÃ UP\262BGA\262BGA.mp4
H:\Number\Number 1.0\A\ĐÃ UP\138BHC\138BHC.mp4
H:\Number\Rainbow Number\237GA\237GA.mp4
H:\Number\Number 1.0\B\Đã up\110BGA\110BGA.mp4
H:\Number\Number 1.0\A\ĐÃ UP\302BHB\302BHB.mp4
H:\Number\Number 1.0\B\Đã up\199BHA\199BHA.mp4
H:\Number\Rainbow Number\408GF\408GF - 451A.mp4
H:\Number\Number 1.0\A\ĐÃ UP\160BHC\160BHC.mp4
H:\Number\Number A 2.0\487HLD\487HLD.mp4
H:\Number\Number A 2.0\481HDC\481GDC.mp4
H:\Number\Number 1.0\A\ĐÃ UP\182BGC\182BGC-1.mp4
H:\Number\Number Slime 2.0\335KLC\335KLC-Hiếu.mp4
H:\Number\Rainbow Number\313KB\313KB.mp4
H:\Number\Number 1.0\B\Đã up\24DA\24DA.mp4
H:\Number\Rainbow Number\377HD\377HD.mp4
H:\Number\Number B 2.0\358KLE\358KLE.mp4
H:\Number\Rainbow Number\245HA\245HA.mp4
H:\Number\Number 1.0\A\ĐÃ UP\350HLA\350HLA.mp4
H:\Number\Number 1.0\B\Đã up\268BGF\268BGF.mp4
H:\Number\Number A 2.0\401KCS\401KCS.mp4
H:\Number\Number B 2.0\381KBC\381KBC.mp4
H:\Number\Rainbow Number\187FC\187FC.mp4
H:\Number\Number Slime 2.0\365GBE\365GBE.mp4
H:\Number\Rainbow Number\167FC\167FC.mp4
H:\Number\Number 1.0\B\Đã up\45BFA\45BFA.mp4
H:\Number\Number Slime 2.0\345HBB\345HBB.mp4
H:\Number\Number 1.0\B\Đã up\201BHA\201BHA.mp4
H:\Number\Number 1.0\A\ĐÃ UP\152BGC\152BGC.mp4
H:\Number\Rainbow Number\390HF\390HF - 430A.mp4
H:\Number\Number 1.0\A\ĐÃ UP\127BC\127BC-1.mp4
H:\Number\Number 1.0\B\Đã up\122FA\122FA.mp4
H:\Number\Number 1.0\B\Đã up\49BFA\49BFA.mp4
H:\Number\Number 1.0\A\ĐÃ UP\285BGA\285BGA.mp4
H:\Number\Number 1.0\A\ĐÃ UP\294BGB\294BGB.mp4
H:\Number\Number 1.0\B\Đã up\99BGA\99BGA.mp4
H:\Number\Number A 2.0\488HLD\488HLD.mp4
H:\Number\Number 1.0\A\ĐÃ UP\338BGD\338BGD.mp4
H:\Number\Number 1.0\A\ĐÃ UP\348GLA\348GLA.mp4
H:\Number\Rainbow Number\129FD\V129FD.mp4
H:\Number\Number B 2.0\383KBC\383KBC.mp4
H:\Number\Number A 2.0\395BHE\395BHE sua lai.mp4
H:\Number\Number A 2.0\408GCE\408GCE.mp4
H:\Number\Number 1.0\B\Đã up\180BHD\V180BHD.mp4
H:\Number\Number 1.0\B\Đã up\175BFD\V175BFD.mp4
H:\Number\Number 1.0\B\Đã up\86BHC\86BHC.mp4
H:\Number\Number 1.0\B\Đã up\229BGA\229BGA.mp4
H:\Number\Rainbow Number\272KF\272KF.mp4
H:\Number\Number 1.0\A\ĐÃ UP\99BFC\99BFC.mp4
H:\Number\Rainbow Number\369KE\369KE - 420A.mp4
H:\Number\Number A 2.0\460GBE\460GBE.mp4
H:\Number\Number 1.0\A\ĐÃ UP\325BHD\325BHD.mp4
H:\Number\Number 1.0\A\ĐÃ UP\238BHA\238BHA.mp4
H:\Number\Number B 2.0\350KCD\350KCD.mp4
H:\Number\Number 1.0\B\Đã up\194BHA\194BHA.mp4
H:\Number\Number 1.0\A\ĐÃ UP\150BGC\150BGC.mp4
H:\Number\Number 1.0\A\ĐÃ UP\98BC\98BC.mp4
H:\Number\Rainbow Number\365KE\365KE - 419A.mp4
H:\Number\Number 1.0\B\Đã up\259BKC\259BKC.mp4
H:\Number\Number 1.0\A\ĐÃ UP\333BGC\333BGC.mp4
H:\Number\Number 1.0\A\ĐÃ UP\272BHC\272BHC.mp4
H:\Number\Number 1.0\A\ĐÃ UP\229BFC\229BFC.mp4
H:\Number\Number 1.0\B\Đã up\213BHB\213BHB.mp4
H:\Number\Rainbow Number\182FC\182FC.mp4
H:\Number\Number 1.0\A\ĐÃ UP\64BC\64BC.mp4
H:\Number\Number 1.0\A\ĐÃ UP\344BHD\344BHD.mp4
H:\Number\Number 1.0\B\Đã up\36DA\36DA.mp4
H:\Number\Number 1.0\B\Đã up\243BHA\243BHA.mp4
H:\Number\Number A 2.0\410GCE\410GCE.mp4
H:\Number\Rainbow Number\175FC\175FC.mp4
H:\Number\Rainbow Number\206HC\206HC.mp4
H:\Number\Number Slime 2.0\371KLD\371KLD.mp4
