F:\Doll\v74 (2).mp4
F:\Doll\v33 rm them highlights.mp4
\\seo_no_luc\Unboxing doll\Doll\v112.mp4
F:\Doll\Doll-E55.mp4
F:\Doll\V150-k2-new5.mp4
F:\Doll\v10 rm.mp4
F:\Doll\E22 sửa lại.mp4
F:\Doll\v97.mp4
F:\Doll\v12.mp4
F:\Doll\E106.H - play.mp4
F:\Doll\E107.H.mp4
F:\Doll\E98.H - play (sua).mp4
\\seo_no_luc\Unboxing doll\Doll\V111.mp4
F:\Doll\E84.mp4
F:\Doll\V101-k3.mp4
F:\Doll\v89 (2).mp4
F:\Doll\v10 sua lai.mp4
F:\Doll\v39.mp4
F:\Doll\E59N_new.mp4
\\seo_no_luc\Unboxing doll\Doll\v103.mp4
F:\Doll\v12 (3).mp4
F:\Doll\v71.mp4
F:\Doll\v14 (3).mp4
F:\Doll\v60.mp4
F:\Doll\E80N.H - play.mp4
F:\Doll\E90.H - play.mp4
