\\MINGSEO2\Khay den\asmr\V219\v219.mp4
\\MINGSEO2\Khay den\asmr\V331\v331 sua lai.mp4
\\MINGSEO2\Khay den\asmr\V125\v125.mp4
\\MINGSEO2\Khay den\asmr 2\116CA\116CA.mp4
\\MINGSEO2\Khay den\asmr\V326\v326.mp4
\\MINGSEO2\Khay den\asmr\V362\V362.H.mp4
\\MINGSEO2\Khay den\asmr\V264\v264-K1-new.mp4
\\MINGSEO2\Khay den\asmr\V199\v199.mp4
\\MINGSEO2\Khay den\asmr 2\141CD\141CD.mp4
\\MINGSEO2\Khay den\asmr\V121\v121.mp4
\\MINGSEO2\Khay den\asmr\V346\V346.H.mp4
\\MINGSEO2\Khay den\asmr 2\152AD\152AD.mp4
\\MINGSEO2\Khay den\asmr\V112\v112.mp4
\\MINGSEO2\Khay den\asmr\V212\v212.mp4
\\MINGSEO2\Khay den\asmr\V305\V305-sua.mp4
\\MINGSEO2\Khay den\asmr 2\100CC\100CC.mp4
\\MINGSEO2\Khay den\asmr 2\138CD\138CD.mp4
\\MINGSEO2\Khay den\asmr\V158\v158.mp4
\\MINGSEO2\Khay den\asmr\V180\V180_new3.mp4
\\MINGSEO2\Khay den\asmr\V385\V385.H.mp4
\\MINGSEO2\Khay den\asmr 2\192LC\192LC.mp4
\\MINGSEO2\Khay den\asmr\V369\V369.H.mp4
\\MINGSEO2\Khay den\asmr 2\64CG\64CG.mp4
