E:\Number TC\12AF (2).mp4
E:\Number A\417GCE sua lai.mp4
E:\Rainbow Number\V149GD.mp4
E:\Number SLime\364GBE\364GBE.mp4
E:\Number A\156BHC.mp4
E:\Number A\133BHC.mp4
E:\Rainbow Number\147GC.mp4
E:\Rainbow Number\384GB - 408A\384GB - 408A.mp4
E:\Number A\512GLE.mp4
E:\Number A\103BFC.mp4
\\seo_no_luc\Number\Number A\346GAD.mp4
E:\Number A\540 short.mp4
E:\Number B\290HLG.mp4
E:\Number A\375BGD.mp4
E:\Number B\422KLD.mp4
E:\Number A\527HAB.mp4
E:\Number B\54BFB.mp4
E:\Number B\274BGB.mp4
E:\Rainbow Number\354KC-Hiếu.mp4
E:\Rainbow Number\426GD\426GD.mp4
E:\Rainbow Number\443EB\443EB.mp4
E:\Number A\113BFC.mp4
E:\Number A\345HAD.mp4
E:\Number TC\72GCC.mp4
\\seo_no_luc\Number\Number B\159BC.mp4
E:\Rainbow Number\373KD\373KD.mp4
E:\Rainbow Number\423HD\423HD.mp4
\\seo_no_luc\Number\Rainbow Number\144FC.mp4
E:\Number A\163BHC.mp4
E:\Number B\388GLC.mp4
E:\Rainbow Number\133GC.mp4
E:\Rainbow Number\317HB.mp4
E:\Number A\411GCE sua lai.mp4
E:\Rainbow Number\V120FD.mp4
E:\Number SLime\422GDD\422GDD.mp4
E:\Rainbow Number\299HG.mp4
