\\hai2\Video gốc\Khay đen\k1 - Satisfying ASMR\200 - v428.mp4
\\hai2\Video gốc\Khay đen\k2 - Rainbow Satisfying\198 - V431.mp4
\\hai2\Video gốc\Khay đen\k1 - Satisfying ASMR\197 - v420.mp4
\\hai2\Video gốc\Khay đen\k2 - Rainbow Satisfying\315 - 103CA - dùng khay dc.mp4
\\hai2\Video gốc\Khay đen\k2 - Rainbow Satisfying\118 - v225.mp4
\\hai2\Video gốc\Khay đen\k2 - Rainbow Satisfying\127 - v245.mp4
\\hai2\Video gốc\Khay đen\k1 - Satisfying ASMR\74 - v132.mp4
\\hai2\Video gốc\Khay đen\k1 - Satisfying ASMR\165 - v330.mp4
\\hai2\Video gốc\Khay đen\k1 - Satisfying ASMR\89 - V162-k1.mp4
\\hai2\Video gốc\Khay đen\k2 - Rainbow Satisfying\200 - V437.mp4
\\hai2\Video gốc\Khay đen\k2 - Rainbow Satisfying\403 - 163CC.mp4
\\hai2\Video gốc\Khay đen\k1 - Satisfying ASMR\192 - v402.mp4
\\hai2\Video gốc\Khay đen\k1 - Satisfying ASMR\189 - V388.mp4
\\hai2\Video gốc\Khay đen\k2 - Rainbow Satisfying\218 - V477.mp4
\\hai2\Video gốc\Khay đen\k2 - Rainbow Satisfying\227 - v495.mp4
\\hai2\Video gốc\Khay đen\k1 - Satisfying ASMR\185 - V386.mp4
\\hai2\Video gốc\Khay đen\k1 - Satisfying ASMR\150 - v296.mp4
\\hai2\Video gốc\Khay đen\k1 - Satisfying ASMR\186 - V396.mp4
\\hai2\Video gốc\Khay đen\k1 - Satisfying ASMR\174 - V358.mp4
\\hai2\Video gốc\Khay đen\k2 - Rainbow Satisfying\230 - V501.mp4
\\hai2\Video gốc\Khay đen\k2 - Rainbow Satisfying\91 - v165.mp4
\\hai2\Video gốc\Khay đen\k1 - Satisfying ASMR\246 - 4E.mp4
\\hai2\Video gốc\Khay đen\k1 - Satisfying ASMR\241 - V504.mp4
\\hai2\Video gốc\Khay đen\k2 - Rainbow Satisfying\131 - v253.mp4
\\hai2\Video gốc\Khay đen\k2 - Rainbow Satisfying\368 - 137CD.mp4
\\hai2\Video gốc\Khay đen\k2 - Rainbow Satisfying\109 - v201.mp4
\\hai2\Video gốc\Khay đen\k1 - Satisfying ASMR\103 -V180 - heart cutting.mp4
\\hai2\Video gốc\Khay đen\k2 - Rainbow Satisfying\146 - V293.mp4
\\hai2\Video gốc\Khay đen\k2 - Rainbow Satisfying\71 - v125.mp4
\\hai2\Video gốc\Khay đen\k1 - Satisfying ASMR\120 - v224.mp4
\\hai2\Video gốc\Khay đen\k2 - Rainbow Satisfying\116 - v221.mp4
\\hai2\Video gốc\Khay đen\k2 - Rainbow Satisfying\401 - 83CG.mp4
\\hai2\Video gốc\Khay đen\k1 - Satisfying ASMR\94 - v172.mp4
\\hai2\Video gốc\Khay đen\k1 - Satisfying ASMR\221 - V412.mp4
\\hai2\Video gốc\Khay đen\k2 - Rainbow Satisfying\243 - 1E.mp4
\\hai2\Video gốc\Khay đen\k1 - Satisfying ASMR\179 - V370.mp4
\\hai2\Video gốc\Khay đen\k1 - Satisfying ASMR\237 - 8EE.mp4
\\hai2\Video gốc\Khay đen\k2 - Rainbow Satisfying\142 - V285.mp4
\\hai2\Video gốc\Khay đen\k1 - Satisfying ASMR\70 - v124.mp4
\\hai2\Video gốc\Khay đen\k2 - Rainbow Satisfying\272 - 63CG.mp4
\\hai2\Video gốc\Khay đen\k2 - Rainbow Satisfying\220 - V413.mp4
\\hai2\Video gốc\Khay đen\k2 - Rainbow Satisfying\148 - v297.mp4
\\hai2\Video gốc\Khay đen\k2 - Rainbow Satisfying\192- V417.mp4
\\hai2\Video gốc\Khay đen\k2 - Rainbow Satisfying\153 - V309.mp4
\\hai2\Video gốc\Khay đen\k1 - Satisfying ASMR\83 - v150.mp4
\\hai2\Video gốc\Khay đen\k1 - Satisfying ASMR\231 - v478.mp4
\\hai2\Video gốc\Khay đen\k2 - Rainbow Satisfying\134 - v263.mp4
\\hai2\Video gốc\Khay đen\k2 - Rainbow Satisfying\173 - V363.mp4
\\hai2\Video gốc\Khay đen\k2 - Rainbow Satisfying\327 - 111CA.mp4
\\hai2\Video gốc\Khay đen\k1 - Satisfying ASMR\72 - v128.mp4
\\hai2\Video gốc\Khay đen\k1 - Satisfying ASMR\202 - V434.mp4
\\hai2\Video gốc\Khay đen\k1 - Satisfying ASMR\209 - v446.mp4
\\hai2\Video gốc\Khay đen\k1 - Satisfying ASMR\149 - V294.mp4
\\hai2\Video gốc\Khay đen\k2 - Rainbow Satisfying\170 - V357.mp4
\\hai2\Video gốc\Khay đen\k1 - Satisfying ASMR\122 - v228.mp4
\\hai2\Video gốc\Khay đen\k2 - Rainbow Satisfying\171DD.mp4
\\hai2\Video gốc\Khay đen\k2 - Rainbow Satisfying\322 - 108CE.mp4 sua lai.mp4
\\hai2\Video gốc\Khay đen\k2 - Rainbow Satisfying\164CC.mp4
\\hai2\Video gốc\Khay đen\k2 - Rainbow Satisfying\319 - 106CE.mp4
\\hai2\Video gốc\Khay đen\k2 - Rainbow Satisfying\271 - 62CG.mp4
\\hai2\Video gốc\Khay đen\k2 - Rainbow Satisfying\397 - 158CC.mp4
\\hai2\Video gốc\Khay đen\k2 - Rainbow Satisfying\194 - v421.mp4
\\hai2\Video gốc\Khay đen\k2 - Rainbow Satisfying\214 - V465.mp4
\\hai2\Video gốc\Khay đen\k1 - Satisfying ASMR\218 - V482.mp4
\\hai2\Video gốc\Khay đen\k2 - Rainbow Satisfying\330 - 114CC.mp4
\\hai2\Video gốc\Khay đen\k1 - Satisfying ASMR\243 - V508.mp4
\\hai2\Video gốc\Khay đen\k2 - Rainbow Satisfying\87 - v157.mp4
\\hai2\Video gốc\Khay đen\k2 - Rainbow Satisfying\221 - V415.mp4
\\hai2\Video gốc\Khay đen\k2 - Rainbow Satisfying\296 - 88CB.mp4
\\hai2\Video gốc\Khay đen\k2 - Rainbow Satisfying\364 - 131CC.mp4
\\hai2\Video gốc\Khay đen\k1 - Satisfying ASMR\177 - V366.mp4
\\hai2\Video gốc\Khay đen\k2 - Rainbow Satisfying\84 - v151.mp4
\\hai2\Video gốc\Khay đen\k2 - Rainbow Satisfying\383 - 150CD.mp4
\\hai2\Video gốc\Khay đen\k2 - Rainbow Satisfying\72 - v127.mp4
\\hai2\Video gốc\Khay đen\k2 - Rainbow Satisfying\81 - v135.mp4
\\hai2\Video gốc\Khay đen\k1 - Satisfying ASMR\223 - V458.mp4
\\hai2\Video gốc\Khay đen\k2 - Rainbow Satisfying\170DD.mp4
\\hai2\Video gốc\Khay đen\k1 - Satisfying ASMR\182 - v378 - bottle cutting.mp4
\\hai2\Video gốc\Khay đen\k1 - Satisfying ASMR\100 - V188.mp4
\\hai2\Video gốc\Khay đen\k2 - Rainbow Satisfying\345 - 135CE.mp4
\\hai2\Video gốc\Khay đen\k1 - Satisfying ASMR\159 - V318.mp4
\\hai2\Video gốc\Khay đen\k1 - Satisfying ASMR\212 - V452.mp4
\\hai2\Video gốc\Khay đen\k2 - Rainbow Satisfying\168 - V349.mp4
\\hai2\Video gốc\Khay đen\k2 - Rainbow Satisfying\93 - v169.mp4
\\hai2\Video gốc\Khay đen\k2 - Rainbow Satisfying\126 - V243.mp4
\\hai2\Video gốc\Khay đen\k2 - Rainbow Satisfying\190 - v405.mp4
\\hai2\Video gốc\Khay đen\k2 - Rainbow Satisfying\74 - v131.mp4
\\hai2\Video gốc\Khay đen\k2 - Rainbow Satisfying\348 - 122CE.mp4
\\hai2\Video gốc\Khay đen\k2 - Rainbow Satisfying\404 - 164CC.mp4
\\hai2\Video gốc\Khay đen\k2 - Rainbow Satisfying\361 - 130CC.mp4
\\hai2\Video gốc\Khay đen\k2 - Rainbow Satisfying\144 - V289.mp4
\\hai2\Video gốc\Khay đen\k2 - Rainbow Satisfying\289 - 77CE.mp4
\\hai2\Video gốc\Khay đen\k1 - Satisfying ASMR\117 - v218.mp4
\\hai2\Video gốc\Khay đen\k2 - Rainbow Satisfying\277 - 69CG.mp4
\\hai2\Video gốc\Khay đen\k2 - Rainbow Satisfying\165CC.mp4
\\hai2\Video gốc\Khay đen\k1 - Satisfying ASMR\193 - v406.mp4
\\hai2\Video gốc\Khay đen\k1 - Satisfying ASMR\71 - v126.mp4
\\hai2\Video gốc\Khay đen\k2 - Rainbow Satisfying\233 - v507.mp4
\\hai2\Video gốc\Khay đen\k1 - Satisfying ASMR\129 - v246.mp4
\\hai2\Video gốc\Khay đen\k1 - Satisfying ASMR\194 - V408.mp4
\\hai2\Video gốc\Khay đen\k1 - Satisfying ASMR\248 - 13CD.mp4
\\hai2\Video gốc\Khay đen\k1 - Satisfying ASMR\81 - v138 sua lai.mp4
\\hai2\Video gốc\Khay đen\k1 - Satisfying ASMR\80 - v146.mp4
\\hai2\Video gốc\Khay đen\k1 - Satisfying ASMR\265 - 41AE.mp4
\\hai2\Video gốc\Khay đen\k1 - Satisfying ASMR\115 - v214.mp4
\\hai2\Video gốc\Khay đen\k2 - Rainbow Satisfying\195 - v425.mp4
\\hai2\Video gốc\Khay đen\k1 - Satisfying ASMR\171 - V352.mp4
\\hai2\Video gốc\Khay đen\k2 - Rainbow Satisfying\318 - 105CA.mp4
\\hai2\Video gốc\Khay đen\k2 - Rainbow Satisfying\287 - 75CE.mp4
\\hai2\Video gốc\Khay đen\k2 - Rainbow Satisfying\365 - 132CD.mp4
\\hai2\Video gốc\Khay đen\k2 - Rainbow Satisfying\359 - 129CC.mp4
\\hai2\Video gốc\Khay đen\k1 - Satisfying ASMR\173 - V356.mp4
\\hai2\Video gốc\Khay đen\k2 - Rainbow Satisfying\294 - 80CG.mp4
\\hai2\Video gốc\Khay đen\k2 - Rainbow Satisfying\85 - v153.mp4
\\hai2\Video gốc\Khay đen\k2 - Rainbow Satisfying\250 - v26E.mp4
\\hai2\Video gốc\Khay đen\k2 - Rainbow Satisfying\264 - 49AE.mp4
\\hai2\Video gốc\Khay đen\k1 - Satisfying ASMR\148 - V292.mp4
\\hai2\Video gốc\Khay đen\k1 - Satisfying ASMR\169 - V342.mp4
\\hai2\Video gốc\Khay đen\k2 - Rainbow Satisfying\378 - 147CD.mp4
\\hai2\Video gốc\Khay đen\k1 - Satisfying ASMR\235 - v498.mp4
\\hai2\Video gốc\Khay đen\k1 - Satisfying ASMR\132 - v252.mp4
\\hai2\Video gốc\Khay đen\k1 - Satisfying ASMR\255 - 22ED.mp4
\\hai2\Video gốc\Khay đen\k2 - Rainbow Satisfying\163 - v335.mp4
\\hai2\Video gốc\Khay đen\k1 - Satisfying ASMR\215 - V464.mp4
\\hai2\Video gốc\Khay đen\k2 - Rainbow Satisfying\99 - v183.mp4
\\hai2\Video gốc\Khay đen\k2 - Rainbow Satisfying\78 - v141.mp4
\\hai2\Video gốc\Khay đen\k2 - Rainbow Satisfying\129 - v249.mp4
\\hai2\Video gốc\Khay đen\k1 - Satisfying ASMR\143 - V282.mp4
\\hai2\Video gốc\Khay đen\k2 - Rainbow Satisfying\167CC.mp4
\\hai2\Video gốc\Khay đen\k1 - Satisfying ASMR\244 - V510.mp4
