\\seo_no_luc\Unboxing doll\Thomas\V496 - Hải chú ý giảm sáng.mp4
F:\Thomas\K1-58-v123 - duyệt.mp4
\\seo_no_luc\Unboxing doll\Thomas\V493.mp4
F:\Thomas\K1-50-v109 - duyệt.mp4
\\seo_no_luc\Unboxing doll\Thomas\V497.mp4
F:\Thomas\E274.mp4
F:\Thomas\E217.mp4
F:\Thomas\E258.mp4
F:\Thomas\V454.H.mp4
F:\Thomas\E373.H - play.mp4
F:\Thomas\V461.mp4
F:\Thomas\E383.H (sua).mp4
F:\Thomas\E224.mp4
F:\Thomas\V167.H - play - Duyệt.mp4
F:\Thomas\E334.H - play (sửa).mp4
F:\Thomas\K1-63-v135 - duyệt.mp4
F:\Thomas\E396.H.mp4
F:\Thomas\v60.mp4
F:\Thomas\E261.mp4
F:\Thomas\E323.mp4
F:\Thomas\E359.H - play.mp4
F:\Thomas\V106 sửa.mp4
F:\Thomas\K2-30-v92 - duyệt.mp4
F:\Thomas\V469-sua.mp4
F:\Thomas\V431.H.mp4
F:\Thomas\K2-53-v136 - duyệt.mp4
F:\Thomas\V450.H.mp4
F:\Thomas\v64.mp4
F:\Thomas\v145.mp4
F:\Thomas\V483.mp4
F:\Thomas\v176.mp4
