D:\Video\752AGF.mp4
D:\Video\760AGB.mp4
D:\Video\102.mp4
D:\Video\526HD.mp4
D:\Video\768AHE.mp4
D:\Video\660HB.mp4
D:\Video\224-.mp4
D:\Video\506HD.mp4
D:\Video\132.mp4
D:\Video\719EH.mp4
\\SEO_NO_LUC\Tractor\Video\828AKF.mp4
D:\Video\129.mp4
D:\Video\504HD.mp4
D:\Video\811AKB.mp4
D:\Video\419A mini1.mp4
D:\Video\321A mini thu am.mp4
D:\Video\527HD.mp4
D:\Video\175.mp4
D:\Video\199.mp4
D:\Video\834AKD.mp4
D:\Video\322A mini.mp4
\\SEO_NO_LUC\Tractor\Video\832AHF.mp4
D:\Video\242.mp4
D:\Video\488HD.mp4
D:\Video\371A mini1.mp4
D:\Video\336A mini thu am.mp4
D:\Video\342C thu âm.mp4
D:\Video\671HB.mp4
D:\Video\110 mini1.mp4
D:\Video\482HD.mp4
D:\Video\650KD.mp4
D:\Video\367C.mp4
D:\Video\557FD.mp4
D:\Video\169.mp4
D:\Video\294C.mp4
D:\Video\571HB.mp4
D:\Video\645GD.mp4
D:\Video\360A mini1.mp4
D:\Video\258.mp4
D:\Video\812AHB.mp4
D:\Video\680HS.mp4
D:\Video\658HB.mp4
D:\Video\672HE sua lai.mp4
D:\Video\390C.mp4
D:\Video\402A mini1.mp4
D:\Video\214.mp4
D:\Video\163.mp4
D:\Video\517HD.mp4
D:\Video\353C thu âm.mp4
D:\Video\143.mp4
D:\Video\332C.mp4
D:\Video\818AKD.mp4
\\SEO_NO_LUC\Tractor\Video\834AKD.mp4
D:\Video\134.mp4
D:\Video\364A mini1.mp4
D:\Video\778AGD.mp4
D:\Video\317A mini ghep.mp4
D:\Video\236-.mp4
D:\Video\346C thu âm.mp4
D:\Video\189.mp4
D:\Video\127.mp4
\\SEO_NO_LUC\Tractor\Video\720AHD_ .mp4
D:\Video\772AGB.mp4
D:\Video\162B.mp4
D:\Video\649KB.mp4
D:\Video\707EKC Hiếu .mp4
D:\Video\449A mini1.mp4
D:\Video\698H.mp4
D:\Video\401C.mp4
D:\Video\491HD.mp4
D:\Video\309D.mp4
D:\Video\362.mp4
D:\Video\254.mp4
D:\Video\324D.mp4
D:\Video\678GD.mp4
D:\Video\641GC.mp4
D:\Video\783EHB.mp4
D:\Video\695K Sơn.mp4
D:\Video\368D.mp4
D:\Video\373C.mp4
D:\Video\349C.mp4
D:\Video\310C.mp4
D:\Video\113.mp4
D:\Video\781EKD.mp4
D:\Video\343C.mp4
D:\Video\337C thu âm.mp4
D:\Video\355D (2).mp4
D:\Video\274C.mp4
D:\Video\758AGB.mp4
D:\Video\148.mp4
D:\Video\743EHD.mp4
D:\Video\801AHF.mp4
D:\Video\350D (2).mp4
D:\Video\285C.mp4
D:\Video\209.mp4
