I:\SEO 2\SEO - TRACTOR 2\ĐÃ UP\F242C\V242.mp4
H:\Number\Rainbow Number\147GC\147GC.mp4
H:\Number\Number 1.0\B\Đã up\77BHC\77BHC.mp4
H:\Number\Rainbow Number\126FD\V126FD.mp4
I:\SEO 2\SEO - TRACTOR 2\ĐÃ UP\V12\12 chuẩn.mp4
E:\HP Mini (Tractor 1)\ĐÃ UP\H443\H443 sửa.mp4
I:\SEO 2\SEO - TRACTOR 1\ĐÃ UP\V211 - Phụ\211 Phụ.mp4
H:\Number\Number B 2.0\334HBC\334HBC-Hiếu.mp4
H:\Number\Number B 2.0\316KLG\316KLG.mp4
I:\SEO 2\SEO - TRACTOR 1\ĐÃ UP\V276\C276C.mp4
H:\Number\Number 1.0\B\Đã up\200BHA\200BHA.mp4
I:\SEO 2\SEO - TRACTOR 2\ĐÃ UP\v172\B172.mp4
H:\Number\Rainbow Number\190FC\190FC.mp4
H:\Number\Number 1.0\A\ĐÃ UP\207BGA\207BGA.mp4
H:\Number\Number 1.0\A\ĐÃ UP\174BGC\174BGC.mp4
I:\SEO 2\SEO - TRACTOR 1\ĐÃ UP\V169\V169.mp4
H:\Number\Number 1.0\Number Slime\ĐÃ UP\79FGC\79FGC.mp4
H:\Number\Number 1.0\Number Slime\ĐÃ UP\125FLA\125FLA.mp4
I:\SEO 2\SEO - TRACTOR 2\ĐÃ UP\V82\V82.mp4
H:\Number\Number Slime 2.0\343HCC\343HCC-Hiếu.mp4
H:\Number\Rainbow Number\148GD\148GD.mp4
I:\SEO 2\SEO - TRACTOR 1\ĐÃ UP\V279\F279C.mp4
H:\Number\Number Slime 2.0\369GLB\369GLB.mp4
H:\Number\Number B 2.0\319HCE\319HCE sua lai.mp4
H:\Number\Rainbow Number\308HE\308HE - 323A sua lai.mp4
H
H:\Number\Number 1.0\Number Slime\ĐÃ UP\287KLB\287KLB.mp4
H:\Number\Number 1.0\A\ĐÃ UP\110BFC\110BFC.mp4
H:\Number\Number 1.0\B\Đã up\20DA\20DA RN.mp4
H:\Number\Number 1.0\Number Slime\ĐÃ UP\208BKB\208BKB.mp4
H:\Number\Number 1.0\B\Đã up\55BFB\55BFB.mp4
I:\SEO 2\SEO - TRACTOR 1\ĐÃ UP\V46\V46.mp4
I:\SEO 2\SEO - TRACTOR 1\ĐÃ UP\V198\V198.mp4
H:\Number\Number 1.0\B\Đã up\222BGC\222BGC.mp4
H:\Number\Number 1.0\B\Đã up\128FC\128FC.mp4
E:\HP Mini (Tractor 1)\Tuần mới\ĐÃ UP\622HC\622HC.mp4
I:\SEO 2\SEO - TRACTOR 1\ĐÃ UP\V301\F301C thu âm.mp4
E:\HP Mini (Tractor 1)\Tuần mới\ĐÃ UP\661KB\661KB.mp4
I:\SEO 2\SEO - TRACTOR 2\ĐÃ UP\ĐÃ DÙNG - Kênh Tractor TV\ĐÃ DÙNG\V159\V159.mp4
H:\Number\Rainbow Number\154FC\154FC.mp4
E:\HP Mini (Tractor 1)\ĐÃ UP\H443\H443 sửa.mp4
H:\Number\Rainbow Number\321KB\321KB.mp4
H:\Number\Number 1.0\A\ĐÃ UP\104BFC\104BFC.mp4
H:\Number\Number 1.0\B\Đã up\227BGA\227BGA.mp4
H:\Number\Rainbow Number\205HC\205HC.mp4
H:\Number\Rainbow Number\230HD\230HD.mp4
I:\SEO 2\SEO - TRACTOR 2\ĐÃ UP\ĐÃ DÙNG - Kênh Tractor TV\ĐÃ DÙNG\V209 - Phụ k1\V209.mp4
E:\HP Mini (Tractor 1)\Tuần mới\ĐÃ UP\728AKD\728AKD Thoại .mp4
E:\HP Mini (Tractor 1)\Tuần mới\ĐÃ UP\633KD\633KD.mp4
E:\HP Mini (Tractor 1)\ĐÃ UP\B383C\B383C.mp4
E:\HP Mini (Tractor 1)\Tuần mới\ĐÃ UP\552FA\552FA.mp4
E:\HP Mini (Tractor 1)\Tuần mới\ĐÃ UP\626KD\626KD.mp4
H:\Number\Number B 2.0\344KCE\344KCE.mp4
E:\HP Mini (Tractor 1)\Tuần mới\ĐÃ UP\621HB\621HB.mp4
E:\HP Mini (Tractor 1)\Tuần mới\ĐÃ UP\591KC\591KC.mp4
H:\Number\Number 1.0\Number Slime\ĐÃ UP\151LA\151LA.mp4
H:\Number\Number 1.0\B\Đã up\155BGC\155BGC.mp4
H:\Number\Number 1.0\Number Slime\ĐÃ UP\220BGD\220BGD.mp4
H:\Number\Number 1.0\B\Đã up\81BHA\81BHA.mp4
E:\HP Mini (Tractor 1)\ĐÃ UP\465FA\465FA mini1.mp4
H:\Number\Number A 2.0\432KLC\432KLC-Hiếu.mp4
H:\Number\Number 1.0\Number Slime\ĐÃ UP\231BGC\231BGC.mp4
H:\Number\Rainbow Number\292GE\292GE - 336A.mp4
E:\HP Mini (Tractor 1)\ĐÃ UP\V367C\F367C.mp4
H:\Number\Number 1.0\Number Slime\ĐÃ UP\97FC\97FC.mp4
H:\Number\Number 1.0\Number Slime\ĐÃ UP\46FGA\46FGA.mp4
E:\HP Mini (Tractor 1)\ĐÃ UP\E402A\E402A mini1.mp4
E:\HP Mini (Tractor 1)\ĐÃ UP\V398\F398C.mp4
I:\SEO 2\SEO - TRACTOR 1\ĐÃ UP\V8\V8.MP4
E:\HP Mini (Tractor 1)\Tuần mới\ĐÃ UP\486HD\V486HD sửa.mp4
E:\HP Mini (Tractor 1)\ĐÃ UP\V453\453HA.mp4
H:\Number\Number A 2.0\392BKE\392BKE.mp4
I:\SEO 2\SEO - TRACTOR 2\ĐÃ UP\V24\24 chuẩn.mp4
H:\Number\Number 1.0\B\Đã up\182BHD\V182BHD.mp4
E:\HP Mini (Tractor 1)\ĐÃ UP\V365\C365A mini1.mp4
H:\Number\Number Slime 2.0\344HBB\344HBB.mp4
I:\SEO 2\SEO - TRACTOR 1\ĐÃ UP\V79\V79.mp4
H:\Number\Number 1.0\B\Đã up\188BGD\188BGD.mp4
I:\SEO 2\SEO - TRACTOR 2\ĐÃ UP\V72\72.mp4
E:\HP Mini (Tractor 1)\Tuần mới\ĐÃ UP\698H\698H.mp4
H:\Number\Rainbow Number\190FC\190FC.mp4
H:\Number\Number B 2.0\366HD\366HLD.mp4
I:\SEO 2\SEO - TRACTOR 2\ĐÃ UP\V116\B116A mini2.mp4
H:\Number\Number 1.0\B\Đã up\89BHA\89BHA.mp4
H:\Number\Number 1.0\A\ĐÃ UP\96BC\96BC.mp4
H:\Number\Number Slime 2.0\311HCE\311HCE.mp4
H:\Number\Number 1.0\Number Slime\ĐÃ UP\178BGA\178BGA.mp4
H:\Number\Number 1.0\A\ĐÃ UP\165BHC\165BHC.mp4
E:\HP Mini (Tractor 1)\Tuần mới\ĐÃ UP\588KC\588KC-1.mp4
E:\HP Mini (Tractor 1)\Tuần mới\ĐÃ UP\759EHB\759EHB.mp4
E:\HP Mini (Tractor 1)\Tuần mới\ĐÃ UP\577HA\577HA.mp4
H:\Number\Rainbow Number\344GE\344GE - 390A.mp4
H:\Number\Number 1.0\B\Đã up\209BGC\209BGC.mp4
I:\SEO 2\SEO - TRACTOR 1\ĐÃ UP\V167\V167.mp4
H:\Number\Number Slime 2.0\339HCE\339HCE.mp4
H:\Number\Number 1.0\A\ĐÃ UP\149BGC\149BGC.mp4
H:\Number\Number 1.0\Number Slime\ĐÃ UP\103FLC\103FLC.mp4
H:\Number\Number A 2.0\419GCE\419GCE sua lai.mp4
E:\HP Mini (Tractor 1)\ĐÃ UP\V356A\F356A mini1.mp4
E:\HP Mini (Tractor 1)\ĐÃ UP\V396A\D396A mini1.mp4
H:\Number\Number 1.0\Number Slime\ĐÃ UP\150LA\150LA.mp4
H:\Number\Number 1.0\A\ĐÃ UP\124BC\124BC.mp4
H:\Number\Number 1.0\B\Đã up\113BGA\113BGA.mp4
H:\Number\Rainbow Number\374KD\374KD.mp4
H:\Number\Number 1.0\A\ĐÃ UP\305BHA\305BHA.mp4
H:\Number\Number A 2.0\430KLC\430KLC-Hiếu.mp4
H:\Number\Number 1.0\Number Slime\ĐÃ UP\203BKC\203BKC.mp4
H:\Number\Number 1.0\Number Slime\ĐÃ UP\158LB\158LB.mp4
H:\Number\Number 1.0\B\Đã up\95BGA\95BGA.mp4
H:\Number\Number 1.0\B\Đã up\166BA\166BA.mp4
H:\Number\Number 1.0\B\Đã up\101BGA\101BGA.mp4
H:\Number\Number 1.0\Number Slime\ĐÃ UP\23BFA\23BFA.mp4
I:\SEO 2\SEO - TRACTOR 1\ĐÃ UP\V273\C273C.mp4
H:\Number\Number 1.0\A\ĐÃ UP\283BHA\283BHA.mp4
H:\Number\Rainbow Number\212HA\212HA.mp4
H:\Number\Number 1.0\Number Slime\ĐÃ UP\77FGA\77FGA.mp4
H:\Number\Number 1.0\B\Đã up\174BFD\V174BFD.mp4
H:\Number\Number 1.0\Number Slime\ĐÃ UP\176LGA\176LGA.mp4
H:\Number\Rainbow Number\117FD\V117FD.mp4
H:\Number\Number A 2.0\391BGA\391BGA.mp4
H:\Number\Number 1.0\A\ĐÃ UP\317BKC\317BKC.mp4
H:\Number\Number 1.0\B\Đã up\64BHC\64BHC.mp4
E:\HP Mini (Tractor 1)\Tuần mới\ĐÃ UP\V499GD\V499GD.mp4
E:\HP Mini (Tractor 1)\ĐÃ UP\453HA\453HA mini1.mp4
E:\HP Mini (Tractor 1)\Tuần mới\ĐÃ UP\662GD\662GD.mp4
H:\Number\Number 1.0\Number Slime\ĐÃ UP\117BLA\117BLA.mp4
E:\HP Mini (Tractor 1)\ĐÃ UP\V299\C299C.mp4
H:\Number\Rainbow Number\134GD\V134GD.mp4
H:\Number\Number 1.0\B\Đã up\30BA\30BA number C.mp4
H:\Number\Number 1.0\A\ĐÃ UP\129BC\129BC.mp4
H:\Number\Number 1.0\A\ĐÃ UP\291BHA\291BHA.mp4
E:\HP Mini (Tractor 1)\ĐÃ UP\V343\F343C.mp4
E:\HP Mini (Tractor 1)\Tuần mới\ĐÃ UP\469HA\469HA mini1_1.mp4
H:\Number\Number 1.0\B\Đã up\15BA\15BA RN.mp4
H:\Number\Rainbow Number\Đã up\101GD\V101GD.mp4
H:\Number\Rainbow Number\258K\258K - 289 Number A.mp4
I:\SEO 2\SEO - TRACTOR 2\ĐÃ UP\V83\83.mp4
H:\Number\Number 1.0\A\ĐÃ UP\62BC\62BC.mp4
H:\Number\Rainbow Number\318HB\318HB.mp4
H:\Number\Number 1.0\Number Slime\ĐÃ UP\202BKC\202BKC.mp4
I:\SEO 2\SEO - TRACTOR 1\ĐÃ UP\V74\V74.mp4
H:\Number\Rainbow Number\336HE\336HE - 365A.mp4
H:\Number\Number 1.0\A\ĐÃ UP\237BHC\237BHC.mp4
H:\Number\Number Slime 2.0\363GBE\363GBE.mp4
H:\Number\Number Slime 2.0\333KLE\333KLE.mp4
H:\Number\Rainbow Number\187FC\187FC.mp4
H:\Number\Number B 2.0\309KCE\309KCE.mp4
H:\Number\Rainbow Number\244HA\244HA.mp4
E:\HP Mini (Tractor 1)\Tuần mới\ĐÃ UP\485HD\V485HD.mp4
H:\Number\Number 1.0\Number Slime\ĐÃ UP\66FC\66FC.mp4
H:\Number\Rainbow Number\Đã up\91GB\91GB.mp4
H:\Number\Number 1.0\Number Slime\ĐÃ UP\152LA\152LA.mp4
H:\Number\Rainbow Number\170FC\170FC.mp4
I:\SEO 2\SEO - TRACTOR 1\ĐÃ UP\V309\F309D đã thu âm.mp4
I:\SEO 2\SEO - TRACTOR 1\ĐÃ UP\V306\C306D đã thu âm.mp4
H:\Number\Number 1.0\B\Đã up\151BGA\151BGA.mp4
E:\HP Mini (Tractor 1)\ĐÃ UP\V374\F374A mini1-1.mp4
H:\Number\Number 1.0\B\Đã up\263BHB\263BHB.mp4
I:\SEO 2\SEO - TRACTOR 2\ĐÃ UP\V9\9.mp4
E:\HP Mini (Tractor 1)\Tuần mới\ĐÃ UP\410GA\410GA.mp4
H:\Number\Number 1.0\Number Slime\ĐÃ UP\232BGC\232BGC.mp4
I:\SEO 2\SEO - TRACTOR 1\ĐÃ UP\V101\V101 mini1.mp4
H:\Number\Number 1.0\A\ĐÃ UP\84BC\84BC.mp4
H:\Number\Rainbow Number\206HC\206HC.mp4
E:\HP Mini (Tractor 1)\Tuần mới\ĐÃ UP\673GB\673GB.mp4
E:\HP Mini (Tractor 1)\Tuần mới\ĐÃ UP\601HD\601HD.mp4
H:\Number\Number 1.0\A\ĐÃ UP\258BHC\258BHC.mp4
H:\Number\Number B 2.0\315KLG\315KLG.mp4
H:\Number\Number 1.0\B\Đã up\129BC\129BC.mp4
H:\Number\Number 1.0\Number Slime\ĐÃ UP\253GLC\253GLC.mp4
E:\HP Mini (Tractor 1)\ĐÃ UP\V425\C425A mini1.mp4
E:\HP Mini (Tractor 1)\ĐÃ UP\V326\C326A mini thu am-1.mp4
E:\HP Mini (Tractor 1)\ĐÃ UP\F400C\F400C.mp4
H:\Number\Rainbow Number\340KE\340KE - 401A.mp4
H:\Number\Number 1.0\B\Đã up\31BA\31BA numberC.mp4
E:\HP Mini (Tractor 1)\ĐÃ UP\V377\E377A mini.mp4
E:\HP Mini (Tractor 1)\Tuần mới\ĐÃ UP\640GB\640GB.mp4
H:\Number\Number 1.0\A\ĐÃ UP\382GCE\382GCE sua lai.mp4
H:\Number\Number Slime 2.0\300GCC\300GCC.mp4
H:\Number\Number 1.0\A\ĐÃ UP\133BHC\133BHC.mp4
E:\HP Mini (Tractor 1)\ĐÃ UP\492HA\492HA mini1.mp4
E:\HP Mini (Tractor 1)\Tuần mới\ĐÃ UP\714AGE\714AGE sua lai.mp4
E:\HP Mini (Tractor 1)\Tuần mới\ĐÃ UP\671HB\671HB.mp4
H:\Number\Number 1.0\Number Slime\ĐÃ UP\230BGC\230BGC.mp4
H:\Number\Number 1.0\B\Đã up\269BGF\269BGF.mp4
E:\HP Mini (Tractor 1)\ĐÃ UP\V386\F386C.mp4
E:\HP Mini (Tractor 1)\Tuần mới\ĐÃ UP\532DC\532DC.mp4
E:\HP Mini (Tractor 1)\Tuần mới\ĐÃ UP\750AHB\750AHB.mp4
H:\Number\Rainbow Number\274KF\274KF.mp4
I:\SEO 2\SEO - TRACTOR 1\ĐÃ UP\V88\V88.mp4
E:\HP Mini (Tractor 1)\Tuần mới\ĐÃ UP\666HD\666HD.mp4
H:\Number\Number 1.0\A\ĐÃ UP\135BHC\135BHC.mp4
H:\Number\Number 1.0\B\Đã up\111BGA\111BGA.mp4
H:\Number\Rainbow Number\161FC\161FC.mp4
H:\Number\Number B 2.0\343KLE\343KLE.mp4
H:\Number\Number 1.0\A\ĐÃ UP\251BGC\251BGC.mp4
E:\HP Mini (Tractor 1)\Tuần mới\ĐÃ UP\592KD\592KD.mp4
E:\HP Mini (Tractor 1)\Tuần mới\ĐÃ UP\521HA\521HA.mp4
H:\Number\Number 1.0\A\ĐÃ UP\359KLA\359KLA.mp4
H:\Number\Number 1.0\A\ĐÃ UP\179BGC\179BGC.mp4
H:\Number\Number 1.0\Number Slime\ĐÃ UP\47FGA\47FGA.mp4
H:\Number\Number 1.0\B\Đã up\33BA\33BA.mp4
H:\Number\Number 1.0\Number Slime\ĐÃ UP\133LA\133LA.mp4
H:\Number\Number A 2.0\415KCE\415KCE sua lai.mp4
H:\Number\Number 1.0\Number Slime\ĐÃ UP\295HGC\295HCG.mp4
H:\Number\Number 1.0\A\ĐÃ UP\375GLA\357GLA.mp4
H:\Number\Rainbow Number\225HD\225HD.mp4
E:\HP Mini (Tractor 1)\Tuần mới\ĐÃ UP\548HA\548HA.mp4
I:\SEO 2\SEO - TRACTOR 2\ĐÃ UP\V47\47 xong.mp4
H:\Number\Rainbow Number\317HB\317HB.mp4
H:\Number\Number 1.0\A\ĐÃ UP\264BHA\264BHA.mp4
E:\HP Mini (Tractor 1)\Tuần mới\ĐÃ UP\652HD\652HD.mp4
H:\Number\Rainbow Number\216HA\216HA.mp4
H:\Number\Number 1.0\Number Slime\ĐÃ UP\245BHA\245BHA.mp4
E:\HP Mini (Tractor 1)\ĐÃ UP\v370\E370A mini1-1.mp4
H:\Number\Number 1.0\Number Slime\ĐÃ UP\11DA\Satisfying ASMR  How to Make Rainbow Huggy Wuggy Bathtub by Mixing SLIME in Globe CLAY Coloring.mp4
I:\SEO 2\SEO - TRACTOR 2\ĐÃ UP\ĐÃ DÙNG - Kênh Tractor TV\ĐÃ DÙNG\V120\V120.mp4
H:\Number\Number A 2.0\423BHE\423BHE.mp4
I:\SEO 2\SEO - TRACTOR 1\ĐÃ UP\V298\F298C thu âm.mp4
E:\HP Mini (Tractor 1)\Tuần mới\ĐÃ UP\566KD\V566KD.mp4
H:\Number\Number 1.0\Number Slime\ĐÃ UP\130FL\130FLA.mp4
E:\HP Mini (Tractor 1)\Tuần mới\ĐÃ UP\624GD\624GD.mp4
H:\Number\Number 1.0\B\Đã up\313GCE\313GCE sua lai.mp4
H:\Number\Number 1.0\Number Slime\ĐÃ UP\123FLA\123FLA.mp4
H:\Number\Number 1.0\B\Đã up\223BGD\223BGD.mp4
H:\Number\Rainbow Number\254K\254K - 295 Number A.mp4
E:\HP Mini (Tractor 1)\Tuần mới\ĐÃ UP\488HD\V488HD.mp4
H:\Number\Number 1.0\A\ĐÃ UP\156BHC\156BHC.mp4
E:\HP Mini (Tractor 1)\ĐÃ UP\V381C\B381C.mp4
H:\Number\Number 1.0\B\Đã up\233BGC\233BGC.mp4
E:\HP Mini (Tractor 1)\ĐÃ UP\H442A\H442A mini1.mp4
H:\Number\Number A 2.0\404KCE\404KCE.mp4
E:\HP Mini (Tractor 1)\Tuần mới\ĐÃ UP\683KG\683KA.mp4
H:\Number\Number 1.0\A\ĐÃ UP\106BFC\106BFC.mp4
E:\HP Mini (Tractor 1)\Tuần mới\ĐÃ UP\478GA\478GA-1.mp4
I:\SEO 2\SEO - TRACTOR 1\ĐÃ UP\V60\V60.mp4
H:\Number\Number 1.0\Number Slime\ĐÃ UP\160GLA\160GLA.mp4
H:\Number\Number 1.0\Number Slime\ĐÃ UP\92FA\92FA.mp4
H:\Number\Number 1.0\A\ĐÃ UP\155BHC\155BHC.mp4
H:\Number\Rainbow Number\209KC\209KC.mp4
E:\HP Mini (Tractor 1)\Tuần mới\ĐÃ UP\533DC\533DC.mp4
H:\Number\Rainbow Number\155FC\155FC.mp4
H:\Number\Number B 2.0\369HLD\369HLD.mp4
H:\Number\Number 1.0\A\ĐÃ UP\196BFC\196BFC.mp4
H:\Number\Number 1.0\Number Slime\ĐÃ UP\20BFA\Finding Minions with Mixing SLIME inside Rainbow Crib Shapes CLAY Coloring! Satisfying ASMR Videos.mp4
E:\HP Mini (Tractor 1)\Tuần mới\ĐÃ UP\730AGA\730AGA Hào.mp4
E:\HP Mini (Tractor 1)\Tuần mới\ĐÃ UP\645GD\645GD.mp4
E:\HP Mini (Tractor 1)\Tuần mới\ĐÃ UP\480GD\480GD.mp4
H:\Number\Number 1.0\A\ĐÃ UP\182BGC\182BGC-1.mp4
H:\Number\Number 1.0\B\Đã up\234BGD\234BGD.mp4
H:\Number\Number 1.0\A\ĐÃ UP\118BC\118BC.mp4
E:\HP Mini (Tractor 1)\Tuần mới\ĐÃ UP\754AKE\754AKE co thoai.mp4
H:\Number\Number 1.0\B\Đã up\39DA\39DA.mp4
H:\Number\Number 1.0\A\ĐÃ UP\344BHD\344BHD.mp4
E:\HP Mini (Tractor 1)\Tuần mới\ĐÃ UP\728AKD\UP.mp4
H:\Number\Rainbow Number\133GC\133GC.mp4
H:\Number\Rainbow Number\232GD\232GD.mp4
H:\Number\Number 1.0\Number Slime\ĐÃ UP\195BHA\195BHA.mp4
H:\Number\Number 1.0\Number Slime\ĐÃ UP\64FA\64FA.mp4
H:\Number\Number Slime 2.0\314HCE\314HCE sua lai.mp4
H:\Number\Number 1.0\B\Đã up\212BHD\212BHD.mp4
E:\HP Mini (Tractor 1)\Tuần mới\ĐÃ UP\773EGE\773EGE co thoai.mp4
E:\HP Mini (Tractor 1)\Tuần mới\ĐÃ UP\606GC\606GC.mp4
H:\Number\Number 1.0\B\Đã up\41BFA\41BFA.mp4
H:\Number\Rainbow Number\237GA\237GA.mp4
E:\HP Mini (Tractor 1)\ĐÃ UP\V342\E342C thu âm-1.mp4
H:\Number\Number 1.0\A\ĐÃ UP\304BHC\304BHC.mp4
E:\HP Mini (Tractor 1)\ĐÃ UP\V373C\F373C_1.mp4
I:\SEO 2\SEO - TRACTOR 1\ĐÃ UP\V338\F338C thu âm.mp4
E:\HP Mini (Tractor 1)\Tuần mới\ĐÃ UP\637HD\637HD.mp4
H:\Number\Number 1.0\Number Slime\ĐÃ UP\143LA\143LA.mp4
H:\Number\Number 1.0\Number Slime\ĐÃ UP\15DA\Suitcase SLIME Making Rainbow Baby Shark Bathtub by Mixing CLAY Coloring! Satisfying ASMR Videos.mp4
H:\Number\Number 1.0\B\Đã up\219BHA\219BHA.mp4
H:\Number\Number 1.0\Number Slime\ĐÃ UP\22BFA\22BFA.mp4
E:\HP Mini (Tractor 1)\Tuần mới\ĐÃ UP\712AGC\712AGC-Hiếu.mp4
H:\Number\Number B 2.0\360KBE\360KBE.mp4
E:\HP Mini (Tractor 1)\ĐÃ UP\V423\F423A mini1.mp4
H:\Number\Number 1.0\A\ĐÃ UP\316BKG\316BKG.mp4
H:\Number\Number 1.0\Number Slime\ĐÃ UP\273HLD\273HLD.mp4
H:\Number\Rainbow Number\316HB\316HB.mp4
E:\HP Mini (Tractor 1)\Tuần mới\ĐÃ UP\686GS\686GS.mp4
H:\Number\Number 1.0\A\ĐÃ UP\115BC\115BFC.mp4
E:\HP Mini (Tractor 1)\Tuần mới\ĐÃ UP\728AKD\728AKD.mp4
H:\Number\Number 1.0\B\Đã up\308KCE\308KCE sua lai.mp4
I:\SEO 2\SEO - TRACTOR 1\ĐÃ UP\V275\C275C.mp4
I:\SEO 2\SEO - TRACTOR 1\ĐÃ UP\V106\V106.mp4
I:\SEO 2\SEO - TRACTOR 2\ĐÃ UP\V18\Crane Pulling Out Rescues Concrete Mixer Truck in Accident  Stopmotion  Hp Mini  @DIYFarm.mp4
H:\Number\Number 1.0\A\ĐÃ UP\260BHC\260BHC.mp4
H:\Number\Rainbow Number\123FD\123FD.mp4
E:\HP Mini (Tractor 1)\ĐÃ UP\V340\G340A mini thu am.mp4
E:\HP Mini (Tractor 1)\Tuần mới\ĐÃ UP\724AKD\724AKD thoại .mp4
H:\Number\Number 1.0\Number Slime\ĐÃ UP\53FGA\53FGA.mp4
H:\Number\Rainbow Number\290HE\290HE - 303A sua lai.mp4
H:\Number\Number 1.0\B\Đã up\211BGC\211BGC.mp4
H:\Number\Rainbow Number\226HD\226HD_1.mp4
E:\HP Mini (Tractor 1)\Tuần mới\ĐÃ UP\610GC\610GC.mp4
H:\Number\Number 1.0\B\Đã up\13BA\13BA RN.mp4
H:\Number\Rainbow Number\339KE\339KE - 400A sua lai.mp4
E:\HP Mini (Tractor 1)\Tuần mới\ĐÃ UP\C405\C405.mp4
H:\Number\Number 1.0\B\Đã up\289HLG\289HLG.mp4
H:\Number\Number A 2.0\428KLE\428KLE.mp4
H:\Number\Number A 2.0\416GCE\416GCE.mp4
H:\Number\Number 1.0\A\ĐÃ UP\93BC\93BC.mp4
H:\Number\Number Slime 2.0\312HCE\312HCE.mp4
E:\HP Mini (Tractor 1)\Tuần mới\ĐÃ UP\715EGE\715EGE sua lai.mp4
H:\Number\Number 1.0\A\ĐÃ UP\372HCB\372HCB.mp4
H:\Number\Number 1.0\B\Đã up\19DA\19DA RN.mp4
H:\Number\Number 1.0\B\Đã up\22DA\22DA RN.mp4
H:\Number\Number 1.0\A\ĐÃ UP\311BHG\311BHG.mp4
E:\HP Mini (Tractor 1)\Tuần mới\ĐÃ UP\578HC\578HC.mp4
H:\Number\Number A 2.0\437HCA\437HCA Thuận.mp4
H:\Number\Number 1.0\A\ĐÃ UP\282BHA\282BHA.mp4
H:\Number\Number 1.0\A\ĐÃ UP\152BGC\152BGC.mp4
H:\Number\Number 1.0\B\Đã up\72BHC\72BHC.mp4
H:\Number\Number 1.0\A\ĐÃ UP\72BC\72BC.mp4
H:\Number\Number B 2.0\361KBE\361KBE sua lai.mp4
H:\Number\Rainbow Number\228HA\228HA.mp4
H:\Number\Number 1.0\B\Đã up\57BHC\57BHC.mp4
I:\SEO 2\SEO - TRACTOR 2\ĐÃ UP\ĐÃ DÙNG - Kênh Tractor TV\ĐÃ DÙNG\V98\V98 mini2s.mp4
I:\SEO 2\SEO - TRACTOR 2\ĐÃ UP\V181\B181A mini2.mp4
E:\HP Mini (Tractor 1)\Tuần mới\ĐÃ UP\691G\691G.mp4
E:\HP Mini (Tractor 1)\Tuần mới\ĐÃ UP\771EKD\771EKD thoai .mp4
E:\HP Mini (Tractor 1)\ĐÃ UP\V379C\B379C.mp4
H:\Number\Number 1.0\A\ĐÃ UP\341BGC\341BGC.mp4
E:\HP Mini (Tractor 1)\Tuần mới\ĐÃ UP\634KA\634KA.mp4
E:\HP Mini (Tractor 1)\Tuần mới\ĐÃ UP\464FA\464FA mini1.mp4
H:\Number\Number 1.0\A\ĐÃ UP\172BGC\172BGC.mp4
H:\Number\Number B 2.0\372GLD\372GLD.mp4
H:\Number\Number 1.0\A\ĐÃ UP\276BHA\276BHA.mp4
I:\SEO 2\SEO - TRACTOR 2\ĐÃ UP\V204 phu k1\V204A mini1 phu.mp4
H:\Number\Rainbow Number\352GC\352GC-Hiếu.mp4
H:\Number\Number 1.0\A\ĐÃ UP\139BGC\139BGC.mp4
H:\Number\Number 1.0\B\Đã up\312GCE\312GCE.mp4
H:\Number\Number A 2.0\427KLE\427KLE sua lai.mp4
H:\Number\Number 1.0\Number Slime\ĐÃ UP\129FLA\129FLA.mp4
H:\Number\Number 1.0\B\Đã up\43BFA\43BFA.mp4
H:\Number\Number 1.0\A\ĐÃ UP\381KCE\381KCE. sua lai.mp4
H:\Number\Rainbow Number\124FD\V124FD.mp4
H:\Number\Number 1.0\A\ĐÃ UP\141BGC\141BGC.mp4
I:\SEO 2\SEO - TRACTOR 2\ĐÃ UP\Kids\V65\65 xong.mp4
H:\Number\Number 1.0\B\Đã up\258BKD\258BKD.mp4
I:\SEO 2\SEO - TRACTOR 1\ĐÃ UP\V210\V210.mp4
H:\Number\Number Slime 2.0\361HLB\361HLB.mp4
E:\HP Mini (Tractor 1)\Tuần mới\ĐÃ UP\473HD\473HD.mp4
H:\Number\Number 1.0\B\Đã up\208BHD\208BHD.mp4
H:\Number\Rainbow Number\203HC\203HC.mp4
E:\HP Mini (Tractor 1)\Tuần mới\ĐÃ UP\665HB\665HB.mp4
E:\HP Mini (Tractor 1)\Tuần mới\ĐÃ UP\467FD\V467FD.mp4
E:\HP Mini (Tractor 1)\ĐÃ UP\E401C\E401C.mp4
H:\Number\Rainbow Number\389HF\389HF - 441A.mp4
H:\Number\Number 1.0\A\ĐÃ UP\162BHC\162BHC.mp4
I:\SEO 2\SEO - TRACTOR 1\ĐÃ UP\V129\V129.mp4
H:\Number\Number 1.0\Number Slime\ĐÃ UP\166LHA\166LHA.mp4
H:\Number\Number 1.0\Number Slime\ĐÃ UP\148LB\148LB.mp4
H:\Number\Number A 2.0\406KCS\406KCS.mp4
H:\Number\Number 1.0\Number Slime\ĐÃ UP\234BKA\234BKA.mp4
H:\Number\Number 1.0\Number Slime\ĐÃ UP\104FLC\104FLC-1.mp4
H:\Number\Rainbow Number\373KD\373KD.mp4
H:\Number\Number A 2.0\447GCD\447GCD.mp4
I:\SEO 2\SEO - TRACTOR 2\ĐÃ UP\V182\V182.mp4
H:\Number\Number 1.0\Number Slime\ĐÃ UP\282GLD\282GLD.mp4
H:\Number\Number 1.0\B\Đã up\255BKC\255BKC.mp4
H:\Number\Number B 2.0\349KCC\349KCC-Hiếu.mp4
H:\Number\Number 1.0\B\Đã up\93BHA\93BHA.mp4
H:\Number\Number 1.0\B\Đã up\104BGA\104BGA.mp4
E:\HP Mini (Tractor 1)\Tuần mới\ĐÃ UP\V496HD\V496HD.mp4
H:\Number\Number 1.0\B\Đã up\147\147BGA.mp4
H:\Number\Number 1.0\B\Đã up\115BFA\115BFA.mp4
H:\Number\Number A 2.0\417GCE\417GCE sua lai.mp4
H:\Number\Number 1.0\Number Slime\ĐÃ UP\101FLC\101FLC.mp4
H:\Number\Number 1.0\Number Slime\ĐÃ UP\55FGA\55FGA.mp4
H:\Number\Number 1.0\Number Slime\ĐÃ UP\240BKA\240BKA.mp4
H:\Number\Rainbow Number\282KG\282KG.mp4
E:\HP Mini (Tractor 1)\Tuần mới\ĐÃ UP\579GC\579GC.mp4
H:\Number\Rainbow Number\186FC\186FC.mp4
H:\Number\Rainbow Number\Đã up\102GD\V102GD.mp4
H:\Number\Number 1.0\Number Slime\ĐÃ UP\73FA\73FA.mp4
H:\Number\Number 1.0\Number Slime\ĐÃ UP\283KLD\283KLD.mp4
H:\Number\Rainbow Number\287GG\287GG.mp4
H:\Number\Number 1.0\B\Đã up\100BGA\100BGA.mp4
H:\Number\Rainbow Number\358HE\358HE - 300A.mp4
I:\SEO 2\SEO - TRACTOR 2\ĐÃ UP\ĐÃ DÙNG - Kênh Tractor TV\ĐÃ DÙNG\B182D RM\B182D RM.mp4
H:\Number\Number 1.0\A\ĐÃ UP\256BGC\256BGC.mp4
H:\Number\Number 1.0\B\Đã up\183BHD\V183BHD.mp4
H:\Number\Rainbow Number\169FC\169FC.mp4
E:\HP Mini (Tractor 1)\Tuần mới\ĐÃ UP\570HB\570HB.mp4
H:\Number\Rainbow Number\Đã up\113FC\113FC.mp4
E:\HP Mini (Tractor 1)\Tuần mới\ĐÃ UP\70GD\70GD Mini Nấm.mp4
H:\Number\Rainbow Number\135GC\135GC.mp4
E:\HP Mini (Tractor 1)\Tuần mới\ĐÃ UP\762AGF\762AGF.mp4
H:\Number\Number 1.0\A\ĐÃ UP\119BC\119BC.mp4
H:\Number\Number 1.0\B\Đã up\152BGA\152BGA.mp4
E:\HP Mini (Tractor 1)\Tuần mới\ĐÃ UP\527HD\V527HD.mp4
I:\SEO 2\SEO - TRACTOR 2\ĐÃ UP\V16\16.mp4
H:\Number\Number 1.0\Number Slime\ĐÃ UP\137LA\137LA.mp4
H:\Number\Number 1.0\A\ĐÃ UP\320BKC\320BKC.mp4
E:\HP Mini (Tractor 1)\Tuần mới\ĐÃ UP\599GA\599GA.mp4
I:\SEO 2\SEO - TRACTOR 1\ĐÃ UP\V115\V115.mp4
H:\Number\Number 1.0\Number Slime\ĐÃ UP\36FA\36FA.mp4
H:\Number\Number A 2.0\482GDC\482GDC.mp4
E:\HP Mini (Tractor 1)\ĐÃ UP\V445\G445A mini.mp4
I:\SEO 2\SEO - TRACTOR 1\ĐÃ UP\V281\F281C.mp4
I:\SEO 2\SEO - TRACTOR 1\ĐÃ UP\V244\V244.mp4
H:\Number\Number A 2.0\407HCS\407HCS.mp4
E:\HP Mini (Tractor 1)\Tuần mới\ĐÃ UP\611HC\611HC.mp4
H:\Number\Number 1.0\A\ĐÃ UP\346GAD\346GAD.mp4
I:\SEO 2\SEO - TRACTOR 1\ĐÃ UP\V232\232.mp4
E:\HP Mini (Tractor 1)\Tuần mới\ĐÃ UP\736AHB\736AHB.mp4
H:\Number\Number 1.0\B\Đã up\266BGF\266BGF.mp4
E:\HP Mini (Tractor 1)\ĐÃ UP\V353\E353C thu âm-1.mp4
E:\HP Mini (Tractor 1)\Tuần mới\ĐÃ UP\672HE\672HE sua lai.mp4
H:\Number\Rainbow Number\270HG\270HG.mp4
H:\Number\Rainbow Number\289HE\289HE - 306A.mp4
E:\HP Mini (Tractor 1)\Tuần mới\ĐÃ UP\701EK\701EK.mp4
E:\HP Mini (Tractor 1)\ĐÃ UP\V441\C441A mini1_1.mp4
H:\Number\Rainbow Number\306HE\306HE - 314A.mp4
H:\Number\Number 1.0\B\Đã up\21DA\21DA RN.mp4
E:\HP Mini (Tractor 1)\Tuần mới\ĐÃ UP\471HD\V471.mp4
E:\HP Mini (Tractor 1)\Tuần mới\ĐÃ UP\743EHD\743EHD thoai .mp4
H:\Number\Number 1.0\Number Slime\ĐÃ UP\239BKC\239BKC.mp4
H:\Number\Number 1.0\B\Đã up\56BHC\56BHC.mp4
H:\Number\Number 1.0\Number Slime\ĐÃ UP\108HLC\108HLC.mp4
H:\Number\Rainbow Number\189FC\189FC.mp4
H:\Number\Number 1.0\Number Slime\ĐÃ UP\165HLA\165HLA.mp4
H:\Number\Number 1.0\Number Slime\ĐÃ UP\19BFA\Rainbow Eggs SLIME Finding Minions in Mini Heart with CLAY Coloring! Satisfying ASMR Videos.mp4
H:\Number\Number 1.0\Number Slime\ĐÃ UP\259HLA\259HLA.mp4
E:\HP Mini (Tractor 1)\Tuần mới\ĐÃ UP\636GA\636GA.mp4
E:\HP Mini (Tractor 1)\Tuần mới\ĐÃ UP\510HA\510HA.mp4
E:\HP Mini (Tractor 1)\Tuần mới\ĐÃ UP\504HD\V504HD.mp4
E:\HP Mini (Tractor 1)\Tuần mới\ĐÃ UP\710GE\710GE sua lai.mp4
H:\Number\Rainbow Number\217KC\217KC.mp4
H:\Number\Rainbow Number\272KF\272KF.mp4
H:\Number\Rainbow Number\283KG\283KG.mp4
H:\Number\Number 1.0\B\Đã up\302GLG\302GLG.mp4
H:\Number\Number 1.0\B\Đã up\108BGA\108BGA.mp4
I:\SEO 2\SEO - TRACTOR 2\ĐÃ UP\V175\V175.mp4
I:\SEO 2\SEO - TRACTOR 1\ĐÃ UP\V220\V220.mp4
I:\SEO 2\SEO - TRACTOR 2\ĐÃ UP\V106\V106 mini2.mp4
H:\Number\Rainbow Number\269HG\269HG.mp4
H:\Number\Number 1.0\A\ĐÃ UP\169BGC\169BGC.mp4
E:\HP Mini (Tractor 1)\ĐÃ UP\91DC\91DC.mp4
H:\Number\Number 1.0\Number Slime\ĐÃ UP\60FGA\60FGA.mp4
H:\Number\Rainbow Number\120FD\V120FD.mp4
E:\HP Mini (Tractor 1)\Tuần mới\ĐÃ UP\743EHD\743EHD.mp4
H:\Number\Number 1.0\Number Slime\ĐÃ UP\243BHD\243BHD.mp4
H:\Number\Rainbow Number\115FC\115FC.mp4
H:\Number\Number 1.0\B\Đã up\77BHC\77BHC.mp4
H:\Number\Number Slime 2.0\375KLB\375KLB.mp4
E:\HP Mini (Tractor 1)\Tuần mới\ĐÃ UP\738AGF\738AGF.mp4
H:\Number\Rainbow Number\325KB\325KB.mp4
H:\Number\Number B 2.0\316KLG\316KLG.mp4
H:\Number\Number 1.0\B\Đã up\301GLD\301GLD.mp4
H:\Number\Number 1.0\A\ĐÃ UP\319BKC\319BKC.mp4
E:\HP Mini (Tractor 1)\ĐÃ UP\V408GD\V408GD.mp4
H:\Number\Number 1.0\A\ĐÃ UP\163BHC\163BHC.mp4
I:\SEO 2\SEO - TRACTOR 2\ĐÃ UP\ĐÃ DÙNG - Kênh Tractor TV\ĐÃ DÙNG\V78\78.mp4
H:\Number\Rainbow Number\328KE\328KE - 362A.mp4
H:\Number\Rainbow Number\278HE\278HE - 274A Number A sua lai.mp4
H:\Number\Rainbow Number\241GD\241GD.mp4
H:\Number\Rainbow Number\368KE\368KE - 418A.mp4
H:\Number\Rainbow Number\267HB\267HB.mp4
H:\Number\Number 1.0\A\ĐÃ UP\368KCC\368KCC.mp4
H:\Number\Number 1.0\A\ĐÃ UP\113BFC\113BFC.mp4
I:\SEO 2\SEO - TRACTOR 2\ĐÃ UP\ĐÃ DÙNG - Kênh Tractor TV\ĐÃ DÙNG\V166\V166.mp4
E:\HP Mini (Tractor 1)\ĐÃ UP\V376\E376C.mp4
E:\HP Mini (Tractor 1)\Tuần mới\ĐÃ UP\575KC\575KC-1.mp4
H:\Number\Number A 2.0\442HCD\442HCD.mp4
H:\Number\Number 1.0\Number Slime\ĐÃ UP\193BGA\193BGA.mp4
I:\SEO 2\SEO - TRACTOR 1\ĐÃ UP\V32\32 chuẩn.mp4
H:\Number\Rainbow Number\222KC\222KC.mp4
H:\Number\Number 1.0\B\Đã up\191BHA\191BHA.mp4
H:\Number\Number 1.0\A\ĐÃ UP\80BC\80BC.mp4
E:\HP Mini (Tractor 1)\Tuần mới\ĐÃ UP\681HS\681HS.mp4
H:\Number\Number 1.0\A\ĐÃ UP\233BHC\233BHC.mp4
E:\HP Mini (Tractor 1)\Tuần mới\ĐÃ UP\564HC\564HC.mp4
E:\HP Mini (Tractor 1)\ĐÃ UP\C411\C411A mini1.mp4
H:\Number\Rainbow Number\256K\256K - 294 Number A.mp4
H:\Number\Number 1.0\Number Slime\ĐÃ UP\58FGA\58FGA.mp4
H:\Number\Number 1.0\A\ĐÃ UP\364HLC\364HLC.mp4
H:\Number\Number B 2.0\367HLD\367HLD.mp4
E:\HP Mini (Tractor 1)\Tuần mới\ĐÃ UP\546HA\546HA.mp4
H:\Number\Number 1.0\B\Đã up\131BC\131BC.mp4
E:\HP Mini (Tractor 1)\ĐÃ UP\V419\F419A mini1.mp4
H:\Number\Number 1.0\A\ĐÃ UP\323BHC\323BHC.mp4
E:\HP Mini (Tractor 1)\ĐÃ UP\V434\C434A mini1.mp4
E:\HP Mini (Tractor 1)\Tuần mới\ĐÃ UP\502GA\502GA.mp4
E:\HP Mini (Tractor 1)\Tuần mới\ĐÃ UP\755EKD\755EKD.mp4
H:\Number\Number 1.0\A\ĐÃ UP\353GLC\353GLC.mp4
E:\HP Mini (Tractor 1)\Tuần mới\ĐÃ UP\483HD\V483HD.mp4
H:\Number\Number 1.0\B\Đã up\193BHA\193BHA.mp4
E:\HP Mini (Tractor 1)\Tuần mới\ĐÃ UP\723EGA\723EGA Thuận.mp4
H:\Number\Number 1.0\B\Đã up\172BFC\172BFC.mp4
H:\Number\Number 1.0\B\Đã up\175BFD\V175BFD.mp4
E:\HP Mini (Tractor 1)\ĐÃ UP\V439\F439.mp4
H:\Number\Number 1.0\A\ĐÃ UP\143BGC\143BGC.mp4
H:\Number\Number 1.0\A\ĐÃ UP\138BHC\138BHC.mp4
H:\Number\Number 1.0\Number Slime\ĐÃ UP\142LD\V142LD nhạc nền huyền bí.mp4
H:\Number\Number 1.0\A\ĐÃ UP\389BGA\389BGA.mp4
H:\Number\Number 1.0\Number Slime\ĐÃ UP\285KLB\285KLB.mp4
I:\SEO 2\SEO - TRACTOR 1\ĐÃ UP\V286\C286D.mp4
H:\Number\Number A 2.0\477HLC\477HLC.mp4
H:\Number\Number 1.0\Number Slime\ĐÃ UP\198BHB\198BHB.mp4
H:\Number\Number 1.0\B\Đã up\260BKB\260BKB.mp4
H:\Number\Number 1.0\Number Slime\ĐÃ UP\49FGA\49FGA.mp4
H:\Number\Number 1.0\B\Đã up\310KCE\310KCE.mp4
H:\Number\Number 1.0\B\Đã up\298KLG\298KLG.mp4
H:\Number\Number 1.0\A\ĐÃ UP\393BKE\393BKE.mp4
H:\Number\Number A 2.0\431KLC\431KLC-Hiếu.mp4
H:\Number\Number Slime 2.0\321KCE\321KCE.mp4
H:\Number\Number A 2.0\460GBE\460GBE.mp4
H:\Number\Number 1.0\B\Đã up\80BHA\80BHA.mp4
H:\Number\Number 1.0\B\Đã up\132BD\V132BD.mp4
H:\Number\Number 1.0\A\ĐÃ UP\294BGB\294BGB.mp4
H:\Number\Number 1.0\A\ĐÃ UP\109BFC\109BFC.mp4
H:\Number\Number 1.0\B\Đã up\215BGC\215BGC.mp4
E:\HP Mini (Tractor 1)\Tuần mới\ĐÃ UP\595KA\595KA-1.mp4
H:\Number\Number 1.0\A\ĐÃ UP\250BHA\250BHA.mp4
H:\Number\Number 1.0\Number Slime\ĐÃ UP\119BLA\119BLA.mp4
H:\Number\Number A 2.0\389BGA\389BGA (2h).mp4
E:\HP Mini (Tractor 1)\Tuần mới\ĐÃ UP\654GD\654GD.mp4
H:\Number\Rainbow Number\263GA\263GA.mp4
E:\HP Mini (Tractor 1)\Tuần mới\ĐÃ UP\501GB\501GB.mp4
I:\SEO 2\SEO - TRACTOR 1\ĐÃ UP\V96\V96.mp4
H:\Number\Number A 2.0\450GCD\450GCD.mp4
E:\HP Mini (Tractor 1)\ĐÃ UP\D395A\D395A mini1_1.mp4
E:\HP Mini (Tractor 1)\ĐÃ UP\V418\F418C.mp4
H:\Number\Number 1.0\A\ĐÃ UP\255BGC\255BGC.mp4
E:\HP Mini (Tractor 1)\Tuần mới\ĐÃ UP\732AHF\732AHF.mp4
H:\Number\Number 1.0\B\Đã up\50BFB\50BFB.mp4
I:\SEO 2\SEO - TRACTOR 1\ĐÃ UP\V316\G316C thu âm.mp4
H:\Number\Number 1.0\Number Slime\ĐÃ UP\224BHA\224BHA.mp4
E:\HP Mini (Tractor 1)\ĐÃ UP\V324\G324D đã thu âm.mp4
E:\HP Mini (Tractor 1)\ĐÃ UP\V349\E349C.mp4
E:\HP Mini (Tractor 1)\Tuần mới\ĐÃ UP\586HC\586HC-1.mp4
H:\Number\Number 1.0\Number Slime\ĐÃ UP\297HCS\297HCS.mp4
E:\HP Mini (Tractor 1)\ĐÃ UP\V360\F360A mini1.mp4
I:\SEO 2\SEO - TRACTOR 1\ĐÃ UP\V201\V201.mp4
H:\Number\Number 1.0\A\ĐÃ UP\160BHC\160BHC.mp4
E:\HP Mini (Tractor 1)\Tuần mới\ĐÃ UP\625KC\625KC.mp4
H:\Number\Number 1.0\Number Slime\ĐÃ UP\209BGB\209BGB.mp4
I:\SEO 2\SEO - TRACTOR 1\ĐÃ UP\V155\155 mini1.mp4
E:\HP Mini (Tractor 1)\Tuần mới\ĐÃ UP\557FD\V557FD.mp4
E:\HP Mini (Tractor 1)\ĐÃ UP\461GA\461GA mini1.mp4
H:\Number\Number 1.0\A\ĐÃ UP\280BGC\280BGC.mp4
H:\Number\Number 1.0\Number Slime\ĐÃ UP\91FA\91FA-1.mp4
I:\SEO 2\SEO - TRACTOR 1\ĐÃ UP\V128\V128.mp4
H:\Number\Number 1.0\A\ĐÃ UP\257BHC\257BHC.mp4
H:\Number\Number 1.0\B\Đã up\237BKC\237BKC.mp4
H:\Number\Number 1.0\B\Đã up\189BGD\V189BGD.mp4
E:\HP Mini (Tractor 1)\Tuần mới\ĐÃ UP\695K\695K Sơn.mp4
H:\Number\Number Slime 2.0\352GLE\352GLE.mp4
H:\Number\Number 1.0\A\ĐÃ UP\147BGC\Satisfying ASMR  Making Rainbow Duck Bathtub by Mixing SLIME in Fishing Rainbow Eggs CLAY Coloring.mp4
E:\HP Mini (Tractor 1)\ĐÃ UP\V448\H448.mp4
H:\Number\Number 1.0\A\ĐÃ UP\331BGC\331BGC.mp4
H:\Number\Number 1.0\Number Slime\ĐÃ UP\302BGG\302BGG.mp4
H:\Number\Number 1.0\Number Slime\ĐÃ UP\98FA\98FA.mp4
E:\HP Mini (Tractor 1)\ĐÃ UP\C405\C405.mp4
H:\Number\Number 1.0\B\Đã up\176BFD\V176BFD.mp4
H:\Number\Rainbow Number\277GF\277GF.mp4
H:\Number\Number Slime 2.0\357GBE\357GBE.mp4
I:\SEO 2\SEO - TRACTOR 1\ĐÃ UP\V169\V169.mp4
H:\Number\Number 1.0\A\ĐÃ UP\297BGG\297BGG.mp4
H:\Number\Number 1.0\A\ĐÃ UP\377BGG\377BGG.mp4
I:\SEO 2\SEO - TRACTOR 1\ĐÃ UP\V2\diy tractor mini petrol pump & sugarcane truck science project  dangerous tractors rescue  HP Mini.MP4
H:\Number\Number 1.0\B\Đã up\171BFC\171BFC.mp4
H:\Number\Number 1.0\Number Slime\ĐÃ UP\188BGC\188BGC.mp4
H:\Number\Number 1.0\B\Đã up\20DA\20DA RN.mp4
E:\HP Mini (Tractor 1)\Tuần mới\ĐÃ UP\505HB\505HB.mp4
E:\HP Mini (Tractor 1)\Tuần mới\ĐÃ UP\741EKB\741EKB.mp4
H:\Number\Number 1.0\A\ĐÃ UP\103BFC\103BFC.mp4
H:\Number\Number 1.0\B\Đã up\271BGC\271BGC.mp4
H:\Number\Number Slime 2.0\338KCE\338KCE.mp4
H:\Number\Number A 2.0\433KLC\433KLC - Hiếu.mp4
E:\HP Mini (Tractor 1)\Tuần mới\ĐÃ UP\719EH\719EH.mp4
H:\Number\Number 1.0\A\ĐÃ UP\85BC\85BC.mp4
H:\Number\Number 1.0\B\Đã up\137BC\137BC.mp4
H:\Number\Number 1.0\B\Đã up\198BHA\198BHA.mp4
E:\HP Mini (Tractor 1)\Tuần mới\ĐÃ UP\707EKC\707EKC .mp4
E:\HP Mini (Tractor 1)\Tuần mới\ĐÃ UP\V476FD\V476FD-1.mp4
I:\SEO 2\SEO - TRACTOR 1\ĐÃ UP\V221\V221.mp4
H:\Number\Number 1.0\Number Slime\ĐÃ UP\105FLC\105FLC.mp4
H:\Number\Number 1.0\Number Slime\ĐÃ UP\187BGC\187BGC.mp4
H:\Number\Number Slime 2.0\354GBE\354GBE.mp4
E:\HP Mini (Tractor 1)\ĐÃ UP\V322\F322A mini.mp4
H:\Number\Rainbow Number\116FC\116FC.mp4
H:\Number\Number 1.0\A\ĐÃ UP\343BGB\343BGB.mp4
E:\HP Mini (Tractor 1)\Tuần mới\ĐÃ UP\704AKC\704AKC.mp4
H:\Number\Number 1.0\B\Đã up\35BFA\35BFA.mp4
H:\Number\Number 1.0\B\Đã up\16DA\16DA RN.mp4
H:\Number\Number 1.0\A\ĐÃ UP\308BHB\308BHB.mp4
H:\Number\Number 1.0\B\Đã up\32BA\32BA.mp4
H:\Number\Number A 2.0\426KLE\426KLE sua lai.mp4
H:\Number\Number A 2.0\472GLD\472GLD.mp4
H:\Number\Number 1.0\Number Slime\ĐÃ UP\289GLE\289GLE.mp4
H:\Number\Number 1.0\A\ĐÃ UP\132BHC\132BHC.mp4
H:\Number\Rainbow Number\229HA\229HA.mp4
H:\Number\Number 1.0\A\ĐÃ UP\247BC\247BC.mp4
E:\HP Mini (Tractor 1)\Tuần mới\ĐÃ UP\733EGD\733EGD thoại .mp4
H:\Number\Number B 2.0\348KCC\348KCC-Hiếu.mp4
H:\Number\Number 1.0\Number Slime\ĐÃ UP\175GLA\175GLA.mp4
H:\Number\Number 1.0\A\ĐÃ UP\376BGD\376BGD.mp4
H:\Number\Number 1.0\A\ĐÃ UP\245BHA\245BHA.mp4
I:\SEO 2\SEO - TRACTOR 1\ĐÃ UP\V77\V77.mp4
H:\Number\Number B 2.0\377HBF\377HBF.mp4
H:\Number\Number A 2.0\400KCS\400KCS.mp4
H:\Number\Number 1.0\B\Đã up\299GLD\299GLD.mp4
H:\Number\Number Slime 2.0\327GLE\327GLE.mp4
E:\HP Mini (Tractor 1)\Tuần mới\ĐÃ UP\V490HD\V490HD_1.mp4
I:\SEO 2\SEO - TRACTOR 2\ĐÃ UP\V15\15 chuẩn.mp4
E:\HP Mini (Tractor 1)\ĐÃ UP\V384D\D384D.mp4
H:\Number\Number 1.0\B\Đã up\36DA\36DA.mp4
E:\HP Mini (Tractor 1)\Tuần mới\ĐÃ UP\569GC\569GC.mp4
E:\HP Mini (Tractor 1)\ĐÃ UP\V362\V362.mp4
E:\HP Mini (Tractor 1)\ĐÃ UP\V345\F345C thu âm.mp4
H:\Number\Rainbow Number\357HE\357HE - 299A.mp4
E:\HP Mini (Tractor 1)\ĐÃ UP\V241\241.mp4
E:\HP Mini (Tractor 1)\Tuần mới\ĐÃ UP\734AGB\734AGB.mp4
H:\Number\Number 1.0\B\Đã up\158BGA\158BGA.mp4
H:\Number\Number 1.0\Number Slime\ĐÃ UP\78FGA\78FGAs.mp4
H:\Number\Number 1.0\B\Đã up\195BGA\195BGA.mp4
H:\Number\Number 1.0\A\ĐÃ UP\195BFC\195BFC.mp4
H:\Number\Number 1.0\A\ĐÃ UP\357GLA\357GLA.mp4
E:\HP Mini (Tractor 1)\ĐÃ UP\447FA\447FA.mp4
E:\HP Mini (Tractor 1)\Tuần mới\ĐÃ UP\554HD\V554HD_1.mp4
H:\Number\Number A 2.0\433KLC\433KLC - Hiếu (2H).mp4
E:\HP Mini (Tractor 1)\Tuần mới\ĐÃ UP\529HA\529HA.mp4
H:\Number\Number 1.0\Number Slime\ĐÃ UP\206BKA\206BKA.mp4
H:\Number\Number 1.0\Number Slime\ĐÃ UP\116FLD\V116FLD.mp4
E:\HP Mini (Tractor 1)\ĐÃ UP\454FA\454FA mini1-1.mp4
H:\Number\Rainbow Number\Đã up\103GC\103GC.mp4
E:\HP Mini (Tractor 1)\Tuần mới\ĐÃ UP\690GE\690GE sua lai.mp4
H:\Number\Number 1.0\Number Slime\ĐÃ UP\161GLA\161GLA.mp4
H:\Number\Number A 2.0\454GLD\454GLD.mp4
E:\HP Mini (Tractor 1)\Tuần mới\ĐÃ UP\724AKD\724AKD.mp4
H:\Number\Number 1.0\Number Slime\ĐÃ UP\24BFA\24BFA.mp4
E:\HP Mini (Tractor 1)\ĐÃ UP\V337\F337C thu âm-1.mp4
H:\Number\Number 1.0\B\Đã up\267BGF\267BGF.mp4
H:\Number\Number B 2.0\374HBF\374HBF.mp4
H:\Number\Number Slime 2.0\368GL\368GLC.mp4
E:\HP Mini (Tractor 1)\ĐÃ UP\V358C\G358C-1.mp4
H:\Number\Number 1.0\A\ĐÃ UP\204BGA\204BGA.mp4
H:\Number\Rainbow Number\Đã up\108FC\108FC.mp4
H:\Number\Number 1.0\A\ĐÃ UP\241BHA\241BHA.mp4
E:\HP Mini (Tractor 1)\Tuần mới\ĐÃ UP\709G\709G - Copy.mp4
H:\Number\Number 1.0\B\Đã up\76BHC\76BHC.mp4
E:\HP Mini (Tractor 1)\Tuần mới\ĐÃ UP\746AHD\746AHD.mp4
H:\Number\Number 1.0\A\ĐÃ UP\130BC\130BC.mp4
H:\Number\Number 1.0\B\Đã up\28BA\28BA numberC.mp4
H:\Number\Number B 2.0\330HB\330HBA - Thuận đã sửa.mp4
H:\Number\Number Slime 2.0\315HCE\315HCE sua lai.mp4
H:\Number\Number 1.0\A\ĐÃ UP\345HAD\345HAD.mp4
H:\Number\Rainbow Number\363HE\363HE - 397A.mp4
H:\Number\Number 1.0\Number Slime\ĐÃ UP\192BGA\192BGA.mp4
H:\Number\Number 1.0\B\Đã up\270BGF\270BGF.mp4
H:\Number\Number 1.0\A\ĐÃ UP\217BHC\217BHC.mp4
I:\SEO 2\SEO - TRACTOR 1\ĐÃ UP\V212\V212.mp4
H:\Number\Number 1.0\A\ĐÃ UP\100BFC\100BFC.mp4
E:\HP Mini (Tractor 1)\Tuần mới\ĐÃ UP\684HS\684HS.mp4
E:\HP Mini (Tractor 1)\Tuần mới\ĐÃ UP\676KB\676KB.mp4
H:\Number\Number Slime 2.0\365GBE\365GBE.mp4
H:\Number\Number 1.0\Number Slime\ĐÃ UP\185BGC\185BGC.mp4
H:\Number\Number 1.0\A\ĐÃ UP\90BC\90BC.mp4
H:\Number\Rainbow Number\165FC\165FC.mp4
H:\Number\Number A 2.0\473GLD\473GLD.mp4
E:\HP Mini (Tractor 1)\ĐÃ UP\V344\F344C thu âm-1.mp4
E:\HP Mini (Tractor 1)\Tuần mới\ĐÃ UP\727EKD\727EKD.mp4
I:\SEO 2\SEO - TRACTOR 1\ĐÃ UP\V182 PHỤ k2\V182 K2.mp4
E:\HP Mini (Tractor 1)\Tuần mới\ĐÃ UP\538HC\538HC.mp4
E:\HP Mini (Tractor 1)\ĐÃ UP\V431\C431A mini1.mp4
E:\HP Mini (Tractor 1)\ĐÃ UP\V329\C329C thu âm-1.mp4
E:\HP Mini (Tractor 1)\Tuần mới\ĐÃ UP\629GC\629GC.mp4
E:\HP Mini (Tractor 1)\ĐÃ UP\V336\E336A mini thu am.mp4
H:\Number\Number 1.0\A\ĐÃ UP\328BHD\328BHD.mp4
H:\Number\Number 1.0\A\ĐÃ UP\367KCB\367KCB.mp4
H:\Number\Number 1.0\A\ĐÃ UP\248BC\248BC.mp4
H:\Number\Number A 2.0\455GLD\455GLD.mp4
H:\Number\Number 1.0\Number Slime\ĐÃ UP\44FGA\44FGA.mp4
I:\SEO 2\SEO - TRACTOR 2\ĐÃ UP\V77\V77.mp4
H:\Number\Number B 2.0\328HCE\328HCE_1.mp4
H:\Number\Number 1.0\B\Đã up\178BFD\V178BFD.mp4
H:\Number\Number 1.0\B\Đã up\218BHA\218BHA.mp4
H:\Number\Number B 2.0\350KCD\350KCD.mp4
H:\Number\Rainbow Number\364KE\364KE - 421A.mp4
H:\Number\Rainbow Number\147GC\147GC.mp4
E:\HP Mini (Tractor 1)\Tuần mới\ĐÃ UP\544HA\V544HA.mp4
H:\Number\Rainbow Number\293GE\293GE - 340A sua lai 2.mp4
E:\HP Mini (Tractor 1)\Tuần mới\ĐÃ UP\727EKD\727EKD Thoai .mp4
E:\HP Mini (Tractor 1)\Tuần mới\ĐÃ UP\638KD\638KD.mp4
E:\HP Mini (Tractor 1)\Tuần mới\ĐÃ UP\696AHA\696AHA Hào.mp4
H:\Number\Number 1.0\A\ĐÃ UP\314BHB\314BHB.mp4
E:\HP Mini (Tractor 1)\ĐÃ UP\V318\C318C thu âm.mp4
E:\HP Mini (Tractor 1)\Tuần mới\ĐÃ UP\71GD\71D Mini Nấm.mp4
E:\HP Mini (Tractor 1)\Tuần mới\ĐÃ UP\556FD\V556FD_2-1.mp4
H:\Number\Number 1.0\B\Đã up\210BGD\210BGD.mp4
H:\Number\Rainbow Number\408GF\408GF - 451A.mp4
E:\HP Mini (Tractor 1)\Tuần mới\ĐÃ UP\581KC\581KC.mp4
E:\HP Mini (Tractor 1)\ĐÃ UP\V357C\G357C.mp4
H:\Number\Number Slime 2.0\324GBE\324GBE sua lai.mp4
H:\Number\Number 1.0\B\Đã up\103BGA\103BGA-1.mp4
E:\HP Mini (Tractor 1)\Tuần mới\ĐÃ UP\702AGE\702AGE sua lai.mp4
H:\Number\Number 1.0\Number Slime\ĐÃ UP\251KLC\251KLC.mp4
I:\SEO 2\SEO - TRACTOR 2\ĐÃ UP\V54\54.mp4
I:\SEO 2\SEO - TRACTOR 1\ĐÃ UP\V71\V71.mp4
H:\Number\Rainbow Number\173FC\173FC.mp4
E:\HP Mini (Tractor 1)\Tuần mới\ĐÃ UP\711EGE\711EGE sua lai.mp4
H:\Number\Number 1.0\Number Slime\ĐÃ UP\35FA\35FA.mp4
H:\Number\Number 1.0\A\ĐÃ UP\146BGC\146BGC.mp4
E:\HP Mini (Tractor 1)\ĐÃ UP\479DA\479DA mini1.mp4
H:\Number\Rainbow Number\366KE\366KE - 417A.mp4
I:\SEO 2\SEO - TRACTOR 2\ĐÃ UP\ĐÃ DÙNG - Kênh Tractor TV\ĐÃ DÙNG\B40A\v40.mp4
E:\HP Mini (Tractor 1)\Tuần mới\ĐÃ UP\562HD\V562HD-1.mp4
H:\Number\Number 1.0\A\ĐÃ UP\74BA\74BA numberA.mp4
E:\HP Mini (Tractor 1)\ĐÃ UP\V364\E364A mini1-1.mp4
E:\HP Mini (Tractor 1)\ĐÃ UP\V307\C307A mini thu am.mp4
E:\HP Mini (Tractor 1)\ĐÃ UP\V372GD\V372GD.mp4
E:\HP Mini (Tractor 1)\Tuần mới\ĐÃ UP\580GB\580GB.mp4
I:\SEO 2\SEO - TRACTOR 2\ĐÃ UP\ĐÃ DÙNG - Kênh Tractor TV\ĐÃ DÙNG\v206\V206A mini1 phu.mp4
H:\Number\Rainbow Number\371GE\371GE - 413A.mp4
E:\HP Mini (Tractor 1)\ĐÃ UP\V387\F387C.mp4
E:\HP Mini (Tractor 1)\Tuần mới\ĐÃ UP\587KA\587KA.mp4
E:\HP Mini (Tractor 1)\ĐÃ UP\V380\B380A mini1.mp4
I:\SEO 2\SEO - TRACTOR 2\ĐÃ UP\V110\V110 mini2.mp4
H:\Number\Number B 2.0\373GLF\373GLF.mp4
H:\Number\Rainbow Number\126FD\V126FD.mp4
H:\Number\Rainbow Number\379KB\379KB - 429A.mp4
H:\Number\Number 1.0\A\ĐÃ UP\183BGC\183BGC.mp4
E:\HP Mini (Tractor 1)\Tuần mới\ĐÃ UP\618GC\618GC.mp4
H:\Number\Number 1.0\A\ĐÃ UP\216BHC\216BHC.mp4
H:\Number\Rainbow Number\149GD\V149GD.mp4
H:\Number\Number 1.0\B\Đã up\109BGA\109BGA.mp4
E:\HP Mini (Tractor 1)\Tuần mới\ĐÃ UP\573KA\573KA.mp4
H:\Number\Rainbow Number\204HC\204HC.mp4
H:\Number\Number 1.0\A\ĐÃ UP\224FBA\224FBA.mp4
H:\Number\Number 1.0\B\Đã up\194BHA\194BHA.mp4
H:\Number\Number 1.0\A\ĐÃ UP\354HLC\354HLC.mp4
H:\Number\Rainbow Number\262GC\262GC.mp4
H:\Number\Rainbow Number\242GC\242GC.mp4
E:\HP Mini (Tractor 1)\Tuần mới\ĐÃ UP\519HC\519HC.mp4
H:\Number\Rainbow Number\261GC\261GC.mp4
H:\Number\Number B 2.0\340BGC\340GBC-Hiếu.mp4
I:\SEO 2\SEO - TRACTOR 2\ĐÃ UP\ĐÃ DÙNG - Kênh Tractor TV\ĐÃ DÙNG\V95\Diy tractor mini Bulldozer to making concrete road  Construction Vehicles, Road Roller #26.mp4
E:\HP Mini (Tractor 1)\Tuần mới\ĐÃ UP\720AHD\720AHD_ .mp4
E:\HP Mini (Tractor 1)\Tuần mới\ĐÃ UP\651HD\651HD.mp4
H:\Number\Number 1.0\Number Slime\ĐÃ UP\156LA\156LA.mp4
I:\SEO 2\SEO - TRACTOR 1\ĐÃ UP\V199\V199.mp4
E:\HP Mini (Tractor 1)\ĐÃ UP\V346\E346C.mp4
E:\HP Mini (Tractor 1)\ĐÃ UP\V361C\C361C.mp4
E:\HP Mini (Tractor 1)\ĐÃ UP\H449A\H449A mini1-1.mp4
H:\Number\Number 1.0\A\ĐÃ UP\292BGA\292BGA.mp4
H:\Number\Number 1.0\Number Slime\ĐÃ UP\257HLA\257HLA.mp4
H:\Number\Rainbow Number\285KG\285KG.mp4
H:\Number\Number 1.0\Number Slime\ĐÃ UP\256GLF\256GLF..mp4
H:\Number\Number 1.0\B\Đã up\66BHC\66BHC.mp4
H:\Number\Number 1.0\Number Slime\ĐÃ UP\237BKD\237BKD.mp4
E:\HP Mini (Tractor 1)\ĐÃ UP\V399\F399A mini1.mp4
H:\Number\Number 1.0\A\ĐÃ UP\154BHC\154BHC.mp4
H:\Number\Number A 2.0\421BHE\421BHE sua lai.mp4
E:\HP Mini (Tractor 1)\Tuần mới\ĐÃ UP\631HC\631HC.mp4
H:\Number\Rainbow Number\380KB\380KB - 427A.mp4
H:\Number\Number B 2.0\347KCC\347KCC-Hiếu.mp4
H:\Number\Number 1.0\Number Slime\ĐÃ UP\275HLD\275HLD.mp4
H:\Number\Number 1.0\A\ĐÃ UP\259BHC\259BHC.mp4
H:\Number\Number 1.0\B\Đã up\128FC\128FC.mp4
H:\Number\Number 1.0\Number Slime\ĐÃ UP\258HLA\258HLA.mp4
I:\SEO 2\SEO - TRACTOR 2\ĐÃ UP\ĐÃ DÙNG - Kênh Tractor TV\ĐÃ DÙNG\V237\V237.mp4
H:\Number\Number 1.0\A\ĐÃ UP\265BHA\265BHA.mp4
H:\Number\Number 1.0\B\Đã up\92BHA\92BHA.mp4
I:\SEO 2\SEO - TRACTOR 1\ĐÃ UP\V236\V236-.mp4
H:\Number\Number 1.0\A\ĐÃ UP\81BC\81BC.mp4
H:\Number\Number 1.0\Number Slime\ĐÃ UP\131LA\131LA.mp4
H:\Number\Number A 2.0\467GLE\467GLE.mp4
H:\Number\Rainbow Number\320KB\320KB.mp4
H:\Number\Number 1.0\A\ĐÃ UP\279BGC\279BGC.mp4
H:\Number\Number 1.0\B\Đã up\248BHA\248BHA.mp4
H:\Number\Rainbow Number\Đã up\107FC\107FC.mp4
E:\HP Mini (Tractor 1)\ĐÃ UP\V413C\C413C (HV Sỹ).mp4
E:\HP Mini (Tractor 1)\Tuần mới\ĐÃ UP\655KD\655KD.mp4
H:\Number\Rainbow Number\239GC\239GC.mp4
E:\HP Mini (Tractor 1)\Tuần mới\ĐÃ UP\598KD\598KD.mp4
H:\Number\Number B 2.0\337BGC\337 GBC.mp4
H:\Number\Number Slime 2.0\299GCS\299GCS.mp4
E:\HP Mini (Tractor 1)\Tuần mới\ĐÃ UP\718AKE\718AKE sua.mp4
H:\Number\Number 1.0\A\ĐÃ UP\145BGC\145BGC.mp4
E:\HP Mini (Tractor 1)\Tuần mới\ĐÃ UP\594GA\594GA.mp4
H:\Number\Number 1.0\Number Slime\ĐÃ UP\255GLA\255GLA.mp4
H:\Number\Number 1.0\Number Slime\ĐÃ UP\190BGC\190BGC.mp4
E:\HP Mini (Tractor 1)\Tuần mới\ĐÃ UP\619KA\619KA.mp4
H:\Number\Number 1.0\Number Slime\ĐÃ UP\246HAD\246BHD.mp4
H:\Number\Rainbow Number\384GB\384GB - 408A.mp4
H:\Number\Number Slime 2.0\318GCE\318GCE sua lai.mp4
I:\SEO 2\SEO - TRACTOR 1\ĐÃ UP\V148\V148.mp4
H:\Number\Number 1.0\A\ĐÃ UP\55BC\55BC.mp4
H:\Number\Number 1.0\Number Slime\ĐÃ UP\228BGC\228BGC.mp4
H:\Number\Number 1.0\A\ĐÃ UP\303BHA\303BHA.mp4
E:\HP Mini (Tractor 1)\Tuần mới\ĐÃ UP\656KB\656KB.mp4
H:\Number\Number 1.0\A\ĐÃ UP\356GLA\356GLA.mp4
H:\Number\Rainbow Number\381HB\381HB - 373A.mp4
H:\Number\Number 1.0\B\Đã up\226BGA\226BGA.mp4
H:\Number\Rainbow Number\311GB\311GB.mp4
H:\Number\Number 1.0\A\ĐÃ UP\221BHA\221BHA.mp4
H:\Number\Number 1.0\Number Slime\ĐÃ UP\10DA\10DA.mp4
H:\Number\Number 1.0\B\Đã up\139BGC\139BGC.mp4
I:\SEO 2\SEO - TRACTOR 1\ĐÃ UP\V43\V43.mp4
E:\HP Mini (Tractor 1)\ĐÃ UP\V420\C420A mini1.mp4
H:\Number\Number 1.0\A\ĐÃ UP\120BC\120BC.mp4
H:\Number\Rainbow Number\276GF\276GF.mp4
H:\Number\Rainbow Number\188FC\188FC.mp4
H:\Number\Number 1.0\A\ĐÃ UP\178BGD\V178BGD.mp4
E:\HP Mini (Tractor 1)\Tuần mới\ĐÃ UP\664KD\664KD.mp4
H:\Number\Number 1.0\B\Đã up\18DA\18DA RN.mp4
H:\Number\Rainbow Number\330GE\330GE - 378A.mp4
H:\Number\Number 1.0\B\Đã up\144BGC\144BHC.mp4
E:\HP Mini (Tractor 1)\Tuần mới\ĐÃ UP\596KB\596KB.mp4
H:\Number\Number 1.0\A\ĐÃ UP\200FB\200FB.mp4
E:\HP Mini (Tractor 1)\Tuần mới\ĐÃ UP\669KB\669KB.mp4
H:\Number\Number B 2.0\364KBE\364KBE.mp4
I:\SEO 2\SEO - TRACTOR 1\ĐÃ UP\V52\V52.mp4
E:\HP Mini (Tractor 1)\ĐÃ UP\V341\F341A mini thu am.mp4
E:\HP Mini (Tractor 1)\Tuần mới\ĐÃ UP\572HB\572HB-1.mp4
H:\Number\Rainbow Number\266HB\266HB.mp4
H:\Number\Number 1.0\A\ĐÃ UP\198BFC\198BFC.mp4
H:\Number\Number 1.0\A\ĐÃ UP\238BHA\238BHA.mp4
I:\SEO 2\SEO - TRACTOR 1\ĐÃ UP\V130\V130.mp4
E:\HP Mini (Tractor 1)\ĐÃ UP\V455\F455A.mp4
E:\HP Mini (Tractor 1)\Tuần mới\ĐÃ UP\670HD\670HD.mp4
I:\SEO 2\SEO - TRACTOR 1\ĐÃ UP\V299\C299C.mp4
H:\Number\Number 1.0\A\ĐÃ UP\202BGA\202BGA.mp4
H:\Number\Number Slime 2.0\328GLE\328GLE.mp4
H:\Number\Number 1.0\A\ĐÃ UP\361KLC\361KLC.mp4
H:\Number\Number 1.0\A\ĐÃ UP\335BGD\335BGD.mp4
H:\Number\Number B 2.0\378HBF\378HBF.mp4
H:\Number\Rainbow Number\Đã up\114FC\114FC.mp4
E:\HP Mini (Tractor 1)\Tuần mới\ĐÃ UP\597KA\597KA.mp4
H:\Number\Number A 2.0\453GLD\453GLD.mp4
H:\Number\Number 1.0\A\ĐÃ UP\334BGC\334BGC.mp4
I:\SEO 2\SEO - TRACTOR 2\ĐÃ UP\ĐÃ DÙNG - Kênh Tractor TV\ĐÃ DÙNG\V77\V77.mp4
I:\SEO 2\SEO - TRACTOR 2\ĐÃ UP\V76\V76.mp4
H:\Number\Number 1.0\A\ĐÃ UP\111BFC\111BFC.mp4
H:\Number\Number 1.0\Number Slime\ĐÃ UP\155LA\155LA.mp4
H:\Number\Number B 2.0\320HCE\320HCE.mp4
H:\Number\Number A 2.0\468GLE\468GLE.mp4
H:\Number\Number 1.0\B\Đã up\230BGC\230BGC.mp4
H:\Number\Number 1.0\Number Slime\ĐÃ UP\189BGC\189BGC.mp4
H:\Number\Number Slime 2.0\370KLB\370KLB.mp4
I:\SEO 2\SEO - TRACTOR 1\ĐÃ UP\V270C\F270C.mp4
H:\Number\Number 1.0\A\ĐÃ UP\270BGC\270BGC.mp4
H:\Number\Number 1.0\B\Đã up\142\142BGC.mp4
E:\HP Mini (Tractor 1)\Tuần mới\ĐÃ UP\585HB\585HB-1.mp4
H:\Number\Number 1.0\B\Đã up\83BHC\83BHC.mp4
E:\HP Mini (Tractor 1)\Tuần mới\ĐÃ UP\717EHA\717EHA Thuận.mp4
E:\HP Mini (Tractor 1)\Tuần mới\ĐÃ UP\653GD\653GD.mp4
E:\HP Mini (Tractor 1)\Tuần mới\ĐÃ UP\752AGF\752AGF.mp4
H:\Number\Number 1.0\B\Đã up\29BA\29BA number C.mp4
H:\Number\Rainbow Number\156FC\156FC.mp4
E:\HP Mini (Tractor 1)\ĐÃ UP\V366C\F366C.mp4
E:\HP Mini (Tractor 1)\ĐÃ UP\V394\D394A mini1.mp4
E:\HP Mini (Tractor 1)\Tuần mới\ĐÃ UP\613KC\613KC.mp4
H:\Number\Number 1.0\Number Slime\ĐÃ UP\80FC\80FC.mp4
H:\Number\Rainbow Number\315HC\315HC.mp4
E:\HP Mini (Tractor 1)\Tuần mới\ĐÃ UP\103DC\103DC.mp4
H:\Number\Number 1.0\B\Đã up\161BA\161BA.mp4
H:\Number\Number 1.0\Number Slime\ĐÃ UP\218BGD\218BGD.mp4
E:\HP Mini (Tractor 1)\Tuần mới\ĐÃ UP\559FA\559FA.mp4
H:\Number\Number 1.0\A\ĐÃ UP\105BFC\105BFC.mp4
E:\HP Mini (Tractor 1)\Tuần mới\ĐÃ UP\745EKF\745EKF.mp4
H:\Number\Number 1.0\A\ĐÃ UP\295BGB\295BGB.mp4
E:\HP Mini (Tractor 1)\Tuần mới\ĐÃ UP\481HD\481HD.mp4
H:\Number\Number 1.0\Number Slime\ĐÃ UP\76GA\76GA.mp4
H:\Number\Number A 2.0\395BHE\395BHE sua lai.mp4
H:\Number\Number 1.0\Number Slime\ĐÃ UP\79FGC\79FGC.mp4
H:\Number\Number 1.0\A\ĐÃ UP\128BC\128BC.mp4
H:\Number\Number A 2.0\478HLC\478HLC.mp4
H:\Number\Rainbow Number\227HD\227HD.mp4
E:\HP Mini (Tractor 1)\Tuần mới\ĐÃ UP\609HA\609HA.mp4
H:\Number\Rainbow Number\159FC\159FC.mp4
H:\Number\Number A 2.0\408GCE\408GCE.mp4
I:\SEO 2\SEO - TRACTOR 1\ĐÃ UP\V297\E297D  thu âm.mp4
H:\Number\Number 1.0\B\Đã up\186BGD\186BGD.mp4
E:\HP Mini (Tractor 1)\ĐÃ UP\V375\F375C.mp4
H:\Number\Number 1.0\B\Đã up\207BHD\207BHD.mp4
H:\Number\Rainbow Number\383GB\383GB - 394A.mp4
H:\Number\Number 1.0\Number Slime\ĐÃ UP\81FC\81FC.mp4
H:\Number\Number 1.0\A\ĐÃ UP\176BGC\176BGC.mp4
H:\Number\Number Slime 2.0\304BGS\304BGS.mp4
I:\SEO 2\SEO - TRACTOR 1\ĐÃ UP\V256\V256.mp4
H:\Number\Rainbow Number\250HB\250HB.mp4
E:\HP Mini (Tractor 1)\ĐÃ UP\V429\F429.mp4
H:\Number\Rainbow Number\367KE\367KE - 415A.mp4
H:\Number\Rainbow Number\370KE\370KE - 416A.mp4
E:\HP Mini (Tractor 1)\ĐÃ UP\C433A\C433A mini1.mp4
I:\SEO 2\SEO - TRACTOR 1\ĐÃ UP\V138\V138.mp4
H:\Number\Number 1.0\B\Đã up\199BHA\199BHA.mp4
E:\HP Mini (Tractor 1)\Tuần mới\ĐÃ UP\746AHD\746AHD Thoại .mp4
E:\HP Mini (Tractor 1)\ĐÃ UP\F427A\F427A mini1.mp4
H:\Number\Number 1.0\A\ĐÃ UP\315BHG\315BHG.mp4
E:\HP Mini (Tractor 1)\Tuần mới\ĐÃ UP\549FD\V549FD.mp4
H:\Number\Rainbow Number\335HE\335HE - 364A.mp4
I:\SEO 2\SEO - TRACTOR 2\ĐÃ UP\V31\31 chuẩn.mp4
E:\HP Mini (Tractor 1)\Tuần mới\ĐÃ UP\622HC\622HC.mp4
H:\Number\Number Slime 2.0\337KCE\337KCE.mp4
H:\Number\Number 1.0\B\Đã up\138BC\138BC.mp4
H:\Number\Number 1.0\B\Đã up\229BGA\229BGA.mp4
H:\Number\Number 1.0\Number Slime\ĐÃ UP\204BKC\204BKC.mp4
H:\Number\Rainbow Number\301KE\301KE - 369A.mp4
H:\Number\Number 1.0\A\ĐÃ UP\122BC\122BC.mp4
I:\SEO 2\SEO - TRACTOR 2\ĐÃ UP\V148\B148A mini2.mp4
H:\Number\Number Slime 2.0\341HCE\341HCE.mp4
H:\Number\Number 1.0\Number Slime\ĐÃ UP\296HCG\296HCG.mp4
E:\HP Mini (Tractor 1)\ĐÃ UP\V459\459GA.mp4
H:\Number\Number 1.0\A\ĐÃ UP\296BGB\296BGB.mp4
H:\Number\Number B 2.0\355HCA\355HCA Hào.mp4
E:\HP Mini (Tractor 1)\Tuần mới\ĐÃ UP\608HD\608HD.mp4
H:\Number\Number 1.0\B\Đã up\251BHC\251BHC.mp4
H:\Number\Rainbow Number\310GB\310GB.mp4
E:\HP Mini (Tractor 1)\ĐÃ UP\V359\F359A mini1.mp4
H:\Number\Number 1.0\Number Slime\ĐÃ UP\29FA\29FA.mp4
H:\Number\Number 1.0\B\Đã up\213BHB\213BHB.mp4
E:\HP Mini (Tractor 1)\Tuần mới\ĐÃ UP\498HB\498HB_1.mp4
H:\Number\Number 1.0\B\Đã up\208BHD\208BHD.mp4_Number_Ghep.mp4
H:\Number\Number 1.0\A\ĐÃ UP\142BGC\142BGC.mp4
H:\Number\Number 1.0\A\ĐÃ UP\65BC\65BC.mp4
H:\Number\Number B 2.0\380KBD\380KBD.mp4
E:\HP Mini (Tractor 1)\Tuần mới\ĐÃ UP\635KD\635KD.mp4
H:\Number\Number A 2.0\463KBE\463KBE.mp4
I:\SEO 2\SEO - TRACTOR 2\ĐÃ UP\Kids\V23 (kids)\V23.mp4
H:\Number\Number 1.0\B\Đã up\63BHA\63BHA.mp4
E:\HP Mini (Tractor 1)\Tuần mới\ĐÃ UP\692H\692H Sơn.mp4
H:\Number\Number B 2.0\339BGC\339GBC.mp4
H:\Number\Number 1.0\A\ĐÃ UP\287BGA\287BGA.mp4
E:\HP Mini (Tractor 1)\ĐÃ UP\393GA\393GA mini1-1.mp4
E:\HP Mini (Tractor 1)\Tuần mới\ĐÃ UP\487HD\V487HD.mp4
E:\HP Mini (Tractor 1)\Tuần mới\ĐÃ UP\507HD\V507HD.mp4
E:\HP Mini (Tractor 1)\ĐÃ UP\F388C\F388C.mp4
E:\HP Mini (Tractor 1)\Tuần mới\ĐÃ UP\603KD\V603KD.mp4
H:\Number\Number 1.0\B\Đã up\86BHC\86BHC.mp4
H:\Number\Number 1.0\Number Slime\ĐÃ UP\107FLC\107HLC.mp4
E:\HP Mini (Tractor 1)\Tuần mới\ĐÃ UP\484HD\484HD_11.mp4
I:\SEO 2\SEO - TRACTOR 1\ĐÃ UP\V56\V56.mp4
I:\SEO 2\SEO - TRACTOR 1\ĐÃ UP\V259\259.mp4
E:\HP Mini (Tractor 1)\ĐÃ UP\C435A\C435A mini1.mp4
H:\Number\Number 1.0\B\Đã up\60BHA\60BHA.mp4
E:\HP Mini (Tractor 1)\Tuần mới\ĐÃ UP\663KD\663KD.mp4
E:\HP Mini (Tractor 1)\ĐÃ UP\460GA\460GA mini1.mp4
H:\Number\Rainbow Number\303KE\303KE - 356A.mp4
H:\Number\Number A 2.0\424HC\424HCE.mp4
H:\Number\Number 1.0\A\ĐÃ UP\210BGA\210BGA.mp4
H:\Number\Number 1.0\Number Slime\ĐÃ UP\52FGA\52FGA.mp4
E:\HP Mini (Tractor 1)\ĐÃ UP\V350\G350D.mp4
H:\Number\Number A 2.0\403KCE\403KCE.mp4
H:\Number\Number 1.0\A\ĐÃ UP\383KCD\383KCD.mp4
H:\Number\Number 1.0\B\Đã up\216BGC\216BGC.mp4
E:\HP Mini (Tractor 1)\Tuần mới\ĐÃ UP\545HD\V545HD.mp4
H:\Number\Number 1.0\A\ĐÃ UP\324BHC\324BHC.mp4
H:\Number\Number 1.0\B\Đã up\268BGF\268BGF.mp4
H:\Number\Number 1.0\A\ĐÃ UP\299BHC\299BHC_1.mp4
H:\Number\Number A 2.0\439HCC\439HCC-Hiếu.mp4
E:\HP Mini (Tractor 1)\ĐÃ UP\V385\D385A mini1.mp4
H:\Number\Rainbow Number\218KC\218KC.mp4
H:\Number\Number 1.0\Number Slime\ĐÃ UP\159GLB\159GLB.mp4
H:\Number\Number 1.0\Number Slime\ĐÃ UP\269GLD\269GLD.mp4
H:\Number\Number 1.0\Number Slime\ĐÃ UP\51FGA\51FGA.mp4
H:\Number\Number 1.0\A\ĐÃ UP\121BC\121BC.mp4
I:\SEO 2\SEO - TRACTOR 1\ĐÃ UP\V86\V86.mp4
H:\Number\Number 1.0\Number Slime\ĐÃ UP\221BGC\221BGC.mp4
H:\Number\Number A 2.0\461GLE\461GLE.mp4
H:\Number\Number 1.0\Number Slime\ĐÃ UP\235BKD\235BKD.mp4
E:\HP Mini (Tractor 1)\Tuần mới\ĐÃ UP\675GG\675GG.mp4
E:\HP Mini (Tractor 1)\Tuần mới\ĐÃ UP\632HC\632HC.mp4
E:\HP Mini (Tractor 1)\ĐÃ UP\V415\C415 mini1.mp4
H:\Number\Number 1.0\Number Slime\ĐÃ UP\179BHA\179BHA.mp4
H:\Number\Number A 2.0\452GLD\452GLD.mp4
E:\HP Mini (Tractor 1)\Tuần mới\ĐÃ UP\721EKE\721EKE sua lai.mp4
E:\HP Mini (Tractor 1)\ĐÃ UP\V451\H451.mp4
H:\Number\Number 1.0\B\Đã up\163BC\163BC.mp4
H:\Number\Number 1.0\Number Slime\ĐÃ UP\211BGB\211BGB.mp4
H:\Number\Rainbow Number\347HC\347HC-Hiếu.mp4
H:\Number\Number 1.0\A\ĐÃ UP\209BGA\209BGA.mp4
E:\HP Mini (Tractor 1)\Tuần mới\ĐÃ UP\V495HD\V495HD.mp4
H:\Number\Number Slime 2.0\320KCE\320KCE.mp4
E:\HP Mini (Tractor 1)\Tuần mới\ĐÃ UP\605KC\605KC.mp4
E:\HP Mini (Tractor 1)\Tuần mới\ĐÃ UP\571HB\571HB.mp4
H:\Number\Rainbow Number\312GB\312GB.mp4
H:\Number\Number 1.0\Number Slime\ĐÃ UP\95FC\95FC.mp4
H:\Number\Number 1.0\A\ĐÃ UP\332BGC\332BGC.mp4
I:\SEO 2\SEO - TRACTOR 1\ĐÃ UP\V30\V30.mp4
E:\HP Mini (Tractor 1)\ĐÃ UP\438FA\438FA mini1.mp4
H:\Number\Rainbow Number\343GE\343GE - 389A.mp4
E:\HP Mini (Tractor 1)\Tuần mới\ĐÃ UP\506HD\V506HD.mp4
H:\Number\Number 1.0\A\ĐÃ UP\378BGG\378BGG.mp4
H:\Number\Rainbow Number\148GD\148GD.mp4
H:\Number\Number 1.0\B\Đã up\55BFB\55BFB.mp4
H:\Number\Number A 2.0\435HCC\435HCC-Hiếu.mp4
H:\Number\Number 1.0\B\Đã up\306GLG\306GLG.mp4
H:\Number\Number B 2.0\352KCF\352KCF.mp4
H:\Number\Rainbow Number\332GE\332GE - 376A.mp4
H:\Number\Number 1.0\A\ĐÃ UP\92BC\92BC.mp4
E:\HP Mini (Tractor 1)\Tuần mới\ĐÃ UP\541GA\541GA.mp4
E:\HP Mini (Tractor 1)\Tuần mới\ĐÃ UP\703EH\703EH.mp4
H:\Number\Rainbow Number\119FD\V119FD_1.mp4
E:\HP Mini (Tractor 1)\Tuần mới\ĐÃ UP\708AKA\708AKA Hào.mp4
H:\Number\Rainbow Number\356HE\356HE - 366A.mp4
I:\SEO 2\SEO - TRACTOR 1\ĐÃ UP\V250\V250.mp4
E:\HP Mini (Tractor 1)\Tuần mới\ĐÃ UP\612HD\612HD.mp4
H:\Number\Number 1.0\Number Slime\ĐÃ UP\99FLC\99FLC.mp4
H:\Number\Rainbow Number\323KB\323KB.mp4
E:\HP Mini (Tractor 1)\Tuần mới\ĐÃ UP\526HD\V526HD.mp4
H:\Number\Rainbow Number\322KB\322KB.mp4
H:\Number\Number 1.0\Number Slime\ĐÃ UP\134LA\134LA.mp4
E:\HP Mini (Tractor 1)\Tuần mới\ĐÃ UP\674GD\674GD.mp4
H:\Number\Number 1.0\A\ĐÃ UP\362KLC\362KLC.mp4
E:\HP Mini (Tractor 1)\ĐÃ UP\V404\C404C (HV).mp4
E:\HP Mini (Tractor 1)\Tuần mới\ĐÃ UP\744AHF\744AHF.mp4
I:\SEO 2\SEO - TRACTOR 1\ĐÃ UP\V181\V181.mp4
H:\Number\Number 1.0\Number Slime\ĐÃ UP\196BHB\196BHB.mp4
E:\HP Mini (Tractor 1)\Tuần mới\ĐÃ UP\604KA\604KA.mp4
H:\Number\Rainbow Number\394GF\394GF - 339A.mp4
H:\Number\Number 1.0\Number Slime\ĐÃ UP\37FGA\37FGA.mp4
H:\Number\Rainbow Number\319HB\319HB.mp4
H:\Number\Number 1.0\A\ĐÃ UP\226BFC\226BFC.mp4
H:\Number\Number A 2.0\397HCE\397HCE.mp4
E:\HP Mini (Tractor 1)\Tuần mới\ĐÃ UP\530DD\V530DD.mp4
H:\Number\Number 1.0\B\Đã up\220BHA\220BHA.mp4
H:\Number\Number A 2.0\469GLE\469GLE.mp4
I:\SEO 2\SEO - TRACTOR 1\ĐÃ UP\kids\V58\V58.mp4
H:\Number\Number 1.0\B\Đã up\123FA\123FA.mp4
E:\HP Mini (Tractor 1)\ĐÃ UP\V346\E346C thu âm.mp4
H:\Number\Number 1.0\Number Slime\ĐÃ UP\01DC RM\Rainbow Eggs CLAY Digging Pinkfong in Pine Tree with Mixing SLIME Coloring! Satisfying ASMR Videos.mp4
E:\HP Mini (Tractor 1)\ĐÃ UP\468HA\468HA mini1.mp4
H:\Number\Number 1.0\Number Slime\ĐÃ UP\D\DA UP\4\Making Rainbow Fish Bathtub by Mix SLIME in Cocomelon IceCream CLAY Coloring! Satisfying ASMR Videos.mp4
H:\Number\Rainbow Number\345KC\345KC-Hiếu.mp4
H:\Number\Number 1.0\A\ĐÃ UP\164BHC\164BHC.mp4
H:\Number\Number B 2.0\333HBE\333HBE.mp4
I:\SEO 2\SEO - TRACTOR 2\ĐÃ UP\V90\V90 mini2.mp4
H:\Number\Number 1.0\B\Đã up\303HLG\303HLG.mp4
H:\Number\Number Slime 2.0\326KBE\326GBE.mp4
H:\Number\Number 1.0\B\Đã up\254BKD\254BKD.mp4
H:\Number\Number A 2.0\471GLD\471GLD.mp4
I:\SEO 2\SEO - TRACTOR 1\ĐÃ UP\V31\V31.mp4
H:\Number\Number B 2.0\336GB\336GBA Hào.mp4
I:\SEO 2\SEO - TRACTOR 2\ĐÃ UP\V13\13 xong.mp4
E:\HP Mini (Tractor 1)\Tuần mới\ĐÃ UP\630GB\630GB.mp4
H:\Number\Rainbow Number\308HE\308HE - 323A sua lai.mp4
H:\Number\Rainbow Number\361HE\361HE - 395A.mp4
E:\HP Mini (Tractor 1)\ĐÃ UP\472HA\472HA mini1.mp4
I:\SEO 2\SEO - TRACTOR 2\ĐÃ UP\ĐÃ DÙNG - Kênh Tractor TV\ĐÃ DÙNG\V180\180 mini 1.mp4
H:\Number\Rainbow Number\326KE\326KE - 381A.mp4
H:\Number\Number 1.0\B\Đã up\82BHA\82BHA.mp4
E:\HP Mini (Tractor 1)\Tuần mới\ĐÃ UP\590HA\590HA.mp4
H:\Number\Number 1.0\Number Slime\ĐÃ UP\50FGA\50FGA.mp4
H:\Number\Number A 2.0\422BHE\422BHE.mp4
H:\Number\Number 1.0\Number Slime\ĐÃ UP\3DA\Mixing Rainbow Bird Bathtub by Mixing SLIME with Finding Snail CLAY Coloring! Satisfying ASMR Videos.mp4
H:\Number\Number A 2.0\425KLE\425KLE.mp4
I:\SEO 2\SEO - TRACTOR 1\ĐÃ UP\V315\G315C thu âm.mp4
I:\SEO 2\SEO - TRACTOR 2\ĐÃ UP\V124\B124A mini2.mp4
H:\Number\Number 1.0\A\ĐÃ UP\212BGC\212BGC.mp4
I:\SEO 2\SEO - TRACTOR 1\ĐÃ UP\V194\V194.mp4
E:\HP Mini (Tractor 1)\Tuần mới\ĐÃ UP\576HB\576HB_mp4.mp4
I:\SEO 2\SEO - TRACTOR 2\ĐÃ UP\ĐÃ DÙNG - Kênh Tractor TV\ĐÃ DÙNG\B35A\v35.mp4
I:\SEO 2\SEO - TRACTOR 2\ĐÃ UP\ĐÃ DÙNG - Kênh Tractor TV\ĐÃ DÙNG\V179\V179.mp4
E:\HP Mini (Tractor 1)\ĐÃ UP\477FD\477FD_1.mp4
H:\Number\Number Slime 2.0\308HCG\308HCG.mp4
H:\Number\Number 1.0\A\ĐÃ UP\148BGC\148BGC.mp4
E:\HP Mini (Tractor 1)\ĐÃ UP\V452\452HA.mp4
H:\Number\Number Slime 2.0\367GLB\367GLB.mp4
H:\Number\Number 1.0\B\Đã up\164BA\164BA.mp4
H:\Number\Number 1.0\A\ĐÃ UP\278BGC\278BGC.mp4
H:\Number\Rainbow Number\Đã up\98GC\98GC.mp4
E:\HP Mini (Tractor 1)\Tuần mới\ĐÃ UP\668KB\668KB.mp4

