\\hai2\Video gốc\Thomas\k2\152 - E346.H - play.mp4
\\hai2\Video gốc\Thomas\k2\248 - V563.mp4
\\hai2\Video gốc\Thomas\k3\26 - v294.mp4
\\hai2\Video gốc\Thomas\k2\119 - E276.mp4
\\hai2\Video gốc\Thomas\k3\92 - v540.mp4
\\hai2\Video gốc\Thomas\k3\74 - V481.mp4
\\hai2\Video gốc\Thomas\k4\102 - 6CF.mp4
\\hai2\Video gốc\Thomas\k4\61- V436.mp4
\\hai2\Video gốc\Thomas\k2\239 - v536.mp4
\\hai2\Video gốc\Thomas\k4\82 - v522.mp4
\\hai2\Video gốc\Thomas\k2\101 - E234.mp4
\\hai2\Video gốc\Thomas\k4\90 - v534.mp4
\\hai2\Video gốc\Thomas\k2\156 - E356.H - play (sửa).mp4
\\hai2\Video gốc\Thomas\k2\122 - E282.mp4
\\hai2\Video gốc\Thomas\k2\139 - E321.H - play.mp4
\\hai2\Video gốc\Thomas\k2\86 - E199.mp4
\\hai2\Video gốc\Thomas\k4\71 - V470.mp4
\\hai2\Video gốc\Thomas\k2\241 - v538.mp4
\\hai2\Video gốc\Thomas\k4\95 - v548.mp4
\\hai2\Video gốc\Thomas\k3\9 - v214 sua lai.mp4
\\hai2\Video gốc\Thomas\k4\99 - V559.mp4
\\hai2\Video gốc\Thomas\k4\76 - V496.mp4
\\hai2\Video gốc\Thomas\k4\4 - E202.mp4
\\hai2\Video gốc\Thomas\k2\134 - v308.mp4
\\hai2\Video gốc\Thomas\k2\125 - E285.mp4
\\hai2\Video gốc\Thomas\k4\77 - V497.mp4
\\hai2\Video gốc\Thomas\k2\105 - E254.mp4
\\hai2\Video gốc\Thomas\k2\210 - V460.mp4
\\hai2\Video gốc\Thomas\k3\18 - E265.mp4
\\hai2\Video gốc\Thomas\k2\83 - E196.mp4
\\hai2\Video gốc\Thomas\k2\247 - V562.mp4
\\hai2\Video gốc\Thomas\k3\25 - v293.mp4
\\hai2\Video gốc\Thomas\k3\24 - v271.mp4
\\hai2\Video gốc\Thomas\k2\124 - E284_new.mp4
\\hai2\Video gốc\Thomas\k3\49 - E379.mp4
\\hai2\Video gốc\Thomas\k3\54 - E407.H.mp4
\\hai2\Video gốc\Thomas\k2\128 - E288.mp4
\\hai2\Video gốc\Thomas\k2\138 - E316_new1.mp4
\\hai2\Video gốc\Thomas\k2\95 - E218.mp4
\\hai2\Video gốc\Thomas\k2\172 - E386.H - PLAY.mp4
\\hai2\Video gốc\Thomas\k2\194 - V430.mp4
\\hai2\Video gốc\Thomas\k3\91 - v539.mp4
\\hai2\Video gốc\Thomas\k4\66 - V453.H.mp4
\\hai2\Video gốc\Thomas\k4\74 - V485.mp4
\\hai2\Video gốc\Thomas\k2\142 - E324.mp4
\\hai2\Video gốc\Thomas\k2\176 - E390.H - play.mp4
\\hai2\Video gốc\Thomas\k2\159 - E359.H - play.mp4
\\hai2\Video gốc\Thomas\k4\49 - E382.mp4
\\hai2\Video gốc\Thomas\k4\24 - E281.mp4
\\hai2\Video gốc\Thomas\k3\93 - V541.mp4
\\hai2\Video gốc\Thomas\k2\104 - v246.mp4
\\hai2\Video gốc\Thomas\k2\231 - V494.mp4
\\hai2\Video gốc\Thomas\k2\178 - E392.H - play.mp4
\\hai2\Video gốc\Thomas\k3\84 - V519.mp4
\\hai2\Video gốc\Thomas\k3\68 - V463.mp4
\\hai2\Video gốc\Thomas\k4\55 - V411.mp4
\\hai2\Video gốc\Thomas\k2\108 - E257.mp4
\\hai2\Video gốc\Thomas\k4\67 - V454.H.mp4
\\hai2\Video gốc\Thomas\k2\154 - E354.H - play_1.mp4
\\hai2\Video gốc\Thomas\k4\96 - v555.mp4
\\hai2\Video gốc\Thomas\k2\220 - V478.mp4
\\hai2\Video gốc\Thomas\k4\64 - V451.H.mp4
\\hai2\Video gốc\Thomas\k3\44 - E361.mp4
\\hai2\Video gốc\Thomas\k2\140 - E322.H - play.mp4
\\hai2\Video gốc\Thomas\k4\83 - v523.mp4
\\hai2\Video gốc\Thomas\k4\72 - V483.mp4
\\hai2\Video gốc\Thomas\k2\163 - E367H - play.mp4
\\hai2\Video gốc\Thomas\k2\166 - E374.H - play.mp4
\\hai2\Video gốc\Thomas\k4\91 - V544.mp4
\\hai2\Video gốc\Thomas\k4\84 - v524.mp4
\\hai2\Video gốc\Thomas\k2\237 - V516.mp4
\\hai2\Video gốc\Thomas\k4\18 - E266.mp4
\\hai2\Video gốc\Thomas\k4\98 - V557.mp4
\\hai2\Video gốc\Thomas\k2\185 - E405.H.mp4
\\hai2\Video gốc\Thomas\k4\51 - E399.mp4
\\hai2\Video gốc\Thomas\k4\101 - 5CF.mp4
\\hai2\Video gốc\Thomas\k2\177 - E391.H - play.mp4
\\hai2\Video gốc\Thomas\k4\39 - E339.mp4
\\hai2\Video gốc\Thomas\k3\85 - v521.mp4
\\hai2\Video gốc\Thomas\k2\195 - V431.mp4
\\hai2\Video gốc\Thomas\k2\123 - E283.mp4
\\hai2\Video gốc\Thomas\k4\14 - v248.mp4
\\hai2\Video gốc\Thomas\k2\236 - V515.mp4
\\hai2\Video gốc\Thomas\k3\95 - V543.mp4
\\hai2\Video gốc\Thomas\k3\34 - E318.mp4
\\hai2\Video gốc\Thomas\k2\141 - E323.mp4
\\hai2\Video gốc\Thomas\k4\20 - v270.mp4
\\hai2\Video gốc\Thomas\k4\15 - v249.mp4
\\hai2\Video gốc\Thomas\k3\96 - V552.H.mp4
\\hai2\Video gốc\Thomas\k3\72 - V479.mp4
\\hai2\Video gốc\Thomas\k2\222 - V488.mp4
\\hai2\Video gốc\Thomas\k3\78 - V507.mp4
\\hai2\Video gốc\Thomas\k4\97 - V556.mp4
\\hai2\Video gốc\Thomas\k2\189 - V419.H.mp4
\\hai2\Video gốc\Thomas\k3\1- E178.mp4
\\hai2\Video gốc\Thomas\k2\245 - V560.mp4
\\hai2\Video gốc\Thomas\k2\174 - E388.H (sua).mp4
\\hai2\Video gốc\Thomas\k3\43 - E360.mp4
\\hai2\Video gốc\Thomas\k4\28 - E303.mp4
\\hai2\Video gốc\Thomas\k2\179 - E393.H - play.mp4
\\hai2\Video gốc\Thomas\k3\38 - E329.mp4
\\hai2\Video gốc\Thomas\k3\77 - V493.mp4
\\hai2\Video gốc\Thomas\k4\92 - V545.mp4
\\hai2\Video gốc\Thomas\k2\203 - V445.mp4
\\hai2\Video gốc\Thomas\k2\165 - E369.H - play.mp4
\\hai2\Video gốc\Thomas\k3\73 - V480.mp4
\\hai2\Video gốc\Thomas\k2\235 - V506.mp4
\\hai2\Video gốc\Thomas\k4\23 - E279.mp4
\\hai2\Video gốc\Thomas\k2\223 - V489.mp4
\\hai2\Video gốc\Thomas\k2\211 - V461.mp4
\\hai2\Video gốc\Thomas\k4\93 - V546.mp4
\\hai2\Video gốc\Thomas\k4\54 - V410.mp4
\\hai2\Video gốc\Thomas\k2\103 - v245.mp4
\\hai2\Video gốc\Thomas\k2\150 - E343.H - play.mp4
\\hai2\Video gốc\Thomas\k2\88 - E205.mp4
\\hai2\Video gốc\Thomas\k4\94 - V547.mp4
\\hai2\Video gốc\Thomas\k4\62 - V437.mp4
\\hai2\Video gốc\Thomas\k2\202 - V444.mp4
\\hai2\Video gốc\Thomas\k2\205 - V455.mp4
\\hai2\Video gốc\Thomas\k2\161 - E365.H - play.mp4
\\hai2\Video gốc\Thomas\k3\64 - V447.H.mp4
\\hai2\Video gốc\Thomas\k2\214 - V472.mp4
\\hai2\Video gốc\Thomas\k4\80 - V513.mp4
\\hai2\Video gốc\Thomas\k4\30 - v305.mp4
\\hai2\Video gốc\Thomas\k4\12 - v235.mp4
\\hai2\Video gốc\Thomas\k2\137 - E315_new1.mp4
\\hai2\Video gốc\Thomas\k4\75 - V486.mp4
\\hai2\Video gốc\Thomas\k3\94 - V542.mp4
\\hai2\Video gốc\Thomas\k3\58 - V423.mp4
\\hai2\Video gốc\Thomas\k4\59 - V427.mp4
\\hai2\Video gốc\Thomas\k2\94 - E217.mp4
\\hai2\Video gốc\Thomas\k2\207 - V457.mp4
\\hai2\Video gốc\Thomas\k4\45 - E372.mp4
\\hai2\Video gốc\Thomas\k2\238 - v535.mp4
\\hai2\Video gốc\Thomas\k4\26 - E297.mp4
\\hai2\Video gốc\Thomas\k4\5 - E203.mp4
